#
# There is insufficient memory for the Java Runtime Environment to continue.
# Native memory allocation (malloc) failed to allocate 32744 bytes for ChunkPool::allocate
# Possible reasons:
#   The system is out of physical RAM or swap space
#   The process is running with CompressedOops enabled, and the Java Heap may be blocking the growth of the native heap
# Possible solutions:
#   Reduce memory load on the system
#   Increase physical memory or swap space
#   Check if swap backing store is full
#   Decrease Java heap size (-Xmx/-Xms)
#   Decrease number of Java threads
#   Decrease Java thread stack sizes (-Xss)
#   Set larger code cache with -XX:ReservedCodeCacheSize=
#   JVM is running with Unscaled Compressed Oops mode in which the Java heap is
#     placed in the first 4GB address space. The Java Heap base address is the
#     maximum limit for the native heap growth. Please use -XX:HeapBaseMinAddress
#     to set the Java Heap base and to place the Java Heap above 4GB virtual address.
# This output file may be truncated or incomplete.
#
#  Out of Memory Error (./src/hotspot/share/memory/arena.cpp:81), pid=11240, tid=3936
#
# JRE version: OpenJDK Runtime Environment (11.0.12+7) (build 11.0.12+7-b1504.28-7817840)
# Java VM: OpenJDK 64-Bit Server VM (11.0.12+7-b1504.28-7817840, mixed mode, tiered, compressed oops, g1 gc, windows-amd64)
# No core dump will be written. Minidumps are not enabled by default on client versions of Windows
#

---------------  S U M M A R Y ------------

Command Line: org.jetbrains.kotlin.cli.jvm.K2JVMCompiler @C:\Users\1661322\AndroidStudioProjects\YouTubeDownloader\app\build\20240105_7147287803265467612.compiler.options

Host: AMD Ryzen 5 3500U with Radeon Vega Mobile Gfx  , 8 cores, 6G,  Windows 10 , 64 bit Build 19041 (10.0.19041.3636)
Time: Fri Jan  5 03:29:45 2024 RTZ 2 (зима) elapsed time: 15.609966 seconds (0d 0h 0m 15s)

---------------  T H R E A D  ---------------

Current thread (0x000002188fb4b800):  JavaThread "C2 CompilerThread1" daemon [_thread_in_native, id=3936, stack(0x000000404db00000,0x000000404dc00000)]


Current CompileTask:
C2:  15610 13915       4       org.jetbrains.kotlin.ir.declarations.impl.AbstractIrFactoryImpl::createValueParameter (63 bytes)

Stack: [0x000000404db00000,0x000000404dc00000]
Native frames: (J=compiled Java code, j=interpreted, Vv=VM code, C=native code)
V  [jvm.dll+0x5fbcea]
V  [jvm.dll+0x731905]
V  [jvm.dll+0x732f1d]
V  [jvm.dll+0x7335d3]
V  [jvm.dll+0x247bf8]
V  [jvm.dll+0xc041b]
V  [jvm.dll+0xc06cc]
V  [jvm.dll+0x360c46]
V  [jvm.dll+0x360229]
V  [jvm.dll+0x359b17]
V  [jvm.dll+0x19d0f0]
V  [jvm.dll+0x20070e]
V  [jvm.dll+0x1ff794]
V  [jvm.dll+0x18868c]
V  [jvm.dll+0x20e0d7]
V  [jvm.dll+0x20c901]
V  [jvm.dll+0x6f9b7f]
V  [jvm.dll+0x6f26a5]
V  [jvm.dll+0x5fabf6]
C  [ucrtbase.dll+0x21bb2]
C  [KERNEL32.DLL+0x17344]
C  [ntdll.dll+0x526b1]


---------------  P R O C E S S  ---------------

Threads class SMR info:
_java_thread_list=0x000002188f8e6100, length=11, elements={
0x00000218f2f7c800, 0x00000218fd9cc800, 0x00000218fd9f6000, 0x00000218fda0a800,
0x00000218fda0b800, 0x00000218fda0c800, 0x00000218fda12800, 0x00000218fda13800,
0x00000218fda1d000, 0x00000218fe501000, 0x000002188fb4b800
}

Java Threads: ( => current thread )
  0x00000218f2f7c800 JavaThread "main" [_thread_in_vm, id=1780, stack(0x000000404ca00000,0x000000404cb00000)]
  0x00000218fd9cc800 JavaThread "Reference Handler" daemon [_thread_blocked, id=4204, stack(0x000000404d100000,0x000000404d200000)]
  0x00000218fd9f6000 JavaThread "Finalizer" daemon [_thread_blocked, id=8360, stack(0x000000404d200000,0x000000404d300000)]
  0x00000218fda0a800 JavaThread "Signal Dispatcher" daemon [_thread_blocked, id=3416, stack(0x000000404d300000,0x000000404d400000)]
  0x00000218fda0b800 JavaThread "Attach Listener" daemon [_thread_blocked, id=2372, stack(0x000000404d400000,0x000000404d500000)]
  0x00000218fda0c800 JavaThread "Service Thread" daemon [_thread_blocked, id=5688, stack(0x000000404d500000,0x000000404d600000)]
  0x00000218fda12800 JavaThread "C2 CompilerThread0" daemon [_thread_in_native, id=7320, stack(0x000000404d600000,0x000000404d700000)]
  0x00000218fda13800 JavaThread "C1 CompilerThread0" daemon [_thread_blocked, id=3628, stack(0x000000404d700000,0x000000404d800000)]
  0x00000218fda1d000 JavaThread "Sweeper thread" daemon [_thread_blocked, id=6804, stack(0x000000404d800000,0x000000404d900000)]
  0x00000218fe501000 JavaThread "Common-Cleaner" daemon [_thread_blocked, id=9848, stack(0x000000404da00000,0x000000404db00000)]
=>0x000002188fb4b800 JavaThread "C2 CompilerThread1" daemon [_thread_in_native, id=3936, stack(0x000000404db00000,0x000000404dc00000)]

Other Threads:
  0x00000218fd9ca000 VMThread "VM Thread" [stack: 0x000000404d000000,0x000000404d100000] [id=4668]
  0x00000218fe4f4800 WatcherThread [stack: 0x000000404d900000,0x000000404da00000] [id=12192]
  0x00000218f2f95800 GCTaskThread "GC Thread#0" [stack: 0x000000404cb00000,0x000000404cc00000] [id=12460]
  0x00000218febf5000 GCTaskThread "GC Thread#1" [stack: 0x000000404dd00000,0x000000404de00000] [id=544]
  0x0000021892658000 GCTaskThread "GC Thread#2" [stack: 0x000000404dc00000,0x000000404dd00000] [id=10292]
  0x00000218f2fc2000 ConcurrentGCThread "G1 Main Marker" [stack: 0x000000404cc00000,0x000000404cd00000] [id=8580]
  0x00000218f2fc3000 ConcurrentGCThread "G1 Conc#0" [stack: 0x000000404cd00000,0x000000404ce00000] [id=13192]
  0x000002188f986000 ConcurrentGCThread "G1 Conc#1" [stack: 0x000000404de00000,0x000000404df00000] [id=9628]
  0x00000218f3053000 ConcurrentGCThread "G1 Refine#0" [stack: 0x000000404ce00000,0x000000404cf00000] [id=11000]
  0x0000021890b1d800 ConcurrentGCThread "G1 Refine#1" [stack: 0x000000404df00000,0x000000404e000000] [id=10568]
  0x0000021893ff3800 ConcurrentGCThread "G1 Refine#2" [stack: 0x000000404e000000,0x000000404e100000] [id=12856]
  0x0000021893ff4800 ConcurrentGCThread "G1 Refine#3" [stack: 0x000000404e100000,0x000000404e200000] [id=12300]
  0x00000218929ff800 ConcurrentGCThread "G1 Refine#4" [stack: 0x000000404e200000,0x000000404e300000] [id=9256]
  0x0000021892a00000 ConcurrentGCThread "G1 Refine#5" [stack: 0x000000404e300000,0x000000404e400000] [id=1416]
  0x00000218f3054000 ConcurrentGCThread "G1 Young RemSet Sampling" [stack: 0x000000404cf00000,0x000000404d000000] [id=5020]

Threads with active compile tasks:
C2 CompilerThread0  15621 13632       4       org.jetbrains.kotlin.ir.interpreter.checker.EvaluationMode::isMarkedWith (85 bytes)
C2 CompilerThread1  15621 13915       4       org.jetbrains.kotlin.ir.declarations.impl.AbstractIrFactoryImpl::createValueParameter (63 bytes)

VM state:not at safepoint (normal execution)

VM Mutex/Monitor currently owned by a thread: None

Heap address: 0x0000000091000000, size: 1776 MB, Compressed Oops mode: 32-bit
Narrow klass base: 0x0000000000000000, Narrow klass shift: 3
Compressed class space size: 1073741824 Address: 0x0000000100000000

Heap:
 garbage-first heap   total 202752K, used 92097K [0x0000000091000000, 0x0000000100000000)
  region size 1024K, 12 young (12288K), 7 survivors (7168K)
 Metaspace       used 80372K, capacity 81430K, committed 81740K, reserved 1122304K
  class space    used 8569K, capacity 8984K, committed 9088K, reserved 1048576K
Heap Regions: E=young(eden), S=young(survivor), O=old, HS=humongous(starts), HC=humongous(continues), CS=collection set, F=free, A=archive, TAMS=top-at-mark-start (previous, next)
|   0|0x0000000091000000, 0x0000000091100000, 0x0000000091100000|100%|HS|  |TAMS 0x0000000091100000, 0x0000000091000000| Complete 
|   1|0x0000000091100000, 0x0000000091200000, 0x0000000091200000|100%|HC|  |TAMS 0x0000000091200000, 0x0000000091100000| Complete 
|   2|0x0000000091200000, 0x0000000091300000, 0x0000000091300000|100%|HC|  |TAMS 0x0000000091300000, 0x0000000091200000| Complete 
|   3|0x0000000091300000, 0x0000000091400000, 0x0000000091400000|100%|HC|  |TAMS 0x0000000091400000, 0x0000000091300000| Complete 
|   4|0x0000000091400000, 0x0000000091500000, 0x0000000091500000|100%| O|  |TAMS 0x0000000091500000, 0x0000000091400000| Untracked 
|   5|0x0000000091500000, 0x0000000091600000, 0x0000000091600000|100%| O|  |TAMS 0x0000000091600000, 0x0000000091500000| Untracked 
|   6|0x0000000091600000, 0x0000000091700000, 0x0000000091700000|100%|HS|  |TAMS 0x0000000091700000, 0x0000000091600000| Complete 
|   7|0x0000000091700000, 0x0000000091800000, 0x0000000091800000|100%|HC|  |TAMS 0x0000000091800000, 0x0000000091700000| Complete 
|   8|0x0000000091800000, 0x0000000091900000, 0x0000000091900000|100%|HC|  |TAMS 0x0000000091900000, 0x0000000091800000| Complete 
|   9|0x0000000091900000, 0x0000000091a00000, 0x0000000091a00000|100%|HC|  |TAMS 0x0000000091a00000, 0x0000000091900000| Complete 
|  10|0x0000000091a00000, 0x0000000091b00000, 0x0000000091b00000|100%|HS|  |TAMS 0x0000000091b00000, 0x0000000091a00000| Complete 
|  11|0x0000000091b00000, 0x0000000091c00000, 0x0000000091c00000|100%|HC|  |TAMS 0x0000000091c00000, 0x0000000091b00000| Complete 
|  12|0x0000000091c00000, 0x0000000091d00000, 0x0000000091d00000|100%| O|  |TAMS 0x0000000091d00000, 0x0000000091c00000| Untracked 
|  13|0x0000000091d00000, 0x0000000091e00000, 0x0000000091e00000|100%| O|  |TAMS 0x0000000091e00000, 0x0000000091d00000| Untracked 
|  14|0x0000000091e00000, 0x0000000091f00000, 0x0000000091f00000|100%| O|  |TAMS 0x0000000091f00000, 0x0000000091e00000| Untracked 
|  15|0x0000000091f00000, 0x0000000092000000, 0x0000000092000000|100%| O|  |TAMS 0x0000000092000000, 0x0000000091f00000| Untracked 
|  16|0x0000000092000000, 0x0000000092100000, 0x0000000092100000|100%| O|  |TAMS 0x0000000092100000, 0x0000000092000000| Untracked 
|  17|0x0000000092100000, 0x0000000092200000, 0x0000000092200000|100%| O|  |TAMS 0x0000000092200000, 0x0000000092100000| Untracked 
|  18|0x0000000092200000, 0x0000000092300000, 0x0000000092300000|100%| O|  |TAMS 0x0000000092300000, 0x0000000092200000| Untracked 
|  19|0x0000000092300000, 0x0000000092400000, 0x0000000092400000|100%| O|  |TAMS 0x0000000092400000, 0x0000000092300000| Untracked 
|  20|0x0000000092400000, 0x0000000092500000, 0x0000000092500000|100%| O|  |TAMS 0x0000000092500000, 0x0000000092400000| Untracked 
|  21|0x0000000092500000, 0x0000000092600000, 0x0000000092600000|100%| O|  |TAMS 0x0000000092600000, 0x0000000092500000| Untracked 
|  22|0x0000000092600000, 0x0000000092700000, 0x0000000092700000|100%| O|  |TAMS 0x0000000092700000, 0x0000000092600000| Untracked 
|  23|0x0000000092700000, 0x0000000092800000, 0x0000000092800000|100%| O|  |TAMS 0x0000000092800000, 0x0000000092700000| Untracked 
|  24|0x0000000092800000, 0x0000000092900000, 0x0000000092900000|100%| O|  |TAMS 0x0000000092900000, 0x0000000092800000| Untracked 
|  25|0x0000000092900000, 0x0000000092a00000, 0x0000000092a00000|100%| O|  |TAMS 0x0000000092a00000, 0x0000000092900000| Untracked 
|  26|0x0000000092a00000, 0x0000000092b00000, 0x0000000092b00000|100%| O|  |TAMS 0x0000000092b00000, 0x0000000092a00000| Untracked 
|  27|0x0000000092b00000, 0x0000000092c00000, 0x0000000092c00000|100%| O|  |TAMS 0x0000000092c00000, 0x0000000092b00000| Untracked 
|  28|0x0000000092c00000, 0x0000000092d00000, 0x0000000092d00000|100%| O|  |TAMS 0x0000000092d00000, 0x0000000092c00000| Untracked 
|  29|0x0000000092d00000, 0x0000000092e00000, 0x0000000092e00000|100%| O|  |TAMS 0x0000000092e00000, 0x0000000092d00000| Untracked 
|  30|0x0000000092e00000, 0x0000000092f00000, 0x0000000092f00000|100%| O|  |TAMS 0x0000000092f00000, 0x0000000092e00000| Untracked 
|  31|0x0000000092f00000, 0x0000000093000000, 0x0000000093000000|100%| O|  |TAMS 0x0000000093000000, 0x0000000092f00000| Untracked 
|  32|0x0000000093000000, 0x0000000093100000, 0x0000000093100000|100%| O|  |TAMS 0x0000000093100000, 0x0000000093000000| Untracked 
|  33|0x0000000093100000, 0x0000000093200000, 0x0000000093200000|100%| O|  |TAMS 0x0000000093200000, 0x0000000093100000| Untracked 
|  34|0x0000000093200000, 0x0000000093300000, 0x0000000093300000|100%| O|  |TAMS 0x0000000093300000, 0x0000000093200000| Untracked 
|  35|0x0000000093300000, 0x0000000093400000, 0x0000000093400000|100%| O|  |TAMS 0x0000000093400000, 0x0000000093300000| Untracked 
|  36|0x0000000093400000, 0x0000000093500000, 0x0000000093500000|100%| O|  |TAMS 0x0000000093500000, 0x0000000093400000| Untracked 
|  37|0x0000000093500000, 0x0000000093600000, 0x0000000093600000|100%| O|  |TAMS 0x0000000093600000, 0x0000000093500000| Untracked 
|  38|0x0000000093600000, 0x0000000093700000, 0x0000000093700000|100%| O|  |TAMS 0x0000000093700000, 0x0000000093600000| Untracked 
|  39|0x0000000093700000, 0x0000000093800000, 0x0000000093800000|100%| O|  |TAMS 0x0000000093800000, 0x0000000093700000| Untracked 
|  40|0x0000000093800000, 0x0000000093900000, 0x0000000093900000|100%| O|  |TAMS 0x0000000093900000, 0x0000000093800000| Untracked 
|  41|0x0000000093900000, 0x0000000093a00000, 0x0000000093a00000|100%| O|  |TAMS 0x0000000093a00000, 0x0000000093900000| Untracked 
|  42|0x0000000093a00000, 0x0000000093b00000, 0x0000000093b00000|100%| O|  |TAMS 0x0000000093b00000, 0x0000000093a00000| Untracked 
|  43|0x0000000093b00000, 0x0000000093c00000, 0x0000000093c00000|100%| O|  |TAMS 0x0000000093c00000, 0x0000000093b00000| Untracked 
|  44|0x0000000093c00000, 0x0000000093d00000, 0x0000000093d00000|100%| O|  |TAMS 0x0000000093d00000, 0x0000000093c00000| Untracked 
|  45|0x0000000093d00000, 0x0000000093e00000, 0x0000000093e00000|100%| O|  |TAMS 0x0000000093e00000, 0x0000000093d00000| Untracked 
|  46|0x0000000093e00000, 0x0000000093f00000, 0x0000000093f00000|100%| O|  |TAMS 0x0000000093f00000, 0x0000000093e00000| Untracked 
|  47|0x0000000093f00000, 0x0000000094000000, 0x0000000094000000|100%| O|  |TAMS 0x0000000094000000, 0x0000000093f00000| Untracked 
|  48|0x0000000094000000, 0x0000000094100000, 0x0000000094100000|100%| O|  |TAMS 0x0000000094100000, 0x0000000094000000| Untracked 
|  49|0x0000000094100000, 0x0000000094200000, 0x0000000094200000|100%| O|  |TAMS 0x0000000094200000, 0x0000000094100000| Untracked 
|  50|0x0000000094200000, 0x0000000094300000, 0x0000000094300000|100%| O|  |TAMS 0x0000000094300000, 0x0000000094200000| Untracked 
|  51|0x0000000094300000, 0x0000000094400000, 0x0000000094400000|100%| O|  |TAMS 0x0000000094400000, 0x0000000094300000| Untracked 
|  52|0x0000000094400000, 0x0000000094500000, 0x0000000094500000|100%| O|  |TAMS 0x0000000094400000, 0x0000000094400000| Untracked 
|  53|0x0000000094500000, 0x0000000094600000, 0x0000000094600000|100%| O|  |TAMS 0x0000000094500000, 0x0000000094500000| Untracked 
|  54|0x0000000094600000, 0x0000000094700000, 0x0000000094700000|100%| O|  |TAMS 0x0000000094600000, 0x0000000094600000| Untracked 
|  55|0x0000000094700000, 0x0000000094800000, 0x0000000094800000|100%| O|  |TAMS 0x0000000094700000, 0x0000000094700000| Untracked 
|  56|0x0000000094800000, 0x0000000094900000, 0x0000000094900000|100%| O|  |TAMS 0x0000000094800000, 0x0000000094800000| Untracked 
|  57|0x0000000094900000, 0x0000000094a00000, 0x0000000094a00000|100%| O|  |TAMS 0x0000000094900000, 0x0000000094900000| Untracked 
|  58|0x0000000094a00000, 0x0000000094b00000, 0x0000000094b00000|100%| O|  |TAMS 0x0000000094a00000, 0x0000000094a00000| Untracked 
|  59|0x0000000094b00000, 0x0000000094c00000, 0x0000000094c00000|100%| O|  |TAMS 0x0000000094b00000, 0x0000000094b00000| Untracked 
|  60|0x0000000094c00000, 0x0000000094d00000, 0x0000000094d00000|100%| O|  |TAMS 0x0000000094c00000, 0x0000000094c00000| Untracked 
|  61|0x0000000094d00000, 0x0000000094e00000, 0x0000000094e00000|100%| O|  |TAMS 0x0000000094d00000, 0x0000000094d00000| Untracked 
|  62|0x0000000094e00000, 0x0000000094f00000, 0x0000000094f00000|100%| O|  |TAMS 0x0000000094e00000, 0x0000000094e00000| Untracked 
|  63|0x0000000094f00000, 0x0000000095000000, 0x0000000095000000|100%| O|  |TAMS 0x0000000094f00000, 0x0000000094f00000| Untracked 
|  64|0x0000000095000000, 0x0000000095100000, 0x0000000095100000|100%| O|  |TAMS 0x0000000095000000, 0x0000000095000000| Untracked 
|  65|0x0000000095100000, 0x0000000095200000, 0x0000000095200000|100%| O|  |TAMS 0x0000000095100000, 0x0000000095100000| Untracked 
|  66|0x0000000095200000, 0x0000000095300000, 0x0000000095300000|100%| O|  |TAMS 0x0000000095200000, 0x0000000095200000| Untracked 
|  67|0x0000000095300000, 0x0000000095400000, 0x0000000095400000|100%| O|  |TAMS 0x0000000095300000, 0x0000000095300000| Untracked 
|  68|0x0000000095400000, 0x0000000095500000, 0x0000000095500000|100%| O|  |TAMS 0x0000000095400000, 0x0000000095400000| Untracked 
|  69|0x0000000095500000, 0x0000000095600000, 0x0000000095600000|100%| O|  |TAMS 0x0000000095500000, 0x0000000095500000| Untracked 
|  70|0x0000000095600000, 0x0000000095700000, 0x0000000095700000|100%| O|  |TAMS 0x0000000095600000, 0x0000000095600000| Untracked 
|  71|0x0000000095700000, 0x0000000095800000, 0x0000000095800000|100%| O|  |TAMS 0x0000000095700000, 0x0000000095700000| Untracked 
|  72|0x0000000095800000, 0x0000000095900000, 0x0000000095900000|100%| O|  |TAMS 0x0000000095800000, 0x0000000095800000| Untracked 
|  73|0x0000000095900000, 0x0000000095a00000, 0x0000000095a00000|100%| O|  |TAMS 0x0000000095900000, 0x0000000095900000| Untracked 
|  74|0x0000000095a00000, 0x0000000095b00000, 0x0000000095b00000|100%| O|  |TAMS 0x0000000095a00000, 0x0000000095a00000| Untracked 
|  75|0x0000000095b00000, 0x0000000095c00000, 0x0000000095c00000|100%| O|  |TAMS 0x0000000095b00000, 0x0000000095b00000| Untracked 
|  76|0x0000000095c00000, 0x0000000095d00000, 0x0000000095d00000|100%| O|  |TAMS 0x0000000095c00000, 0x0000000095c00000| Untracked 
|  77|0x0000000095d00000, 0x0000000095e00000, 0x0000000095e00000|100%| O|  |TAMS 0x0000000095d00000, 0x0000000095d00000| Untracked 
|  78|0x0000000095e00000, 0x0000000095f00000, 0x0000000095f00000|100%| O|  |TAMS 0x0000000095e00000, 0x0000000095e00000| Untracked 
|  79|0x0000000095f00000, 0x0000000095f00000, 0x0000000096000000|  0%| F|  |TAMS 0x0000000095f00000, 0x0000000095f00000| Untracked 
|  80|0x0000000096000000, 0x0000000096000000, 0x0000000096100000|  0%| F|  |TAMS 0x0000000096000000, 0x0000000096000000| Untracked 
|  81|0x0000000096100000, 0x0000000096100000, 0x0000000096200000|  0%| F|  |TAMS 0x0000000096100000, 0x0000000096100000| Untracked 
|  82|0x0000000096200000, 0x0000000096200000, 0x0000000096300000|  0%| F|  |TAMS 0x0000000096200000, 0x0000000096200000| Untracked 
|  83|0x0000000096300000, 0x0000000096300000, 0x0000000096400000|  0%| F|  |TAMS 0x0000000096300000, 0x0000000096300000| Untracked 
|  84|0x0000000096400000, 0x0000000096400000, 0x0000000096500000|  0%| F|  |TAMS 0x0000000096400000, 0x0000000096400000| Untracked 
|  85|0x0000000096500000, 0x0000000096500000, 0x0000000096600000|  0%| F|  |TAMS 0x0000000096500000, 0x0000000096500000| Untracked 
|  86|0x0000000096600000, 0x0000000096600000, 0x0000000096700000|  0%| F|  |TAMS 0x0000000096600000, 0x0000000096600000| Untracked 
|  87|0x0000000096700000, 0x0000000096700000, 0x0000000096800000|  0%| F|  |TAMS 0x0000000096700000, 0x0000000096700000| Untracked 
|  88|0x0000000096800000, 0x0000000096800000, 0x0000000096900000|  0%| F|  |TAMS 0x0000000096800000, 0x0000000096800000| Untracked 
|  89|0x0000000096900000, 0x0000000096900000, 0x0000000096a00000|  0%| F|  |TAMS 0x0000000096900000, 0x0000000096900000| Untracked 
|  90|0x0000000096a00000, 0x0000000096a00000, 0x0000000096b00000|  0%| F|  |TAMS 0x0000000096a00000, 0x0000000096a00000| Untracked 
|  91|0x0000000096b00000, 0x0000000096b00000, 0x0000000096c00000|  0%| F|  |TAMS 0x0000000096b00000, 0x0000000096b00000| Untracked 
|  92|0x0000000096c00000, 0x0000000096c00000, 0x0000000096d00000|  0%| F|  |TAMS 0x0000000096c00000, 0x0000000096c00000| Untracked 
|  93|0x0000000096d00000, 0x0000000096d00000, 0x0000000096e00000|  0%| F|  |TAMS 0x0000000096d00000, 0x0000000096d00000| Untracked 
|  94|0x0000000096e00000, 0x0000000096e00000, 0x0000000096f00000|  0%| F|  |TAMS 0x0000000096e00000, 0x0000000096e00000| Untracked 
|  95|0x0000000096f00000, 0x0000000096f00000, 0x0000000097000000|  0%| F|  |TAMS 0x0000000096f00000, 0x0000000096f00000| Untracked 
|  96|0x0000000097000000, 0x0000000097000000, 0x0000000097100000|  0%| F|  |TAMS 0x0000000097000000, 0x0000000097000000| Untracked 
|  97|0x0000000097100000, 0x0000000097100000, 0x0000000097200000|  0%| F|  |TAMS 0x0000000097100000, 0x0000000097100000| Untracked 
|  98|0x0000000097200000, 0x0000000097200000, 0x0000000097300000|  0%| F|  |TAMS 0x0000000097200000, 0x0000000097200000| Untracked 
|  99|0x0000000097300000, 0x0000000097300000, 0x0000000097400000|  0%| F|  |TAMS 0x0000000097300000, 0x0000000097300000| Untracked 
| 100|0x0000000097400000, 0x0000000097400000, 0x0000000097500000|  0%| F|  |TAMS 0x0000000097400000, 0x0000000097400000| Untracked 
| 101|0x0000000097500000, 0x0000000097500000, 0x0000000097600000|  0%| F|  |TAMS 0x0000000097500000, 0x0000000097500000| Untracked 
| 102|0x0000000097600000, 0x0000000097600000, 0x0000000097700000|  0%| F|  |TAMS 0x0000000097600000, 0x0000000097600000| Untracked 
| 103|0x0000000097700000, 0x0000000097700000, 0x0000000097800000|  0%| F|  |TAMS 0x0000000097700000, 0x0000000097700000| Untracked 
| 104|0x0000000097800000, 0x0000000097800000, 0x0000000097900000|  0%| F|  |TAMS 0x0000000097800000, 0x0000000097800000| Untracked 
| 105|0x0000000097900000, 0x0000000097900000, 0x0000000097a00000|  0%| F|  |TAMS 0x0000000097900000, 0x0000000097900000| Untracked 
| 106|0x0000000097a00000, 0x0000000097a00000, 0x0000000097b00000|  0%| F|  |TAMS 0x0000000097a00000, 0x0000000097a00000| Untracked 
| 107|0x0000000097b00000, 0x0000000097b00000, 0x0000000097c00000|  0%| F|  |TAMS 0x0000000097b00000, 0x0000000097b00000| Untracked 
| 108|0x0000000097c00000, 0x0000000097c00000, 0x0000000097d00000|  0%| F|  |TAMS 0x0000000097c00000, 0x0000000097c00000| Untracked 
| 109|0x0000000097d00000, 0x0000000097d00000, 0x0000000097e00000|  0%| F|  |TAMS 0x0000000097d00000, 0x0000000097d00000| Untracked 
| 110|0x0000000097e00000, 0x0000000097e00000, 0x0000000097f00000|  0%| F|  |TAMS 0x0000000097e00000, 0x0000000097e00000| Untracked 
| 111|0x0000000097f00000, 0x0000000097ff0690, 0x0000000098000000| 93%| S|CS|TAMS 0x0000000097f00000, 0x0000000097f00000| Complete 
| 112|0x0000000098000000, 0x0000000098100000, 0x0000000098100000|100%| S|CS|TAMS 0x0000000098000000, 0x0000000098000000| Complete 
| 113|0x0000000098100000, 0x0000000098200000, 0x0000000098200000|100%| S|CS|TAMS 0x0000000098100000, 0x0000000098100000| Complete 
| 114|0x0000000098200000, 0x0000000098300000, 0x0000000098300000|100%| S|CS|TAMS 0x0000000098200000, 0x0000000098200000| Complete 
| 115|0x0000000098300000, 0x0000000098400000, 0x0000000098400000|100%| S|CS|TAMS 0x0000000098300000, 0x0000000098300000| Complete 
| 116|0x0000000098400000, 0x0000000098500000, 0x0000000098500000|100%| S|CS|TAMS 0x0000000098400000, 0x0000000098400000| Complete 
| 117|0x0000000098500000, 0x0000000098600000, 0x0000000098600000|100%| S|CS|TAMS 0x0000000098500000, 0x0000000098500000| Complete 
| 118|0x0000000098600000, 0x0000000098600000, 0x0000000098700000|  0%| F|  |TAMS 0x0000000098600000, 0x0000000098600000| Untracked 
| 119|0x0000000098700000, 0x0000000098700000, 0x0000000098800000|  0%| F|  |TAMS 0x0000000098700000, 0x0000000098700000| Untracked 
| 120|0x0000000098800000, 0x0000000098800000, 0x0000000098900000|  0%| F|  |TAMS 0x0000000098800000, 0x0000000098800000| Untracked 
| 121|0x0000000098900000, 0x0000000098900000, 0x0000000098a00000|  0%| F|  |TAMS 0x0000000098900000, 0x0000000098900000| Untracked 
| 122|0x0000000098a00000, 0x0000000098a00000, 0x0000000098b00000|  0%| F|  |TAMS 0x0000000098a00000, 0x0000000098a00000| Untracked 
| 123|0x0000000098b00000, 0x0000000098b00000, 0x0000000098c00000|  0%| F|  |TAMS 0x0000000098b00000, 0x0000000098b00000| Untracked 
| 124|0x0000000098c00000, 0x0000000098c00000, 0x0000000098d00000|  0%| F|  |TAMS 0x0000000098c00000, 0x0000000098c00000| Untracked 
| 125|0x0000000098d00000, 0x0000000098d00000, 0x0000000098e00000|  0%| F|  |TAMS 0x0000000098d00000, 0x0000000098d00000| Untracked 
| 126|0x0000000098e00000, 0x0000000098e00000, 0x0000000098f00000|  0%| F|  |TAMS 0x0000000098e00000, 0x0000000098e00000| Untracked 
| 127|0x0000000098f00000, 0x0000000098f00000, 0x0000000099000000|  0%| F|  |TAMS 0x0000000098f00000, 0x0000000098f00000| Untracked 
| 128|0x0000000099000000, 0x0000000099000000, 0x0000000099100000|  0%| F|  |TAMS 0x0000000099000000, 0x0000000099000000| Untracked 
| 129|0x0000000099100000, 0x0000000099100000, 0x0000000099200000|  0%| F|  |TAMS 0x0000000099100000, 0x0000000099100000| Untracked 
| 130|0x0000000099200000, 0x0000000099200000, 0x0000000099300000|  0%| F|  |TAMS 0x0000000099200000, 0x0000000099200000| Untracked 
| 131|0x0000000099300000, 0x0000000099300000, 0x0000000099400000|  0%| F|  |TAMS 0x0000000099300000, 0x0000000099300000| Untracked 
| 132|0x0000000099400000, 0x0000000099400000, 0x0000000099500000|  0%| F|  |TAMS 0x0000000099400000, 0x0000000099400000| Untracked 
| 133|0x0000000099500000, 0x0000000099500000, 0x0000000099600000|  0%| F|  |TAMS 0x0000000099500000, 0x0000000099500000| Untracked 
| 134|0x0000000099600000, 0x0000000099600000, 0x0000000099700000|  0%| F|  |TAMS 0x0000000099600000, 0x0000000099600000| Untracked 
| 135|0x0000000099700000, 0x0000000099700000, 0x0000000099800000|  0%| F|  |TAMS 0x0000000099700000, 0x0000000099700000| Untracked 
| 136|0x0000000099800000, 0x0000000099800000, 0x0000000099900000|  0%| F|  |TAMS 0x0000000099800000, 0x0000000099800000| Untracked 
| 137|0x0000000099900000, 0x0000000099900000, 0x0000000099a00000|  0%| F|  |TAMS 0x0000000099900000, 0x0000000099900000| Untracked 
| 138|0x0000000099a00000, 0x0000000099a00000, 0x0000000099b00000|  0%| F|  |TAMS 0x0000000099a00000, 0x0000000099a00000| Untracked 
| 139|0x0000000099b00000, 0x0000000099b00000, 0x0000000099c00000|  0%| F|  |TAMS 0x0000000099b00000, 0x0000000099b00000| Untracked 
| 140|0x0000000099c00000, 0x0000000099c00000, 0x0000000099d00000|  0%| F|  |TAMS 0x0000000099c00000, 0x0000000099c00000| Untracked 
| 141|0x0000000099d00000, 0x0000000099d00000, 0x0000000099e00000|  0%| F|  |TAMS 0x0000000099d00000, 0x0000000099d00000| Untracked 
| 142|0x0000000099e00000, 0x0000000099e00000, 0x0000000099f00000|  0%| F|  |TAMS 0x0000000099e00000, 0x0000000099e00000| Untracked 
| 143|0x0000000099f00000, 0x0000000099f00000, 0x000000009a000000|  0%| F|  |TAMS 0x0000000099f00000, 0x0000000099f00000| Untracked 
| 144|0x000000009a000000, 0x000000009a000000, 0x000000009a100000|  0%| F|  |TAMS 0x000000009a000000, 0x000000009a000000| Untracked 
| 145|0x000000009a100000, 0x000000009a100000, 0x000000009a200000|  0%| F|  |TAMS 0x000000009a100000, 0x000000009a100000| Untracked 
| 146|0x000000009a200000, 0x000000009a200000, 0x000000009a300000|  0%| F|  |TAMS 0x000000009a200000, 0x000000009a200000| Untracked 
| 147|0x000000009a300000, 0x000000009a300000, 0x000000009a400000|  0%| F|  |TAMS 0x000000009a300000, 0x000000009a300000| Untracked 
| 148|0x000000009a400000, 0x000000009a400000, 0x000000009a500000|  0%| F|  |TAMS 0x000000009a400000, 0x000000009a400000| Untracked 
| 149|0x000000009a500000, 0x000000009a500000, 0x000000009a600000|  0%| F|  |TAMS 0x000000009a500000, 0x000000009a500000| Untracked 
| 150|0x000000009a600000, 0x000000009a600000, 0x000000009a700000|  0%| F|  |TAMS 0x000000009a600000, 0x000000009a600000| Untracked 
| 151|0x000000009a700000, 0x000000009a700000, 0x000000009a800000|  0%| F|  |TAMS 0x000000009a700000, 0x000000009a700000| Untracked 
| 152|0x000000009a800000, 0x000000009a800000, 0x000000009a900000|  0%| F|  |TAMS 0x000000009a800000, 0x000000009a800000| Untracked 
| 153|0x000000009a900000, 0x000000009a900000, 0x000000009aa00000|  0%| F|  |TAMS 0x000000009a900000, 0x000000009a900000| Untracked 
| 154|0x000000009aa00000, 0x000000009aa00000, 0x000000009ab00000|  0%| F|  |TAMS 0x000000009aa00000, 0x000000009aa00000| Untracked 
| 155|0x000000009ab00000, 0x000000009ab00000, 0x000000009ac00000|  0%| F|  |TAMS 0x000000009ab00000, 0x000000009ab00000| Untracked 
| 156|0x000000009ac00000, 0x000000009ac00000, 0x000000009ad00000|  0%| F|  |TAMS 0x000000009ac00000, 0x000000009ac00000| Untracked 
| 157|0x000000009ad00000, 0x000000009ad00000, 0x000000009ae00000|  0%| F|  |TAMS 0x000000009ad00000, 0x000000009ad00000| Untracked 
| 158|0x000000009ae00000, 0x000000009ae00000, 0x000000009af00000|  0%| F|  |TAMS 0x000000009ae00000, 0x000000009ae00000| Untracked 
| 159|0x000000009af00000, 0x000000009af00000, 0x000000009b000000|  0%| F|  |TAMS 0x000000009af00000, 0x000000009af00000| Untracked 
| 160|0x000000009b000000, 0x000000009b000000, 0x000000009b100000|  0%| F|  |TAMS 0x000000009b000000, 0x000000009b000000| Untracked 
| 161|0x000000009b100000, 0x000000009b100000, 0x000000009b200000|  0%| F|  |TAMS 0x000000009b100000, 0x000000009b100000| Untracked 
| 162|0x000000009b200000, 0x000000009b200000, 0x000000009b300000|  0%| F|  |TAMS 0x000000009b200000, 0x000000009b200000| Untracked 
| 163|0x000000009b300000, 0x000000009b300000, 0x000000009b400000|  0%| F|  |TAMS 0x000000009b300000, 0x000000009b300000| Untracked 
| 164|0x000000009b400000, 0x000000009b400000, 0x000000009b500000|  0%| F|  |TAMS 0x000000009b400000, 0x000000009b400000| Untracked 
| 165|0x000000009b500000, 0x000000009b500000, 0x000000009b600000|  0%| F|  |TAMS 0x000000009b500000, 0x000000009b500000| Untracked 
| 166|0x000000009b600000, 0x000000009b600000, 0x000000009b700000|  0%| F|  |TAMS 0x000000009b600000, 0x000000009b600000| Untracked 
| 167|0x000000009b700000, 0x000000009b700000, 0x000000009b800000|  0%| F|  |TAMS 0x000000009b700000, 0x000000009b700000| Untracked 
| 168|0x000000009b800000, 0x000000009b800000, 0x000000009b900000|  0%| F|  |TAMS 0x000000009b800000, 0x000000009b800000| Untracked 
| 169|0x000000009b900000, 0x000000009b900000, 0x000000009ba00000|  0%| F|  |TAMS 0x000000009b900000, 0x000000009b900000| Untracked 
| 170|0x000000009ba00000, 0x000000009ba00000, 0x000000009bb00000|  0%| F|  |TAMS 0x000000009ba00000, 0x000000009ba00000| Untracked 
| 171|0x000000009bb00000, 0x000000009bb00000, 0x000000009bc00000|  0%| F|  |TAMS 0x000000009bb00000, 0x000000009bb00000| Untracked 
| 172|0x000000009bc00000, 0x000000009bc00000, 0x000000009bd00000|  0%| F|  |TAMS 0x000000009bc00000, 0x000000009bc00000| Untracked 
| 173|0x000000009bd00000, 0x000000009bd00000, 0x000000009be00000|  0%| F|  |TAMS 0x000000009bd00000, 0x000000009bd00000| Untracked 
| 174|0x000000009be00000, 0x000000009be00000, 0x000000009bf00000|  0%| F|  |TAMS 0x000000009be00000, 0x000000009be00000| Untracked 
| 175|0x000000009bf00000, 0x000000009bf00000, 0x000000009c000000|  0%| F|  |TAMS 0x000000009bf00000, 0x000000009bf00000| Untracked 
| 176|0x000000009c000000, 0x000000009c000000, 0x000000009c100000|  0%| F|  |TAMS 0x000000009c000000, 0x000000009c000000| Untracked 
| 177|0x000000009c100000, 0x000000009c100000, 0x000000009c200000|  0%| F|  |TAMS 0x000000009c100000, 0x000000009c100000| Untracked 
| 178|0x000000009c200000, 0x000000009c200000, 0x000000009c300000|  0%| F|  |TAMS 0x000000009c200000, 0x000000009c200000| Untracked 
| 179|0x000000009c300000, 0x000000009c300000, 0x000000009c400000|  0%| F|  |TAMS 0x000000009c300000, 0x000000009c300000| Untracked 
| 180|0x000000009c400000, 0x000000009c400000, 0x000000009c500000|  0%| F|  |TAMS 0x000000009c400000, 0x000000009c400000| Untracked 
| 181|0x000000009c500000, 0x000000009c500000, 0x000000009c600000|  0%| F|  |TAMS 0x000000009c500000, 0x000000009c500000| Untracked 
| 182|0x000000009c600000, 0x000000009c600000, 0x000000009c700000|  0%| F|  |TAMS 0x000000009c600000, 0x000000009c600000| Untracked 
| 183|0x000000009c700000, 0x000000009c700000, 0x000000009c800000|  0%| F|  |TAMS 0x000000009c700000, 0x000000009c700000| Untracked 
| 184|0x000000009c800000, 0x000000009c800000, 0x000000009c900000|  0%| F|  |TAMS 0x000000009c800000, 0x000000009c800000| Untracked 
| 185|0x000000009c900000, 0x000000009c900000, 0x000000009ca00000|  0%| F|  |TAMS 0x000000009c900000, 0x000000009c900000| Untracked 
| 186|0x000000009ca00000, 0x000000009ca00000, 0x000000009cb00000|  0%| F|  |TAMS 0x000000009ca00000, 0x000000009ca00000| Untracked 
| 187|0x000000009cb00000, 0x000000009cb00000, 0x000000009cc00000|  0%| F|  |TAMS 0x000000009cb00000, 0x000000009cb00000| Untracked 
| 188|0x000000009cc00000, 0x000000009cc00000, 0x000000009cd00000|  0%| F|  |TAMS 0x000000009cc00000, 0x000000009cc00000| Untracked 
| 189|0x000000009cd00000, 0x000000009cd00000, 0x000000009ce00000|  0%| F|  |TAMS 0x000000009cd00000, 0x000000009cd00000| Untracked 
| 190|0x000000009ce00000, 0x000000009ce00000, 0x000000009cf00000|  0%| F|  |TAMS 0x000000009ce00000, 0x000000009ce00000| Untracked 
| 191|0x000000009cf00000, 0x000000009cf00000, 0x000000009d000000|  0%| F|  |TAMS 0x000000009cf00000, 0x000000009cf00000| Untracked 
| 192|0x000000009d000000, 0x000000009d080800, 0x000000009d100000| 50%| E|  |TAMS 0x000000009d000000, 0x000000009d000000| Complete 
| 193|0x000000009d100000, 0x000000009d200000, 0x000000009d200000|100%| E|CS|TAMS 0x000000009d100000, 0x000000009d100000| Complete 
| 194|0x000000009d200000, 0x000000009d300000, 0x000000009d300000|100%| E|CS|TAMS 0x000000009d200000, 0x000000009d200000| Complete 
| 195|0x000000009d300000, 0x000000009d400000, 0x000000009d400000|100%| E|CS|TAMS 0x000000009d300000, 0x000000009d300000| Complete 
| 196|0x000000009d400000, 0x000000009d500000, 0x000000009d500000|100%| E|CS|TAMS 0x000000009d400000, 0x000000009d400000| Complete 
| 197|0x000000009d500000, 0x000000009d600000, 0x000000009d600000|100%| E|CS|TAMS 0x000000009d500000, 0x000000009d500000| Complete 

Card table byte_map: [0x00000218f7140000,0x00000218f74c0000] _byte_map_base: 0x00000218f6cb8000

Marking Bits (Prev, Next): (CMBitMap*) 0x00000218f2fba140, (CMBitMap*) 0x00000218f2fba108
 Prev Bits: [0x00000218f9400000, 0x00000218fafc0000)
 Next Bits: [0x00000218f7840000, 0x00000218f9400000)

Polling page: 0x00000218f2760000

Metaspace:

Usage:
  Non-class:     70.81 MB capacity,    70.20 MB (>99%) used,   477.55 KB ( <1%) free+waste,   150.81 KB ( <1%) overhead. 
      Class:      8.80 MB capacity,     8.38 MB ( 95%) used,   371.48 KB (  4%) free+waste,    65.81 KB ( <1%) overhead. 
       Both:     79.62 MB capacity,    78.57 MB ( 99%) used,   849.02 KB (  1%) free+waste,   216.63 KB ( <1%) overhead. 

Virtual space:
  Non-class space:       72.00 MB reserved,      70.95 MB ( 99%) committed 
      Class space:        1.00 GB reserved,       8.88 MB ( <1%) committed 
             Both:        1.07 GB reserved,      79.82 MB (  7%) committed 

Chunk freelists:
   Non-Class:  14.00 KB
       Class:  8.00 KB
        Both:  22.00 KB

MaxMetaspaceSize: 17179869184.00 GB
CompressedClassSpaceSize: 1.00 GB
Initial GC threshold: 20.80 MB
Current GC threshold: 98.46 MB
CDS: off

CodeHeap 'non-profiled nmethods': size=120000Kb used=6590Kb max_used=6590Kb free=113409Kb
 bounds [0x0000021887ad0000, 0x0000021888140000, 0x000002188f000000]
CodeHeap 'profiled nmethods': size=120000Kb used=43309Kb max_used=43309Kb free=76690Kb
 bounds [0x00000218805a0000, 0x0000021882ff0000, 0x0000021887ad0000]
CodeHeap 'non-nmethods': size=5760Kb used=1412Kb max_used=1448Kb free=4347Kb
 bounds [0x0000021880000000, 0x0000021880270000, 0x00000218805a0000]
 total_blobs=14558 nmethods=13850 adapters=617
 compilation: enabled
              stopped_count=0, restarted_count=0
 full_count=0

Compilation events (20 events):
Event: 15.598 Thread 0x00000218fda13800 nmethod 13920 0x0000021882fe1d10 code [0x0000021882fe1ec0, 0x0000021882fe1fe8]
Event: 15.598 Thread 0x00000218fda13800 13919       3       org.jetbrains.kotlin.backend.jvm.lower.FunctionReferenceLowering::isInvokeOperator (11 bytes)
Event: 15.598 Thread 0x00000218fda13800 nmethod 13919 0x0000021882fe2090 code [0x0000021882fe2260, 0x0000021882fe2538]
Event: 15.599 Thread 0x00000218fda13800 13921       3       org.jetbrains.kotlin.backend.common.ir.IrInlineUtilsKt$move$1::visitDeclaration (34 bytes)
Event: 15.600 Thread 0x00000218fda13800 nmethod 13921 0x0000021882fe2690 code [0x0000021882fe2980, 0x0000021882fe3858]
Event: 15.600 Thread 0x00000218fda13800 13923       1       org.jetbrains.kotlin.backend.jvm.lower.FunctionReferenceLowering::access$getContext$p (5 bytes)
Event: 15.600 Thread 0x00000218fda13800 nmethod 13923 0x000002188813e590 code [0x000002188813e740, 0x000002188813e7d8]
Event: 15.600 Thread 0x00000218fda13800 13922       3       org.jetbrains.kotlin.ir.expressions.impl.IrConstImpl$Companion::int (28 bytes)
Event: 15.601 Thread 0x00000218fda13800 nmethod 13922 0x0000021882fe3d10 code [0x0000021882fe3f80, 0x0000021882fe4888]
Event: 15.601 Thread 0x00000218fda13800 13924       3       org.jetbrains.kotlin.ir.expressions.impl.IrSetValueImpl::setValue (12 bytes)
Event: 15.602 Thread 0x00000218fda13800 nmethod 13924 0x0000021882fe4c90 code [0x0000021882fe4ec0, 0x0000021882fe5498]
Event: 15.602 Thread 0x00000218fda13800 13925       1       org.jetbrains.kotlin.ir.builders.declarations.IrFunctionBuilder::isPrimary (5 bytes)
Event: 15.602 Thread 0x00000218fda13800 nmethod 13925 0x000002188813e890 code [0x000002188813ea40, 0x000002188813eaf8]
Event: 15.602 Thread 0x00000218fda13800 13926       1       org.jetbrains.kotlin.ir.builders.IrGeneratorContextBase::getIrBuiltIns (5 bytes)
Event: 15.603 Thread 0x00000218fda13800 nmethod 13926 0x000002188813eb90 code [0x000002188813ed40, 0x000002188813edf8]
Event: 15.603 Thread 0x00000218fda13800 13927       1       org.jetbrains.kotlin.ir.declarations.impl.IrClassImpl::setMetadata (6 bytes)
Event: 15.603 Thread 0x00000218fda13800 nmethod 13927 0x000002188813ee90 code [0x000002188813f040, 0x000002188813f138]
Event: 15.604 Thread 0x00000218fda13800 13928       1       org.jetbrains.kotlin.backend.jvm.JvmBackendContext::getIrBuiltIns (5 bytes)
Event: 15.604 Thread 0x00000218fda13800 nmethod 13928 0x000002188813f190 code [0x000002188813f340, 0x000002188813f3f8]
Event: 15.604 Thread 0x00000218fda13800 13929       3       org.jetbrains.kotlin.backend.common.ir.IrInlineUtilsKt$move$1::visitBlock (171 bytes)

GC Heap History (20 events):
Event: 3.344 GC heap before
{Heap before GC invocations=4 (full 0):
 garbage-first heap   total 114688K, used 43755K [0x0000000091000000, 0x0000000100000000)
  region size 1024K, 27 young (27648K), 6 survivors (6144K)
 Metaspace       used 35290K, capacity 35744K, committed 35840K, reserved 1081344K
  class space    used 4359K, capacity 4572K, committed 4608K, reserved 1048576K
}
Event: 3.360 GC heap after
{Heap after GC invocations=5 (full 0):
 garbage-first heap   total 114688K, used 26943K [0x0000000091000000, 0x0000000100000000)
  region size 1024K, 4 young (4096K), 4 survivors (4096K)
 Metaspace       used 35290K, capacity 35744K, committed 35840K, reserved 1081344K
  class space    used 4359K, capacity 4572K, committed 4608K, reserved 1048576K
}
Event: 4.202 GC heap before
{Heap before GC invocations=6 (full 0):
 garbage-first heap   total 114688K, used 70975K [0x0000000091000000, 0x0000000100000000)
  region size 1024K, 47 young (48128K), 4 survivors (4096K)
 Metaspace       used 42885K, capacity 43343K, committed 43520K, reserved 1087488K
  class space    used 5102K, capacity 5289K, committed 5376K, reserved 1048576K
}
Event: 4.215 GC heap after
{Heap after GC invocations=7 (full 0):
 garbage-first heap   total 140288K, used 29925K [0x0000000091000000, 0x0000000100000000)
  region size 1024K, 5 young (5120K), 5 survivors (5120K)
 Metaspace       used 42885K, capacity 43343K, committed 43520K, reserved 1087488K
  class space    used 5102K, capacity 5289K, committed 5376K, reserved 1048576K
}
Event: 5.111 GC heap before
{Heap before GC invocations=7 (full 0):
 garbage-first heap   total 140288K, used 86245K [0x0000000091000000, 0x0000000100000000)
  region size 1024K, 57 young (58368K), 5 survivors (5120K)
 Metaspace       used 49152K, capacity 49708K, committed 49920K, reserved 1093632K
  class space    used 5776K, capacity 6024K, committed 6144K, reserved 1048576K
}
Event: 5.124 GC heap after
{Heap after GC invocations=8 (full 0):
 garbage-first heap   total 140288K, used 36074K [0x0000000091000000, 0x0000000100000000)
  region size 1024K, 5 young (5120K), 5 survivors (5120K)
 Metaspace       used 49152K, capacity 49708K, committed 49920K, reserved 1093632K
  class space    used 5776K, capacity 6024K, committed 6144K, reserved 1048576K
}
Event: 5.922 GC heap before
{Heap before GC invocations=8 (full 0):
 garbage-first heap   total 140288K, used 91370K [0x0000000091000000, 0x0000000100000000)
  region size 1024K, 59 young (60416K), 5 survivors (5120K)
 Metaspace       used 52747K, capacity 53331K, committed 53504K, reserved 1095680K
  class space    used 6101K, capacity 6367K, committed 6400K, reserved 1048576K
}
Event: 5.941 GC heap after
{Heap after GC invocations=9 (full 0):
 garbage-first heap   total 140288K, used 44309K [0x0000000091000000, 0x0000000100000000)
  region size 1024K, 8 young (8192K), 8 survivors (8192K)
 Metaspace       used 52747K, capacity 53331K, committed 53504K, reserved 1095680K
  class space    used 6101K, capacity 6367K, committed 6400K, reserved 1048576K
}
Event: 7.495 GC heap before
{Heap before GC invocations=9 (full 0):
 garbage-first heap   total 140288K, used 98581K [0x0000000091000000, 0x0000000100000000)
  region size 1024K, 61 young (62464K), 8 survivors (8192K)
 Metaspace       used 56426K, capacity 57056K, committed 57088K, reserved 1099776K
  class space    used 6365K, capacity 6627K, committed 6656K, reserved 1048576K
}
Event: 7.518 GC heap after
{Heap after GC invocations=10 (full 0):
 garbage-first heap   total 140288K, used 52780K [0x0000000091000000, 0x0000000100000000)
  region size 1024K, 8 young (8192K), 8 survivors (8192K)
 Metaspace       used 56426K, capacity 57056K, committed 57088K, reserved 1099776K
  class space    used 6365K, capacity 6627K, committed 6656K, reserved 1048576K
}
Event: 8.713 GC heap before
{Heap before GC invocations=10 (full 0):
 garbage-first heap   total 140288K, used 95788K [0x0000000091000000, 0x0000000100000000)
  region size 1024K, 51 young (52224K), 8 survivors (8192K)
 Metaspace       used 59465K, capacity 60114K, committed 60160K, reserved 1101824K
  class space    used 6667K, capacity 6912K, committed 6912K, reserved 1048576K
}
Event: 8.741 GC heap after
{Heap after GC invocations=11 (full 0):
 garbage-first heap   total 168960K, used 59380K [0x0000000091000000, 0x0000000100000000)
  region size 1024K, 6 young (6144K), 6 survivors (6144K)
 Metaspace       used 59465K, capacity 60114K, committed 60160K, reserved 1101824K
  class space    used 6667K, capacity 6912K, committed 6912K, reserved 1048576K
}
Event: 11.009 GC heap before
{Heap before GC invocations=12 (full 0):
 garbage-first heap   total 168960K, used 114676K [0x0000000091000000, 0x0000000100000000)
  region size 1024K, 60 young (61440K), 6 survivors (6144K)
 Metaspace       used 62370K, capacity 63145K, committed 63436K, reserved 1105920K
  class space    used 6816K, capacity 7082K, committed 7168K, reserved 1048576K
}
Event: 11.027 GC heap after
{Heap after GC invocations=13 (full 0):
 garbage-first heap   total 168960K, used 65312K [0x0000000091000000, 0x0000000100000000)
  region size 1024K, 6 young (6144K), 6 survivors (6144K)
 Metaspace       used 62370K, capacity 63145K, committed 63436K, reserved 1105920K
  class space    used 6816K, capacity 7082K, committed 7168K, reserved 1048576K
}
Event: 12.717 GC heap before
{Heap before GC invocations=13 (full 0):
 garbage-first heap   total 168960K, used 120608K [0x0000000091000000, 0x0000000100000000)
  region size 1024K, 60 young (61440K), 6 survivors (6144K)
 Metaspace       used 69119K, capacity 69931K, committed 70220K, reserved 1112064K
  class space    used 7442K, capacity 7751K, committed 7808K, reserved 1048576K
}
Event: 12.736 GC heap after
{Heap after GC invocations=14 (full 0):
 garbage-first heap   total 168960K, used 69764K [0x0000000091000000, 0x0000000100000000)
  region size 1024K, 5 young (5120K), 5 survivors (5120K)
 Metaspace       used 69119K, capacity 69931K, committed 70220K, reserved 1112064K
  class space    used 7442K, capacity 7751K, committed 7808K, reserved 1048576K
}
Event: 14.260 GC heap before
{Heap before GC invocations=14 (full 0):
 garbage-first heap   total 168960K, used 125060K [0x0000000091000000, 0x0000000100000000)
  region size 1024K, 59 young (60416K), 5 survivors (5120K)
 Metaspace       used 75254K, capacity 76065K, committed 76236K, reserved 1118208K
  class space    used 8055K, capacity 8405K, committed 8448K, reserved 1048576K
}
Event: 14.283 GC heap after
{Heap after GC invocations=15 (full 0):
 garbage-first heap   total 168960K, used 80223K [0x0000000091000000, 0x0000000100000000)
  region size 1024K, 8 young (8192K), 8 survivors (8192K)
 Metaspace       used 75254K, capacity 76065K, committed 76236K, reserved 1118208K
  class space    used 8055K, capacity 8405K, committed 8448K, reserved 1048576K
}
Event: 15.430 GC heap before
{Heap before GC invocations=15 (full 0):
 garbage-first heap   total 168960K, used 128351K [0x0000000091000000, 0x0000000100000000)
  region size 1024K, 55 young (56320K), 8 survivors (8192K)
 Metaspace       used 79274K, capacity 80339K, committed 80588K, reserved 1120256K
  class space    used 8489K, capacity 8919K, committed 8960K, reserved 1048576K
}
Event: 15.460 GC heap after
{Heap after GC invocations=16 (full 0):
 garbage-first heap   total 202752K, used 88001K [0x0000000091000000, 0x0000000100000000)
  region size 1024K, 7 young (7168K), 7 survivors (7168K)
 Metaspace       used 79274K, capacity 80339K, committed 80588K, reserved 1120256K
  class space    used 8489K, capacity 8919K, committed 8960K, reserved 1048576K
}

Deoptimization events (20 events):
Event: 14.874 Thread 0x00000218f2f7c800 Uncommon trap: trap_request=0xffffffc6 fr.pc=0x0000021887eb55dc relative=0x000000000000019c
Event: 14.874 Thread 0x00000218f2f7c800 Uncommon trap: reason=bimorphic_or_optimized_type_check action=maybe_recompile pc=0x0000021887eb55dc method=org.jetbrains.kotlin.resolve.descriptorUtil.DescriptorUtilsKt.getAnnotationClass(Lorg/jetbrains/kotlin/descriptors/annotations/AnnotationDescriptor
Event: 14.874 Thread 0x00000218f2f7c800 DEOPT PACKING pc=0x0000021887eb55dc sp=0x000000404cafb150
Event: 14.874 Thread 0x00000218f2f7c800 DEOPT UNPACKING pc=0x000002188004a1af sp=0x000000404cafb0e8 mode 2
Event: 15.295 Thread 0x00000218f2f7c800 Uncommon trap: trap_request=0xffffff4d fr.pc=0x0000021887cfc00c relative=0x00000000000000ec
Event: 15.295 Thread 0x00000218f2f7c800 Uncommon trap: reason=unstable_if action=reinterpret pc=0x0000021887cfc00c method=kotlin.internal.ProgressionUtilKt.getProgressionLastElement(III)I @ 2 c2
Event: 15.295 Thread 0x00000218f2f7c800 DEOPT PACKING pc=0x0000021887cfc00c sp=0x000000404caf85c0
Event: 15.296 Thread 0x00000218f2f7c800 DEOPT UNPACKING pc=0x000002188004a1af sp=0x000000404caf8508 mode 2
Event: 15.296 Thread 0x00000218f2f7c800 Uncommon trap: trap_request=0xffffff4d fr.pc=0x0000021887d2fd9c relative=0x000000000000007c
Event: 15.296 Thread 0x00000218f2f7c800 Uncommon trap: reason=unstable_if action=reinterpret pc=0x0000021887d2fd9c method=kotlin.ranges.IntProgressionIterator.<init>(III)V @ 19 c2
Event: 15.296 Thread 0x00000218f2f7c800 DEOPT PACKING pc=0x0000021887d2fd9c sp=0x000000404caf8670
Event: 15.296 Thread 0x00000218f2f7c800 DEOPT UNPACKING pc=0x000002188004a1af sp=0x000000404caf85f8 mode 2
Event: 15.307 Thread 0x00000218f2f7c800 Uncommon trap: trap_request=0xffffff4d fr.pc=0x0000021888077d20 relative=0x0000000000001b00
Event: 15.307 Thread 0x00000218f2f7c800 Uncommon trap: reason=unstable_if action=reinterpret pc=0x0000021888077d20 method=kotlin.collections.CollectionsKt___CollectionsKt.joinToString$default(Ljava/lang/Iterable;Ljava/lang/CharSequence;Ljava/lang/CharSequence;Ljava/lang/CharSequence;ILjava/lang
Event: 15.307 Thread 0x00000218f2f7c800 DEOPT PACKING pc=0x0000021888077d20 sp=0x000000404caf84e0
Event: 15.307 Thread 0x00000218f2f7c800 DEOPT UNPACKING pc=0x000002188004a1af sp=0x000000404caf8510 mode 2
Event: 15.535 Thread 0x00000218f2f7c800 Uncommon trap: trap_request=0xffffff4d fr.pc=0x0000021887eaaad8 relative=0x0000000000000ed8
Event: 15.535 Thread 0x00000218f2f7c800 Uncommon trap: reason=unstable_if action=reinterpret pc=0x0000021887eaaad8 method=org.jetbrains.kotlin.builtins.jvm.JvmBuiltInClassDescriptorFactory.shouldCreateClass(Lorg/jetbrains/kotlin/name/FqName;Lorg/jetbrains/kotlin/name/Name;)Z @ 19 c2
Event: 15.535 Thread 0x00000218f2f7c800 DEOPT PACKING pc=0x0000021887eaaad8 sp=0x000000404cafb6b0
Event: 15.535 Thread 0x00000218f2f7c800 DEOPT UNPACKING pc=0x000002188004a1af sp=0x000000404cafb5c0 mode 2

Classes redefined (0 events):
No events

Internal exceptions (20 events):
Event: 12.497 Thread 0x00000218f2f7c800 Exception <a 'java/lang/NoSuchMethodError'{0x00000000985eb698}: 'java.lang.Object java.lang.invoke.DirectMethodHandle$Holder.invokeSpecial(java.lang.Object, java.lang.Object, java.lang.Object, java.lang.Object, int, int)'> (0x00000000985eb698) thrown at [./src/hotspot/share/interpreter/linkResolver.cpp, line 773]
Event: 12.498 Thread 0x00000218f2f7c800 Exception <a 'java/lang/NoSuchMethodError'{0x00000000985ee7a0}: 'java.lang.Object java.lang.invoke.Invokers$Holder.linkToTargetMethod(java.lang.Object, java.lang.Object, int, int, java.lang.Object)'> (0x00000000985ee7a0) thrown at [./src/hotspot/share/interpreter/linkResolver.cpp, line 773]
Event: 12.515 Thread 0x00000218f2f7c800 Exception <a 'java/lang/NoSuchMethodError'{0x00000000984a4550}: 'java.lang.Object java.lang.invoke.DirectMethodHandle$Holder.invokeStatic(java.lang.Object, java.lang.Object, java.lang.Object, int, int, java.lang.Object, java.lang.Object, java.lang.Object, java.lang.Object)'> (0x00000000984a4550) thrown at [./src/hotspot/share/interpreter/linkResolver.cpp, line 773]
Event: 12.520 Thread 0x00000218f2f7c800 Exception <a 'java/lang/NoSuchMethodError'{0x00000000984ddd28}: 'java.lang.Object java.lang.invoke.DirectMethodHandle$Holder.invokeStatic(java.lang.Object, java.lang.Object, java.lang.Object, int, int, java.lang.Object, java.lang.Object)'> (0x00000000984ddd28) thrown at [./src/hotspot/share/interpreter/linkResolver.cpp, line 773]
Event: 12.521 Thread 0x00000218f2f7c800 Exception <a 'java/lang/NoSuchMethodError'{0x00000000984e1be8}: 'java.lang.Object java.lang.invoke.DirectMethodHandle$Holder.invokeSpecial(java.lang.Object, java.lang.Object, java.lang.Object, java.lang.Object, int, int, java.lang.Object, java.lang.Object)'> (0x00000000984e1be8) thrown at [./src/hotspot/share/interpreter/linkResolver.cpp, line 773]
Event: 12.521 Thread 0x00000218f2f7c800 Exception <a 'java/lang/NoSuchMethodError'{0x00000000984e52a0}: 'java.lang.Object java.lang.invoke.Invokers$Holder.linkToTargetMethod(java.lang.Object, java.lang.Object, int, int, java.lang.Object, java.lang.Object, java.lang.Object)'> (0x00000000984e52a0) thrown at [./src/hotspot/share/interpreter/linkResolver.cpp, line 773]
Event: 12.575 Thread 0x00000218f2f7c800 Implicit null exception at 0x0000021887b46074 to 0x0000021887b4628c
Event: 12.655 Thread 0x00000218f2f7c800 Exception <a 'java/lang/NoSuchMethodError'{0x0000000098058370}: 'java.lang.Object java.lang.invoke.DirectMethodHandle$Holder.invokeSpecial(java.lang.Object, java.lang.Object, int, int, java.lang.Object, java.lang.Object, java.lang.Object, java.lang.Object, java.lang.Object)'> (0x0000000098058370) thrown at [./src/hotspot/share/interpreter/linkResolver.cpp, line 773]
Event: 12.938 Thread 0x00000218f2f7c800 Exception <a 'java/lang/NoSuchMethodError'{0x000000009addde68}: 'java.lang.Object java.lang.invoke.DirectMethodHandle$Holder.invokeStatic(java.lang.Object, java.lang.Object, java.lang.Object, int, int, java.lang.Object)'> (0x000000009addde68) thrown at [./src/hotspot/share/interpreter/linkResolver.cpp, line 773]
Event: 12.938 Thread 0x00000218f2f7c800 Exception <a 'java/lang/NoSuchMethodError'{0x000000009ade18e0}: 'java.lang.Object java.lang.invoke.DirectMethodHandle$Holder.invokeSpecial(java.lang.Object, java.lang.Object, java.lang.Object, java.lang.Object, int, int, java.lang.Object)'> (0x000000009ade18e0) thrown at [./src/hotspot/share/interpreter/linkResolver.cpp, line 773]
Event: 12.938 Thread 0x00000218f2f7c800 Exception <a 'java/lang/NoSuchMethodError'{0x000000009ade4b58}: 'java.lang.Object java.lang.invoke.Invokers$Holder.linkToTargetMethod(java.lang.Object, java.lang.Object, int, int, java.lang.Object, java.lang.Object)'> (0x000000009ade4b58) thrown at [./src/hotspot/share/interpreter/linkResolver.cpp, line 773]
Event: 14.885 Thread 0x00000218f2f7c800 Exception <a 'java/lang/NoSuchMethodError'{0x0000000099b13fa0}: 'java.lang.Object java.lang.invoke.DirectMethodHandle$Holder.invokeSpecial(java.lang.Object, java.lang.Object, int, int, int, java.lang.Object, java.lang.Object, int)'> (0x0000000099b13fa0) thrown at [./src/hotspot/share/interpreter/linkResolver.cpp, line 773]
Event: 14.886 Thread 0x00000218f2f7c800 Exception <a 'java/lang/NoSuchMethodError'{0x0000000099b19210}: 'java.lang.Object java.lang.invoke.DelegatingMethodHandle$Holder.reinvoke_L(java.lang.Object, int, int, int, java.lang.Object, java.lang.Object, int)'> (0x0000000099b19210) thrown at [./src/hotspot/share/interpreter/linkResolver.cpp, line 773]
Event: 14.887 Thread 0x00000218f2f7c800 Exception <a 'java/lang/NoSuchMethodError'{0x0000000099b223a0}: 'java.lang.Object java.lang.invoke.DirectMethodHandle$Holder.invokeStatic(java.lang.Object, java.lang.Object, java.lang.Object, java.lang.Object, java.lang.Object, int)'> (0x0000000099b223a0) thrown at [./src/hotspot/share/interpreter/linkResolver.cpp, line 773]
Event: 14.888 Thread 0x00000218f2f7c800 Exception <a 'java/lang/NoSuchMethodError'{0x0000000099b39cb0}: 'java.lang.Object java.lang.invoke.DirectMethodHandle$Holder.invokeStatic(java.lang.Object, java.lang.Object, java.lang.Object, java.lang.Object, java.lang.Object, int, int)'> (0x0000000099b39cb0) thrown at [./src/hotspot/share/interpreter/linkResolver.cpp, line 773]
Event: 14.963 Thread 0x00000218f2f7c800 Exception <a 'java/lang/NoSuchMethodError'{0x0000000099863600}: 'java.lang.Object java.lang.invoke.DirectMethodHandle$Holder.invokeStatic(java.lang.Object, java.lang.Object, java.lang.Object, java.lang.Object, java.lang.Object, java.lang.Object, java.lang.Object, java.lang.Object, java.lang.Object, java.lang.Object, java.lang.Object, java.lang.Object, java.lang.Object, int)'> (0x0000000099863600) thrown at [./src/hotspot/share/interpreter/linkResolver.cpp, line 773]
Event: 14.965 Thread 0x00000218f2f7c800 Exception <a 'java/lang/NoSuchMethodError'{0x0000000099870418}: 'java.lang.Object java.lang.invoke.DirectMethodHandle$Holder.invokeStatic(java.lang.Object, java.lang.Object, java.lang.Object, java.lang.Object, java.lang.Object, java.lang.Object, java.lang.Object, java.lang.Object, java.lang.Object, java.lang.Object, java.lang.Object, java.lang.Object, java.lang.Object, int, int)'> (0x0000000099870418) thrown at [./src/hotspot/share/interpreter/linkResolver.cpp, line 773]
Event: 15.043 Thread 0x00000218f2f7c800 Exception <a 'java/lang/NoSuchMethodError'{0x00000000995bea50}: 'java.lang.Object java.lang.invoke.DirectMethodHandle$Holder.invokeSpecial(java.lang.Object, java.lang.Object, int, int, java.lang.Object, java.lang.Object, java.lang.Object, java.lang.Object)'> (0x00000000995bea50) thrown at [./src/hotspot/share/interpreter/linkResolver.cpp, line 773]
Event: 15.043 Thread 0x00000218f2f7c800 Exception <a 'java/lang/NoSuchMethodError'{0x00000000995c2188}: 'java.lang.Object java.lang.invoke.DelegatingMethodHandle$Holder.reinvoke_L(java.lang.Object, int, int, java.lang.Object, java.lang.Object, java.lang.Object, java.lang.Object)'> (0x00000000995c2188) thrown at [./src/hotspot/share/interpreter/linkResolver.cpp, line 773]
Event: 15.044 Thread 0x00000218f2f7c800 Exception <a 'java/lang/NoSuchMethodError'{0x00000000995d0a40}: 'java.lang.Object java.lang.invoke.DirectMethodHandle$Holder.invokeStatic(java.lang.Object, java.lang.Object, java.lang.Object, java.lang.Object, java.lang.Object, java.lang.Object, int)'> (0x00000000995d0a40) thrown at [./src/hotspot/share/interpreter/linkResolver.cpp, line 773]

Events (20 events):
Event: 15.587 loading class org/jetbrains/kotlin/ir/descriptors/IrAbstractDescriptorBasedFunctionFactory$functionN$1$1
Event: 15.587 loading class org/jetbrains/kotlin/ir/descriptors/IrAbstractDescriptorBasedFunctionFactory$functionN$1$1 done
Event: 15.587 loading class org/jetbrains/kotlin/ir/descriptors/IrDescriptorBasedFunctionFactory$FunctionDescriptorFactory$RealDescriptorFactory
Event: 15.587 loading class org/jetbrains/kotlin/ir/descriptors/IrDescriptorBasedFunctionFactory$FunctionDescriptorFactory$RealDescriptorFactory done
Event: 15.587 loading class org/jetbrains/kotlin/ir/descriptors/IrDescriptorBasedFunctionFactory$FunctionDescriptorFactory
Event: 15.587 loading class org/jetbrains/kotlin/ir/descriptors/IrDescriptorBasedFunctionFactory$FunctionDescriptorFactory done
Event: 15.588 loading class org/jetbrains/kotlin/ir/declarations/IrDeclarationOrigin$ADAPTER_FOR_CALLABLE_REFERENCE
Event: 15.588 loading class org/jetbrains/kotlin/ir/declarations/IrDeclarationOrigin$ADAPTER_FOR_CALLABLE_REFERENCE done
Event: 15.588 loading class org/jetbrains/kotlin/ir/declarations/IrDeclarationOrigin$ADAPTER_FOR_FUN_INTERFACE_CONSTRUCTOR
Event: 15.588 loading class org/jetbrains/kotlin/ir/declarations/IrDeclarationOrigin$ADAPTER_FOR_FUN_INTERFACE_CONSTRUCTOR done
Event: 15.588 loading class org/jetbrains/kotlin/ir/builders/IrElementBuilderKt
Event: 15.588 loading class org/jetbrains/kotlin/ir/builders/IrElementBuilderKt done
Event: 15.588 loading class org/jetbrains/kotlin/backend/jvm/JvmLoweredDeclarationOrigin$GENERATED_MEMBER_IN_CALLABLE_REFERENCE
Event: 15.588 loading class org/jetbrains/kotlin/backend/jvm/JvmLoweredDeclarationOrigin$GENERATED_MEMBER_IN_CALLABLE_REFERENCE done
Event: 15.589 loading class org/jetbrains/kotlin/backend/jvm/lower/FunctionReferenceLowering$FunctionReferenceBuilder$createConstructor$2$1$1$1$1
Event: 15.589 loading class org/jetbrains/kotlin/backend/jvm/lower/FunctionReferenceLowering$FunctionReferenceBuilder$createConstructor$2$1$1$1$1 done
Event: 15.593 loading class org/jetbrains/kotlin/backend/jvm/JvmLoweredDeclarationOrigin$FUNCTION_REFERENCE_IMPL
Event: 15.593 loading class org/jetbrains/kotlin/backend/jvm/JvmLoweredDeclarationOrigin$FUNCTION_REFERENCE_IMPL done
Event: 15.594 loading class org/jetbrains/kotlin/ir/expressions/IrStatementOrigin$SUSPEND_CONVERSION
Event: 15.594 loading class org/jetbrains/kotlin/ir/expressions/IrStatementOrigin$SUSPEND_CONVERSION done


Dynamic libraries:
0x00007ff60c2d0000 - 0x00007ff60c2da000 	D:\AndroidStudio\jre\bin\java.exe
0x00007ffb91ed0000 - 0x00007ffb920c8000 	C:\WINDOWS\SYSTEM32\ntdll.dll
0x00007ffb91c20000 - 0x00007ffb91cdd000 	C:\WINDOWS\System32\KERNEL32.DLL
0x00007ffb8f870000 - 0x00007ffb8fb66000 	C:\WINDOWS\System32\KERNELBASE.dll
0x00007ffb8f6d0000 - 0x00007ffb8f7d0000 	C:\WINDOWS\System32\ucrtbase.dll
0x00007ffb87d00000 - 0x00007ffb87d17000 	D:\AndroidStudio\jre\bin\VCRUNTIME140.dll
0x00007ffb87ce0000 - 0x00007ffb87cf9000 	D:\AndroidStudio\jre\bin\jli.dll
0x00007ffb90e60000 - 0x00007ffb90ffe000 	C:\WINDOWS\System32\USER32.dll
0x00007ffb83d70000 - 0x00007ffb8400a000 	C:\WINDOWS\WinSxS\amd64_microsoft.windows.common-controls_6595b64144ccf1df_6.0.19041.3636_none_60b6a03d71f818d5\COMCTL32.dll
0x00007ffb8fb70000 - 0x00007ffb8fb92000 	C:\WINDOWS\System32\win32u.dll
0x00007ffb900b0000 - 0x00007ffb9014e000 	C:\WINDOWS\System32\msvcrt.dll
0x00007ffb90400000 - 0x00007ffb9042c000 	C:\WINDOWS\System32\GDI32.dll
0x00007ffb8f5b0000 - 0x00007ffb8f6ca000 	C:\WINDOWS\System32\gdi32full.dll
0x00007ffb8fbf0000 - 0x00007ffb8fc8d000 	C:\WINDOWS\System32\msvcp_win.dll
0x00007ffb90290000 - 0x00007ffb902c0000 	C:\WINDOWS\System32\IMM32.DLL
0x00007ffb7c9e0000 - 0x00007ffb7ca7d000 	D:\AndroidStudio\jre\bin\msvcp140.dll
0x00007ffb24740000 - 0x00007ffb25225000 	D:\AndroidStudio\jre\bin\server\jvm.dll
0x00007ffb907f0000 - 0x00007ffb9089f000 	C:\WINDOWS\System32\ADVAPI32.dll
0x00007ffb90450000 - 0x00007ffb904ec000 	C:\WINDOWS\System32\sechost.dll
0x00007ffb906b0000 - 0x00007ffb907d6000 	C:\WINDOWS\System32\RPCRT4.dll
0x00007ffb909c0000 - 0x00007ffb909c8000 	C:\WINDOWS\System32\PSAPI.DLL
0x00007ffb85090000 - 0x00007ffb850b7000 	C:\WINDOWS\SYSTEM32\WINMM.dll
0x00007ffb8d510000 - 0x00007ffb8d51a000 	C:\WINDOWS\SYSTEM32\VERSION.dll
0x00007ffb27160000 - 0x00007ffb27169000 	C:\WINDOWS\SYSTEM32\WSOCK32.dll
0x00007ffb908a0000 - 0x00007ffb9090b000 	C:\WINDOWS\System32\WS2_32.dll
0x00007ffb8ddc0000 - 0x00007ffb8ddd2000 	C:\WINDOWS\SYSTEM32\kernel.appcore.dll
0x00007ffb25750000 - 0x00007ffb25761000 	D:\AndroidStudio\jre\bin\verify.dll
0x00007ffb7d4c0000 - 0x00007ffb7d6a4000 	C:\WINDOWS\SYSTEM32\DBGHELP.DLL
0x00007ffb7db80000 - 0x00007ffb7dbb4000 	C:\WINDOWS\SYSTEM32\dbgcore.DLL
0x00007ffb8fd40000 - 0x00007ffb8fdc2000 	C:\WINDOWS\System32\bcryptPrimitives.dll
0x00007ffb24710000 - 0x00007ffb24739000 	D:\AndroidStudio\jre\bin\java.dll
0x00007ffb27140000 - 0x00007ffb2714b000 	D:\AndroidStudio\jre\bin\jimage.dll
0x00007ffb246f0000 - 0x00007ffb24708000 	D:\AndroidStudio\jre\bin\zip.dll
0x00007ffb914d0000 - 0x00007ffb91c15000 	C:\WINDOWS\System32\SHELL32.dll
0x00007ffb8d610000 - 0x00007ffb8ddab000 	C:\WINDOWS\SYSTEM32\windows.storage.dll
0x00007ffb90b00000 - 0x00007ffb90e54000 	C:\WINDOWS\System32\combase.dll
0x00007ffb8ef20000 - 0x00007ffb8ef4d000 	C:\WINDOWS\SYSTEM32\Wldp.dll
0x00007ffb90150000 - 0x00007ffb901fd000 	C:\WINDOWS\System32\SHCORE.dll
0x00007ffb909d0000 - 0x00007ffb90a25000 	C:\WINDOWS\System32\shlwapi.dll
0x00007ffb8f4e0000 - 0x00007ffb8f505000 	C:\WINDOWS\SYSTEM32\profapi.dll
0x00007ffb246d0000 - 0x00007ffb246ea000 	D:\AndroidStudio\jre\bin\net.dll
0x00007ffb85e20000 - 0x00007ffb85f2a000 	C:\WINDOWS\SYSTEM32\WINHTTP.dll
0x00007ffb8ec60000 - 0x00007ffb8ecca000 	C:\WINDOWS\system32\mswsock.dll
0x00007ffb246b0000 - 0x00007ffb246c4000 	D:\AndroidStudio\jre\bin\nio.dll

dbghelp: loaded successfully - version: 4.0.5 - missing functions: none
symbol engine: initialized successfully - sym options: 0x614 - pdb path: .;D:\AndroidStudio\jre\bin;C:\WINDOWS\SYSTEM32;C:\WINDOWS\WinSxS\amd64_microsoft.windows.common-controls_6595b64144ccf1df_6.0.19041.3636_none_60b6a03d71f818d5;D:\AndroidStudio\jre\bin\server

VM Arguments:
java_command: org.jetbrains.kotlin.cli.jvm.K2JVMCompiler @C:\Users\1661322\AndroidStudioProjects\YouTubeDownloader\app\build\20240105_7147287803265467612.compiler.options
java_class_path (initial): C:\Users\1661322\.gradle\caches\modules-2\files-2.1\org.jetbrains.kotlin\kotlin-compiler-embeddable\1.7.20\8db18559a581dd2c36ddfd5046af145650f5b126\kotlin-compiler-embeddable-1.7.20.jar;C:\Users\1661322\.gradle\caches\modules-2\files-2.1\org.jetbrains.kotlin\kotlin-reflect\1.7.20\12b2501e33bb6373e8e347c86d85481863629381\kotlin-reflect-1.7.20.jar;C:\Users\1661322\.gradle\caches\modules-2\files-2.1\org.jetbrains.kotlin\kotlin-stdlib\1.7.20\726594ea9ba2beb2ee113647fefa9a10f9fabe52\kotlin-stdlib-1.7.20.jar;C:\Users\1661322\.gradle\caches\modules-2\files-2.1\org.jetbrains.kotlin\kotlin-script-runtime\1.7.20\bcd1cc6f865e632550357fcc59f5ffd532615a8\kotlin-script-runtime-1.7.20.jar;C:\Users\1661322\.gradle\caches\modules-2\files-2.1\org.jetbrains.kotlin\kotlin-daemon-embeddable\1.7.20\1e24355adad8d529d75d5b19eab55484057431ba\kotlin-daemon-embeddable-1.7.20.jar;C:\Users\1661322\.gradle\caches\modules-2\files-2.1\org.jetbrains.intellij.deps\trove4j\1.0.20200330\3afb14d5f9ceb459d724e907a21145e8ff394f02\trove4j-1.0.20200330.jar;C:\Users\1661322\.gradle\caches\modules-2\files-2.1\net.java.dev.jna\jna\5.6.0\330f2244e9030119ab3030fc3fededc86713d9cc\jna-5.6.0.jar;C:\Users\1661322\.gradle\caches\modules-2\files-2.1\org.jetbrains.kotlin\kotlin-stdlib-common\1.7.20\e15351bdaf9fa06f009be5da7a202e4184f00ae3\kotlin-stdlib-common-1.7.20.jar;C:\Users\1661322\.gradle\caches\modules-2\files-2.1\org.jetbrains\annotations\13.0\919f0dfe192fb4e063e7dacadee7f8bb9a2672a9\annotations-13.0.jar
Launcher Type: SUN_STANDARD

[Global flags]
     intx CICompilerCount                          = 4                                         {product} {ergonomic}
     uint ConcGCThreads                            = 2                                         {product} {ergonomic}
     uint G1ConcRefinementThreads                  = 8                                         {product} {ergonomic}
   size_t G1HeapRegionSize                         = 1048576                                   {product} {ergonomic}
    uintx GCDrainStackTargetSize                   = 64                                        {product} {ergonomic}
   size_t InitialHeapSize                          = 117440512                                 {product} {ergonomic}
   size_t MarkStackSize                            = 4194304                                   {product} {ergonomic}
   size_t MaxHeapSize                              = 1862270976                                {product} {ergonomic}
   size_t MaxNewSize                               = 1116733440                                {product} {ergonomic}
   size_t MinHeapDeltaBytes                        = 1048576                                   {product} {ergonomic}
    uintx NonNMethodCodeHeapSize                   = 5836300                                {pd product} {ergonomic}
    uintx NonProfiledCodeHeapSize                  = 122910970                              {pd product} {ergonomic}
    uintx ProfiledCodeHeapSize                     = 122910970                              {pd product} {ergonomic}
    uintx ReservedCodeCacheSize                    = 251658240                              {pd product} {ergonomic}
     bool SegmentedCodeCache                       = true                                      {product} {ergonomic}
     bool UseCompressedClassPointers               = true                                 {lp64_product} {ergonomic}
     bool UseCompressedOops                        = true                                 {lp64_product} {ergonomic}
     bool UseG1GC                                  = true                                      {product} {ergonomic}
     bool UseLargePagesIndividualAllocation        = false                                  {pd product} {ergonomic}

Logging:
Log output configuration:
 #0: stdout all=warning uptime,level,tags
 #1: stderr all=off uptime,level,tags

Environment Variables:
PATH=C:\ProgramData\Oracle\Java\javapath;D:\Python310\Scripts\;D:\Python310\;C:\Users\1661322\gcc\bin;C:\Users\1661322\gcc\libexec\gcc\x86_64-w64-mingw32\9.2.0;C:\Program Files\Common Files\Oracle\Java\javapath;C:\WINDOWS\system32;C:\WINDOWS;C:\WINDOWS\System32\Wbem;C:\WINDOWS\System32\WindowsPowerShell\v1.0\;C:\WINDOWS\System32\OpenSSH\;D:\bin;C:\Program Files\Microsoft SQL Server\130\Tools\Binn\;C:\Program Files\Git\cmd;C:\Program Files\MATLAB\R2021b\bin;D:\Downloads\php-8.1.4-nts-Win32-vs16-x64;D:\Apache;D:\Downloads\apache-maven-3.8.6-bin\apache-maven-3.8.6\bin;C:\Program Files\MySQL\MySQL Shell 8.0\bin\;C:\Users\1661322\AppData\Local\Microsoft\WindowsApps;C:\Users\1661322\.dotnet\tools;C:\Users\1661322\AppData\Local\GitHubDesktop\bin;C:\Users\1661322\AppData\Local\atom\bin;C:\Users\1661322\AppData\Roaming\Composer\vendor\bin;C:\Users\1661322\AppData\Local\Programs\Microsoft VS Code\bin;D:\Documents\latex\texlive\2023\bin\windows
USERNAME=Matttax
OS=Windows_NT
PROCESSOR_IDENTIFIER=AMD64 Family 23 Model 24 Stepping 1, AuthenticAMD



---------------  S Y S T E M  ---------------

OS: Windows 10 , 64 bit Build 19041 (10.0.19041.3636)
OS uptime: 0 days 0:57 hours
Hyper-V role detected

CPU:total 8 (initial active 8) (8 cores per cpu, 2 threads per core) family 23 model 24 stepping 1 microcode 0x0, cmov, cx8, fxsr, mmx, sse, sse2, sse3, ssse3, sse4.1, sse4.2, popcnt, avx, avx2, aes, clmul, mmxext, 3dnowpref, lzcnt, sse4a, ht, tsc, tscinvbit, tscinv, bmi1, bmi2, adx, sha, fma

Memory: 4k page, system-wide physical 7103M (420M free)
TotalPageFile size 10385M (AvailPageFile size 5M)
current process WorkingSet (physical memory assigned to process): 400M, peak: 403M
current process commit charge ("private bytes"): 469M, peak: 469M

vm_info: OpenJDK 64-Bit Server VM (11.0.12+7-b1504.28-7817840) for windows-amd64 JRE (11.0.12+7-b1504.28-7817840), built on Oct 13 2021 22:12:33 by "builder" with MS VC++ 14.0 (VS2015)

END.
