#
# There is insufficient memory for the Java Runtime Environment to continue.
# Native memory allocation (malloc) failed to allocate 908176 bytes for Chunk::new
# Possible reasons:
#   The system is out of physical RAM or swap space
#   The process is running with CompressedOops enabled, and the Java Heap may be blocking the growth of the native heap
# Possible solutions:
#   Reduce memory load on the system
#   Increase physical memory or swap space
#   Check if swap backing store is full
#   Decrease Java heap size (-Xmx/-Xms)
#   Decrease number of Java threads
#   Decrease Java thread stack sizes (-Xss)
#   Set larger code cache with -XX:ReservedCodeCacheSize=
#   JVM is running with Zero Based Compressed Oops mode in which the Java heap is
#     placed in the first 32GB address space. The Java Heap base address is the
#     maximum limit for the native heap growth. Please use -XX:HeapBaseMinAddress
#     to set the Java Heap base and to place the Java Heap above 32GB virtual address.
# This output file may be truncated or incomplete.
#
#  Out of Memory Error (./src/hotspot/share/memory/arena.cpp:197), pid=13360, tid=7412
#
# JRE version: OpenJDK Runtime Environment (11.0.12+7) (build 11.0.12+7-b1504.28-7817840)
# Java VM: OpenJDK 64-Bit Server VM (11.0.12+7-b1504.28-7817840, mixed mode, tiered, compressed oops, g1 gc, windows-amd64)
# No core dump will be written. Minidumps are not enabled by default on client versions of Windows
#

---------------  S U M M A R Y ------------

Command Line: --add-opens=java.base/java.util=ALL-UNNAMED --add-opens=java.base/java.lang=ALL-UNNAMED --add-opens=java.base/java.lang.invoke=ALL-UNNAMED --add-opens=java.base/java.util=ALL-UNNAMED --add-opens=java.prefs/java.util.prefs=ALL-UNNAMED --add-opens=java.prefs/java.util.prefs=ALL-UNNAMED --add-opens=java.base/java.nio.charset=ALL-UNNAMED --add-opens=java.base/java.net=ALL-UNNAMED --add-opens=java.base/java.util.concurrent.atomic=ALL-UNNAMED -Xmx4608m -Dfile.encoding=UTF-8 -Duser.country=RU -Duser.language=ru -Duser.variant org.gradle.launcher.daemon.bootstrap.GradleDaemon 7.3.3

Host: AMD Ryzen 5 3500U with Radeon Vega Mobile Gfx  , 8 cores, 6G,  Windows 10 , 64 bit Build 19041 (10.0.19041.3636)
Time: Wed Jan 10 16:06:44 2024 RTZ 2 (зима) elapsed time: 37.648504 seconds (0d 0h 0m 37s)

---------------  T H R E A D  ---------------

Current thread (0x0000015c1ca24000):  JavaThread "C2 CompilerThread1" daemon [_thread_in_native, id=7412, stack(0x00000024d2b00000,0x00000024d2c00000)]


Current CompileTask:
C2:  37648 17126   !   4       java.io.ObjectOutputStream::writeObject0 (619 bytes)

Stack: [0x00000024d2b00000,0x00000024d2c00000]
Native frames: (J=compiled Java code, j=interpreted, Vv=VM code, C=native code)
V  [jvm.dll+0x5fbcea]
V  [jvm.dll+0x731905]
V  [jvm.dll+0x732f1d]
V  [jvm.dll+0x7335d3]
V  [jvm.dll+0x247bf8]
V  [jvm.dll+0xc018c]
V  [jvm.dll+0xc06cc]
V  [jvm.dll+0x2bcc04]
V  [jvm.dll+0x5113a8]
V  [jvm.dll+0x208303]
V  [jvm.dll+0x201fe0]
V  [jvm.dll+0x1ff71f]
V  [jvm.dll+0x18868c]
V  [jvm.dll+0x20e0d7]
V  [jvm.dll+0x20c901]
V  [jvm.dll+0x6f9b7f]
V  [jvm.dll+0x6f26a5]
V  [jvm.dll+0x5fabf6]
C  [ucrtbase.dll+0x21bb2]
C  [KERNEL32.DLL+0x17344]
C  [ntdll.dll+0x526b1]


---------------  P R O C E S S  ---------------

Threads class SMR info:
_java_thread_list=0x0000015c161f6140, length=142, elements={
0x0000015c6c3d5000, 0x0000015c7f7eb800, 0x0000015c7f7f7000, 0x0000015c7f80d000,
0x0000015c7f80e000, 0x0000015c7f873800, 0x0000015c7f878000, 0x0000015c7f881000,
0x0000015c7f885800, 0x0000015c7f9e4000, 0x0000015c122ef800, 0x0000015c10e9c000,
0x0000015c11249000, 0x0000015c7facc800, 0x0000015c1013e800, 0x0000015c0fa15000,
0x0000015c11752000, 0x0000015c12153000, 0x0000015c120b7000, 0x0000015c11f21000,
0x0000015c11f22000, 0x0000015c11f20800, 0x0000015c11f22800, 0x0000015c11f1d000,
0x0000015c11f23800, 0x0000015c11f1e000, 0x0000015c11f1f800, 0x0000015c11f1e800,
0x0000015c14ae6000, 0x0000015c14ae4000, 0x0000015c14ae5800, 0x0000015c14ae7000,
0x0000015c14ae8000, 0x0000015c14ae2000, 0x0000015c14ae8800, 0x0000015c14ae4800,
0x0000015c14ae3000, 0x0000015c14aef000, 0x0000015c14aed800, 0x0000015c14aec800,
0x0000015c14aea800, 0x0000015c14aeb000, 0x0000015c14aec000, 0x0000015c14ae9800,
0x0000015c14aee800, 0x0000015c166ca800, 0x0000015c166cc000, 0x0000015c166c9000,
0x0000015c166c8000, 0x0000015c166cb800, 0x0000015c166c9800, 0x0000015c166cd000,
0x0000015c166c7000, 0x0000015c166ce000, 0x0000015c166d4800, 0x0000015c166ce800,
0x0000015c166d5000, 0x0000015c166cf800, 0x0000015c166d2000, 0x0000015c166d6000,
0x0000015c166d0000, 0x0000015c166d1000, 0x0000015c166d2800, 0x0000015c166d3800,
0x0000015c11c0b000, 0x0000015c11c0c800, 0x0000015c11c0b800, 0x0000015c11c06800,
0x0000015c11c0d000, 0x0000015c11c07800, 0x0000015c11c0e000, 0x0000015c11c08800,
0x0000015c11c0f000, 0x0000015c11c09000, 0x0000015c11c0f800, 0x0000015c11c0a000,
0x0000015c11c13800, 0x0000015c11c13000, 0x0000015c11c12000, 0x0000015c11c10800,
0x0000015c11c11800, 0x0000015c11c14800, 0x0000015c11c15800, 0x0000015c12eac800,
0x0000015c12ea9800, 0x0000015c12eaa000, 0x0000015c12eb1000, 0x0000015c12eab000,
0x0000015c12eaf000, 0x0000015c12eac000, 0x0000015c12eb2800, 0x0000015c12eb3000,
0x0000015c12eb1800, 0x0000015c12ead800, 0x0000015c12eb0000, 0x0000015c12eb4000,
0x0000015c12eae800, 0x0000015c12eb5000, 0x0000015c12eb5800, 0x0000015c12eb6800,
0x0000015c12eb7800, 0x0000015c12eb8000, 0x0000015c16923000, 0x0000015c16924000,
0x0000015c16925800, 0x0000015c16924800, 0x0000015c16926000, 0x0000015c16928000,
0x0000015c16927000, 0x0000015c16922000, 0x0000015c16929800, 0x0000015c1692d800,
0x0000015c1692a800, 0x0000015c1692c000, 0x0000015c1692e800, 0x0000015c16928800,
0x0000015c1692b000, 0x0000015c1692f000, 0x0000015c16930000, 0x0000015c16931000,
0x0000015c1692d000, 0x0000015c16f37800, 0x0000015c16f38000, 0x0000015c16f41000,
0x0000015c1ca24000, 0x0000015c16f3b800, 0x0000015c16f42000, 0x0000015c16f3c000,
0x0000015c16f43800, 0x0000015c16f3e000, 0x0000015c1a686000, 0x0000015c1a687800,
0x0000015c1a683000, 0x0000015c1a687000, 0x0000015c1a689800, 0x0000015c1a683800,
0x0000015c1a68a000, 0x0000015c1a684800, 0x0000015c1a68b000, 0x0000015c1a685000,
0x0000015c1a691800, 0x0000015c1a690000
}

Java Threads: ( => current thread )
  0x0000015c6c3d5000 JavaThread "main" [_thread_blocked, id=1884, stack(0x00000024d0b00000,0x00000024d0c00000)]
  0x0000015c7f7eb800 JavaThread "Reference Handler" daemon [_thread_blocked, id=9988, stack(0x00000024d1200000,0x00000024d1300000)]
  0x0000015c7f7f7000 JavaThread "Finalizer" daemon [_thread_blocked, id=1504, stack(0x00000024d1300000,0x00000024d1400000)]
  0x0000015c7f80d000 JavaThread "Signal Dispatcher" daemon [_thread_blocked, id=10944, stack(0x00000024d1400000,0x00000024d1500000)]
  0x0000015c7f80e000 JavaThread "Attach Listener" daemon [_thread_blocked, id=11288, stack(0x00000024d1500000,0x00000024d1600000)]
  0x0000015c7f873800 JavaThread "Service Thread" daemon [_thread_blocked, id=11192, stack(0x00000024d1600000,0x00000024d1700000)]
  0x0000015c7f878000 JavaThread "C2 CompilerThread0" daemon [_thread_in_native, id=11988, stack(0x00000024d1700000,0x00000024d1800000)]
  0x0000015c7f881000 JavaThread "C1 CompilerThread0" daemon [_thread_blocked, id=8824, stack(0x00000024d1800000,0x00000024d1900000)]
  0x0000015c7f885800 JavaThread "Sweeper thread" daemon [_thread_blocked, id=11392, stack(0x00000024d1900000,0x00000024d1a00000)]
  0x0000015c7f9e4000 JavaThread "Common-Cleaner" daemon [_thread_blocked, id=5624, stack(0x00000024d1a00000,0x00000024d1b00000)]
  0x0000015c122ef800 JavaThread "Daemon health stats" [_thread_blocked, id=7440, stack(0x00000024d1f00000,0x00000024d2000000)]
  0x0000015c10e9c000 JavaThread "Incoming local TCP Connector on port 7733" [_thread_in_native, id=7916, stack(0x00000024d1c00000,0x00000024d1d00000)]
  0x0000015c11249000 JavaThread "Daemon periodic checks" [_thread_blocked, id=13852, stack(0x00000024d1e00000,0x00000024d1f00000)]
  0x0000015c7facc800 JavaThread "Daemon" [_thread_blocked, id=12752, stack(0x00000024d2000000,0x00000024d2100000)]
  0x0000015c1013e800 JavaThread "Handler for socket connection from /127.0.0.1:7733 to /127.0.0.1:7734" [_thread_in_native, id=9032, stack(0x00000024d2100000,0x00000024d2200000)]
  0x0000015c0fa15000 JavaThread "Cancel handler" [_thread_blocked, id=10884, stack(0x00000024d2900000,0x00000024d2a00000)]
  0x0000015c11752000 JavaThread "Daemon worker" [_thread_in_Java, id=5468, stack(0x00000024d2a00000,0x00000024d2b00000)]
  0x0000015c12153000 JavaThread "Asynchronous log dispatcher for DefaultDaemonConnection: socket connection from /127.0.0.1:7733 to /127.0.0.1:7734" [_thread_blocked, id=10260, stack(0x00000024d2c00000,0x00000024d2d00000)]
  0x0000015c120b7000 JavaThread "Stdin handler" [_thread_blocked, id=6812, stack(0x00000024d2d00000,0x00000024d2e00000)]
  0x0000015c11f21000 JavaThread "Daemon client event forwarder" [_thread_blocked, id=10500, stack(0x00000024d2e00000,0x00000024d2f00000)]
  0x0000015c11f22000 JavaThread "Cache worker for journal cache (C:\Users\1661322\.gradle\caches\journal-1)" [_thread_blocked, id=8428, stack(0x00000024d2f00000,0x00000024d3000000)]
  0x0000015c11f20800 JavaThread "File lock request listener" [_thread_in_native, id=12112, stack(0x00000024d3000000,0x00000024d3100000)]
  0x0000015c11f22800 JavaThread "Cache worker for file hash cache (C:\Users\1661322\.gradle\caches\7.3.3\fileHashes)" [_thread_blocked, id=13156, stack(0x00000024d3100000,0x00000024d3200000)]
  0x0000015c11f1d000 JavaThread "Cache worker for file hash cache (C:\Users\1661322\AndroidStudioProjects\YouTubeDownloader\.gradle\7.3.3\fileHashes)" [_thread_blocked, id=3032, stack(0x00000024d3300000,0x00000024d3400000)]
  0x0000015c11f23800 JavaThread "File watcher server" daemon [_thread_in_native, id=7540, stack(0x00000024d3500000,0x00000024d3600000)]
  0x0000015c11f1e000 JavaThread "File watcher consumer" daemon [_thread_blocked, id=10996, stack(0x00000024d3600000,0x00000024d3700000)]
  0x0000015c11f1f800 JavaThread "Cache worker for checksums cache (C:\Users\1661322\AndroidStudioProjects\YouTubeDownloader\.gradle\7.3.3\checksums)" [_thread_blocked, id=10076, stack(0x00000024d3700000,0x00000024d3800000)]
  0x0000015c11f1e800 JavaThread "Cache worker for cache directory md-supplier (C:\Users\1661322\.gradle\caches\7.3.3\md-supplier)" [_thread_blocked, id=13528, stack(0x00000024d3800000,0x00000024d3900000)]
  0x0000015c14ae6000 JavaThread "Cache worker for cache directory md-rule (C:\Users\1661322\.gradle\caches\7.3.3\md-rule)" [_thread_blocked, id=10404, stack(0x00000024d3900000,0x00000024d3a00000)]
  0x0000015c14ae4000 JavaThread "Cache worker for execution history cache (C:\Users\1661322\.gradle\caches\7.3.3\executionHistory)" [_thread_blocked, id=8372, stack(0x00000024d3a00000,0x00000024d3b00000)]
  0x0000015c14ae5800 JavaThread "jar transforms" [_thread_blocked, id=7152, stack(0x00000024d3b00000,0x00000024d3c00000)]
  0x0000015c14ae7000 JavaThread "Cache worker for file content cache (C:\Users\1661322\.gradle\caches\7.3.3\fileContent)" [_thread_blocked, id=3672, stack(0x00000024d3c00000,0x00000024d3d00000)]
  0x0000015c14ae8000 JavaThread "jar transforms Thread 2" [_thread_blocked, id=10820, stack(0x00000024d3d00000,0x00000024d3e00000)]
  0x0000015c14ae2000 JavaThread "Cache worker for dependencies-accessors (C:\Users\1661322\AndroidStudioProjects\YouTubeDownloader\.gradle\7.3.3\dependencies-accessors)" [_thread_blocked, id=10112, stack(0x00000024d3e00000,0x00000024d3f00000)]
  0x0000015c14ae8800 JavaThread "jar transforms Thread 3" [_thread_blocked, id=6120, stack(0x00000024d3400000,0x00000024d3500000)]
  0x0000015c14ae4800 JavaThread "Cache worker for Build Output Cleanup Cache (C:\Users\1661322\AndroidStudioProjects\YouTubeDownloader\.gradle\buildOutputCleanup)" [_thread_blocked, id=13544, stack(0x00000024d4000000,0x00000024d4100000)]
  0x0000015c14ae3000 JavaThread "Unconstrained build operations" [_thread_blocked, id=7428, stack(0x00000024d4100000,0x00000024d4200000)]
  0x0000015c14aef000 JavaThread "Unconstrained build operations Thread 2" [_thread_blocked, id=12236, stack(0x00000024d4200000,0x00000024d4300000)]
  0x0000015c14aed800 JavaThread "Unconstrained build operations Thread 3" [_thread_blocked, id=5544, stack(0x00000024d4300000,0x00000024d4400000)]
  0x0000015c14aec800 JavaThread "Unconstrained build operations Thread 4" [_thread_blocked, id=8020, stack(0x00000024d4400000,0x00000024d4500000)]
  0x0000015c14aea800 JavaThread "Unconstrained build operations Thread 5" [_thread_blocked, id=12948, stack(0x00000024d4500000,0x00000024d4600000)]
  0x0000015c14aeb000 JavaThread "Unconstrained build operations Thread 6" [_thread_blocked, id=4464, stack(0x00000024d4600000,0x00000024d4700000)]
  0x0000015c14aec000 JavaThread "Unconstrained build operations Thread 7" [_thread_blocked, id=7404, stack(0x00000024d4700000,0x00000024d4800000)]
  0x0000015c14ae9800 JavaThread "Unconstrained build operations Thread 8" [_thread_blocked, id=5128, stack(0x00000024d4800000,0x00000024d4900000)]
  0x0000015c14aee800 JavaThread "Unconstrained build operations Thread 9" [_thread_blocked, id=8668, stack(0x00000024d4900000,0x00000024d4a00000)]
  0x0000015c166ca800 JavaThread "Unconstrained build operations Thread 10" [_thread_blocked, id=12632, stack(0x00000024d4a00000,0x00000024d4b00000)]
  0x0000015c166cc000 JavaThread "Unconstrained build operations Thread 11" [_thread_blocked, id=13988, stack(0x00000024d4b00000,0x00000024d4c00000)]
  0x0000015c166c9000 JavaThread "Unconstrained build operations Thread 12" [_thread_blocked, id=7172, stack(0x00000024d4c00000,0x00000024d4d00000)]
  0x0000015c166c8000 JavaThread "Unconstrained build operations Thread 13" [_thread_blocked, id=2424, stack(0x00000024d4d00000,0x00000024d4e00000)]
  0x0000015c166cb800 JavaThread "Unconstrained build operations Thread 14" [_thread_blocked, id=4212, stack(0x00000024d4e00000,0x00000024d4f00000)]
  0x0000015c166c9800 JavaThread "Unconstrained build operations Thread 15" [_thread_blocked, id=2252, stack(0x00000024d4f00000,0x00000024d5000000)]
  0x0000015c166cd000 JavaThread "Unconstrained build operations Thread 16" [_thread_blocked, id=14324, stack(0x00000024d5000000,0x00000024d5100000)]
  0x0000015c166c7000 JavaThread "Unconstrained build operations Thread 17" [_thread_blocked, id=2992, stack(0x00000024d5100000,0x00000024d5200000)]
  0x0000015c166ce000 JavaThread "Unconstrained build operations Thread 18" [_thread_blocked, id=7436, stack(0x00000024d5200000,0x00000024d5300000)]
  0x0000015c166d4800 JavaThread "Unconstrained build operations Thread 19" [_thread_blocked, id=5220, stack(0x00000024d5300000,0x00000024d5400000)]
  0x0000015c166ce800 JavaThread "Unconstrained build operations Thread 20" [_thread_blocked, id=5604, stack(0x00000024d5400000,0x00000024d5500000)]
  0x0000015c166d5000 JavaThread "Unconstrained build operations Thread 21" [_thread_blocked, id=9912, stack(0x00000024d5500000,0x00000024d5600000)]
  0x0000015c166cf800 JavaThread "Unconstrained build operations Thread 22" [_thread_blocked, id=1508, stack(0x00000024d5600000,0x00000024d5700000)]
  0x0000015c166d2000 JavaThread "Unconstrained build operations Thread 23" [_thread_blocked, id=14200, stack(0x00000024d5700000,0x00000024d5800000)]
  0x0000015c166d6000 JavaThread "Unconstrained build operations Thread 24" [_thread_blocked, id=1396, stack(0x00000024d5800000,0x00000024d5900000)]
  0x0000015c166d0000 JavaThread "Unconstrained build operations Thread 25" [_thread_blocked, id=12592, stack(0x00000024d5900000,0x00000024d5a00000)]
  0x0000015c166d1000 JavaThread "Unconstrained build operations Thread 26" [_thread_blocked, id=9572, stack(0x00000024d5a00000,0x00000024d5b00000)]
  0x0000015c166d2800 JavaThread "Unconstrained build operations Thread 27" [_thread_blocked, id=4256, stack(0x00000024d5b00000,0x00000024d5c00000)]
  0x0000015c166d3800 JavaThread "Unconstrained build operations Thread 28" [_thread_blocked, id=10452, stack(0x00000024d5c00000,0x00000024d5d00000)]
  0x0000015c11c0b000 JavaThread "Unconstrained build operations Thread 29" [_thread_blocked, id=11088, stack(0x00000024d5d00000,0x00000024d5e00000)]
  0x0000015c11c0c800 JavaThread "Unconstrained build operations Thread 30" [_thread_blocked, id=1632, stack(0x00000024d5e00000,0x00000024d5f00000)]
  0x0000015c11c0b800 JavaThread "Unconstrained build operations Thread 31" [_thread_blocked, id=11656, stack(0x00000024d5f00000,0x00000024d6000000)]
  0x0000015c11c06800 JavaThread "Unconstrained build operations Thread 32" [_thread_blocked, id=11676, stack(0x00000024d6000000,0x00000024d6100000)]
  0x0000015c11c0d000 JavaThread "Unconstrained build operations Thread 33" [_thread_blocked, id=7748, stack(0x00000024d6100000,0x00000024d6200000)]
  0x0000015c11c07800 JavaThread "Unconstrained build operations Thread 34" [_thread_blocked, id=1364, stack(0x00000024d6200000,0x00000024d6300000)]
  0x0000015c11c0e000 JavaThread "Unconstrained build operations Thread 35" [_thread_blocked, id=5632, stack(0x00000024d6300000,0x00000024d6400000)]
  0x0000015c11c08800 JavaThread "Unconstrained build operations Thread 36" [_thread_blocked, id=2052, stack(0x00000024d6400000,0x00000024d6500000)]
  0x0000015c11c0f000 JavaThread "Unconstrained build operations Thread 37" [_thread_blocked, id=12524, stack(0x00000024d6500000,0x00000024d6600000)]
  0x0000015c11c09000 JavaThread "Unconstrained build operations Thread 38" [_thread_blocked, id=2888, stack(0x00000024d6600000,0x00000024d6700000)]
  0x0000015c11c0f800 JavaThread "Unconstrained build operations Thread 39" [_thread_blocked, id=1484, stack(0x00000024d6700000,0x00000024d6800000)]
  0x0000015c11c0a000 JavaThread "Unconstrained build operations Thread 40" [_thread_blocked, id=10024, stack(0x00000024d6800000,0x00000024d6900000)]
  0x0000015c11c13800 JavaThread "Unconstrained build operations Thread 41" [_thread_blocked, id=12428, stack(0x00000024d6900000,0x00000024d6a00000)]
  0x0000015c11c13000 JavaThread "Unconstrained build operations Thread 42" [_thread_blocked, id=14020, stack(0x00000024d6a00000,0x00000024d6b00000)]
  0x0000015c11c12000 JavaThread "Unconstrained build operations Thread 43" [_thread_blocked, id=8604, stack(0x00000024d6b00000,0x00000024d6c00000)]
  0x0000015c11c10800 JavaThread "Unconstrained build operations Thread 44" [_thread_blocked, id=9316, stack(0x00000024d6c00000,0x00000024d6d00000)]
  0x0000015c11c11800 JavaThread "Unconstrained build operations Thread 45" [_thread_blocked, id=2596, stack(0x00000024d6d00000,0x00000024d6e00000)]
  0x0000015c11c14800 JavaThread "Unconstrained build operations Thread 46" [_thread_blocked, id=1724, stack(0x00000024d6e00000,0x00000024d6f00000)]
  0x0000015c11c15800 JavaThread "Unconstrained build operations Thread 47" [_thread_blocked, id=2340, stack(0x00000024d6f00000,0x00000024d7000000)]
  0x0000015c12eac800 JavaThread "Unconstrained build operations Thread 48" [_thread_blocked, id=7536, stack(0x00000024d7000000,0x00000024d7100000)]
  0x0000015c12ea9800 JavaThread "Unconstrained build operations Thread 49" [_thread_blocked, id=392, stack(0x00000024d7100000,0x00000024d7200000)]
  0x0000015c12eaa000 JavaThread "Unconstrained build operations Thread 50" [_thread_blocked, id=13860, stack(0x00000024d7200000,0x00000024d7300000)]
  0x0000015c12eb1000 JavaThread "Unconstrained build operations Thread 51" [_thread_blocked, id=7336, stack(0x00000024d7300000,0x00000024d7400000)]
  0x0000015c12eab000 JavaThread "Unconstrained build operations Thread 52" [_thread_blocked, id=14312, stack(0x00000024d7400000,0x00000024d7500000)]
  0x0000015c12eaf000 JavaThread "Unconstrained build operations Thread 53" [_thread_blocked, id=9184, stack(0x00000024d7500000,0x00000024d7600000)]
  0x0000015c12eac000 JavaThread "Unconstrained build operations Thread 54" [_thread_blocked, id=2552, stack(0x00000024d7600000,0x00000024d7700000)]
  0x0000015c12eb2800 JavaThread "Unconstrained build operations Thread 55" [_thread_blocked, id=12152, stack(0x00000024d7700000,0x00000024d7800000)]
  0x0000015c12eb3000 JavaThread "Unconstrained build operations Thread 56" [_thread_blocked, id=13696, stack(0x00000024d7800000,0x00000024d7900000)]
  0x0000015c12eb1800 JavaThread "Unconstrained build operations Thread 57" [_thread_blocked, id=9112, stack(0x00000024d7900000,0x00000024d7a00000)]
  0x0000015c12ead800 JavaThread "Unconstrained build operations Thread 58" [_thread_blocked, id=10768, stack(0x00000024d7a00000,0x00000024d7b00000)]
  0x0000015c12eb0000 JavaThread "Unconstrained build operations Thread 59" [_thread_blocked, id=7720, stack(0x00000024d7b00000,0x00000024d7c00000)]
  0x0000015c12eb4000 JavaThread "Unconstrained build operations Thread 60" [_thread_blocked, id=8988, stack(0x00000024d7c00000,0x00000024d7d00000)]
  0x0000015c12eae800 JavaThread "Unconstrained build operations Thread 61" [_thread_blocked, id=6468, stack(0x00000024d7d00000,0x00000024d7e00000)]
  0x0000015c12eb5000 JavaThread "Unconstrained build operations Thread 62" [_thread_blocked, id=14068, stack(0x00000024d7e00000,0x00000024d7f00000)]
  0x0000015c12eb5800 JavaThread "Unconstrained build operations Thread 63" [_thread_blocked, id=13744, stack(0x00000024d7f00000,0x00000024d8000000)]
  0x0000015c12eb6800 JavaThread "Unconstrained build operations Thread 64" [_thread_blocked, id=6852, stack(0x00000024d8000000,0x00000024d8100000)]
  0x0000015c12eb7800 JavaThread "Unconstrained build operations Thread 65" [_thread_blocked, id=10516, stack(0x00000024d8100000,0x00000024d8200000)]
  0x0000015c12eb8000 JavaThread "Unconstrained build operations Thread 66" [_thread_blocked, id=4984, stack(0x00000024d8200000,0x00000024d8300000)]
  0x0000015c16923000 JavaThread "Unconstrained build operations Thread 67" [_thread_blocked, id=11000, stack(0x00000024d8300000,0x00000024d8400000)]
  0x0000015c16924000 JavaThread "Unconstrained build operations Thread 68" [_thread_blocked, id=12812, stack(0x00000024d8400000,0x00000024d8500000)]
  0x0000015c16925800 JavaThread "Unconstrained build operations Thread 69" [_thread_blocked, id=2752, stack(0x00000024d8500000,0x00000024d8600000)]
  0x0000015c16924800 JavaThread "Unconstrained build operations Thread 70" [_thread_blocked, id=11232, stack(0x00000024d8600000,0x00000024d8700000)]
  0x0000015c16926000 JavaThread "Unconstrained build operations Thread 71" [_thread_blocked, id=428, stack(0x00000024d8700000,0x00000024d8800000)]
  0x0000015c16928000 JavaThread "Unconstrained build operations Thread 72" [_thread_blocked, id=6964, stack(0x00000024d8800000,0x00000024d8900000)]
  0x0000015c16927000 JavaThread "Unconstrained build operations Thread 73" [_thread_blocked, id=3208, stack(0x00000024d8900000,0x00000024d8a00000)]
  0x0000015c16922000 JavaThread "Unconstrained build operations Thread 74" [_thread_blocked, id=14180, stack(0x00000024d8a00000,0x00000024d8b00000)]
  0x0000015c16929800 JavaThread "Unconstrained build operations Thread 75" [_thread_blocked, id=13764, stack(0x00000024d8b00000,0x00000024d8c00000)]
  0x0000015c1692d800 JavaThread "Unconstrained build operations Thread 76" [_thread_blocked, id=2880, stack(0x00000024d8c00000,0x00000024d8d00000)]
  0x0000015c1692a800 JavaThread "Unconstrained build operations Thread 77" [_thread_blocked, id=2144, stack(0x00000024d8d00000,0x00000024d8e00000)]
  0x0000015c1692c000 JavaThread "Unconstrained build operations Thread 78" [_thread_blocked, id=11152, stack(0x00000024d8e00000,0x00000024d8f00000)]
  0x0000015c1692e800 JavaThread "Unconstrained build operations Thread 79" [_thread_blocked, id=14228, stack(0x00000024d8f00000,0x00000024d9000000)]
  0x0000015c16928800 JavaThread "Unconstrained build operations Thread 80" [_thread_blocked, id=4448, stack(0x00000024d9000000,0x00000024d9100000)]
  0x0000015c1692b000 JavaThread "jar transforms Thread 4" [_thread_blocked, id=9440, stack(0x00000024d9100000,0x00000024d9200000)]
  0x0000015c1692f000 JavaThread "jar transforms Thread 5" [_thread_blocked, id=2444, stack(0x00000024d9200000,0x00000024d9300000)]
  0x0000015c16930000 JavaThread "jar transforms Thread 6" [_thread_blocked, id=1536, stack(0x00000024d9300000,0x00000024d9400000)]
  0x0000015c16931000 JavaThread "jar transforms Thread 7" [_thread_blocked, id=4652, stack(0x00000024d9400000,0x00000024d9500000)]
  0x0000015c1692d000 JavaThread "jar transforms Thread 8" [_thread_blocked, id=3824, stack(0x00000024d9500000,0x00000024d9600000)]
  0x0000015c16f37800 JavaThread "Memory manager" [_thread_blocked, id=11040, stack(0x00000024d9600000,0x00000024d9700000)]
  0x0000015c16f38000 JavaThread "pool-3-thread-1" [_thread_blocked, id=12856, stack(0x00000024d9800000,0x00000024d9900000)]
  0x0000015c16f41000 JavaThread "Cache worker for execution history cache (C:\Users\1661322\AndroidStudioProjects\YouTubeDownloader\.gradle\7.3.3\executionHistory)" [_thread_blocked, id=11644, stack(0x00000024da100000,0x00000024da200000)]
=>0x0000015c1ca24000 JavaThread "C2 CompilerThread1" daemon [_thread_in_native, id=7412, stack(0x00000024d2b00000,0x00000024d2c00000)]
  0x0000015c16f3b800 JavaThread "WorkerExecutor Queue" [_thread_blocked, id=6968, stack(0x00000024d3f00000,0x00000024d4000000)]
  0x0000015c16f42000 JavaThread "WorkerExecutor Queue Thread 2" [_thread_blocked, id=8100, stack(0x00000024da200000,0x00000024da300000)]
  0x0000015c16f3c000 JavaThread "WorkerExecutor Queue Thread 3" [_thread_blocked, id=1040, stack(0x00000024da300000,0x00000024da400000)]
  0x0000015c16f43800 JavaThread "WorkerExecutor Queue Thread 4" [_thread_blocked, id=8964, stack(0x00000024da400000,0x00000024da500000)]
  0x0000015c16f3e000 JavaThread "WorkerExecutor Queue Thread 6" [_thread_blocked, id=9456, stack(0x00000024da600000,0x00000024da700000)]
  0x0000015c1a686000 JavaThread "WorkerExecutor Queue Thread 7" [_thread_blocked, id=7760, stack(0x00000024da700000,0x00000024da800000)]
  0x0000015c1a687800 JavaThread "WorkerExecutor Queue Thread 8" [_thread_blocked, id=6580, stack(0x00000024da800000,0x00000024da900000)]
  0x0000015c1a683000 JavaThread "C2 CompilerThread2" daemon [_thread_in_native, id=3076, stack(0x00000024da900000,0x00000024daa00000)]
  0x0000015c1a687000 JavaThread "WorkerExecutor Queue Thread 9" [_thread_blocked, id=13936, stack(0x00000024dac00000,0x00000024dad00000)]
  0x0000015c1a689800 JavaThread "ForkJoinPool.commonPool-worker-3" daemon [_thread_blocked, id=3400, stack(0x00000024dad00000,0x00000024dae00000)]
  0x0000015c1a683800 JavaThread "ForkJoinPool.commonPool-worker-5" daemon [_thread_blocked, id=4344, stack(0x00000024dae00000,0x00000024daf00000)]
  0x0000015c1a68a000 JavaThread "ForkJoinPool.commonPool-worker-7" daemon [_thread_blocked, id=10976, stack(0x00000024daf00000,0x00000024db000000)]
  0x0000015c1a684800 JavaThread "ForkJoinPool.commonPool-worker-9" daemon [_thread_blocked, id=12396, stack(0x00000024db000000,0x00000024db100000)]
  0x0000015c1a68b000 JavaThread "ForkJoinPool.commonPool-worker-13" daemon [_thread_blocked, id=13216, stack(0x00000024db100000,0x00000024db200000)]
  0x0000015c1a685000 JavaThread "ForkJoinPool.commonPool-worker-11" daemon [_thread_blocked, id=11372, stack(0x00000024db200000,0x00000024db300000)]
  0x0000015c1a691800 JavaThread "ForkJoinPool.commonPool-worker-15" daemon [_thread_blocked, id=13432, stack(0x00000024db300000,0x00000024db400000)]
  0x0000015c1a690000 JavaThread "pool-2-thread-1" [_thread_in_native, id=3612, stack(0x00000024d9700000,0x00000024d9800000)]

Other Threads:
  0x0000015c7f7e7800 VMThread "VM Thread" [stack: 0x00000024d1100000,0x00000024d1200000] [id=14236]
  0x0000015c7fa0b800 WatcherThread [stack: 0x00000024d1b00000,0x00000024d1c00000] [id=5996]
  0x0000015c6c3ea800 GCTaskThread "GC Thread#0" [stack: 0x00000024d0c00000,0x00000024d0d00000] [id=10392]
  0x0000015c1004f800 GCTaskThread "GC Thread#1" [stack: 0x00000024d1d00000,0x00000024d1e00000] [id=2532]
  0x0000015c11701000 GCTaskThread "GC Thread#2" [stack: 0x00000024d2200000,0x00000024d2300000] [id=10880]
  0x0000015c11344800 GCTaskThread "GC Thread#3" [stack: 0x00000024d2300000,0x00000024d2400000] [id=9640]
  0x0000015c10151000 GCTaskThread "GC Thread#4" [stack: 0x00000024d2400000,0x00000024d2500000] [id=9948]
  0x0000015c10942000 GCTaskThread "GC Thread#5" [stack: 0x00000024d2500000,0x00000024d2600000] [id=3544]
  0x0000015c11eeb800 GCTaskThread "GC Thread#6" [stack: 0x00000024d2600000,0x00000024d2700000] [id=10312]
  0x0000015c11c96800 GCTaskThread "GC Thread#7" [stack: 0x00000024d2700000,0x00000024d2800000] [id=8452]
  0x0000015c6c452800 ConcurrentGCThread "G1 Main Marker" [stack: 0x00000024d0d00000,0x00000024d0e00000] [id=8888]
  0x0000015c6c453800 ConcurrentGCThread "G1 Conc#0" [stack: 0x00000024d0e00000,0x00000024d0f00000] [id=6772]
  0x0000015c11c8c800 ConcurrentGCThread "G1 Conc#1" [stack: 0x00000024d3200000,0x00000024d3300000] [id=3832]
  0x0000015c7f651800 ConcurrentGCThread "G1 Refine#0" [stack: 0x00000024d0f00000,0x00000024d1000000] [id=12404]
  0x0000015c11fbe800 ConcurrentGCThread "G1 Refine#1" [stack: 0x00000024d2800000,0x00000024d2900000] [id=4016]
  0x0000015c7f652800 ConcurrentGCThread "G1 Young RemSet Sampling" [stack: 0x00000024d1000000,0x00000024d1100000] [id=10984]

Threads with active compile tasks:
C2 CompilerThread0  37693 17177       4       org.gradle.internal.file.FileHierarchySet$PrefixFileSet::contains (10 bytes)
C2 CompilerThread1  37693 17126   !   4       java.io.ObjectOutputStream::writeObject0 (619 bytes)
C2 CompilerThread2  37693 17176       4       java.lang.invoke.TypeConvertingMethodAdapter::cast (42 bytes)

VM state:not at safepoint (normal execution)

VM Mutex/Monitor currently owned by a thread: None

Heap address: 0x00000006e0000000, size: 4608 MB, Compressed Oops mode: Zero based, Oop shift amount: 3
Narrow klass base: 0x0000000800000000, Narrow klass shift: 0
Compressed class space size: 1073741824 Address: 0x0000000800000000

Heap:
 garbage-first heap   total 287744K, used 152594K [0x00000006e0000000, 0x0000000800000000)
  region size 1024K, 21 young (21504K), 8 survivors (8192K)
 Metaspace       used 117620K, capacity 121102K, committed 121420K, reserved 1155072K
  class space    used 15141K, capacity 16477K, committed 16716K, reserved 1048576K
Heap Regions: E=young(eden), S=young(survivor), O=old, HS=humongous(starts), HC=humongous(continues), CS=collection set, F=free, A=archive, TAMS=top-at-mark-start (previous, next)
|   0|0x00000006e0000000, 0x00000006e0100000, 0x00000006e0100000|100%| O|  |TAMS 0x00000006e0100000, 0x00000006e0000000| Untracked 
|   1|0x00000006e0100000, 0x00000006e0200000, 0x00000006e0200000|100%| O|  |TAMS 0x00000006e0200000, 0x00000006e0100000| Untracked 
|   2|0x00000006e0200000, 0x00000006e0300000, 0x00000006e0300000|100%| O|  |TAMS 0x00000006e0300000, 0x00000006e0200000| Untracked 
|   3|0x00000006e0300000, 0x00000006e0400000, 0x00000006e0400000|100%|HS|  |TAMS 0x00000006e0400000, 0x00000006e0300000| Complete 
|   4|0x00000006e0400000, 0x00000006e0500000, 0x00000006e0500000|100%|HC|  |TAMS 0x00000006e0500000, 0x00000006e0400000| Complete 
|   5|0x00000006e0500000, 0x00000006e0600000, 0x00000006e0600000|100%|HC|  |TAMS 0x00000006e0600000, 0x00000006e0500000| Complete 
|   6|0x00000006e0600000, 0x00000006e0700000, 0x00000006e0700000|100%| O|  |TAMS 0x00000006e0700000, 0x00000006e0600000| Untracked 
|   7|0x00000006e0700000, 0x00000006e0800000, 0x00000006e0800000|100%| O|  |TAMS 0x00000006e0800000, 0x00000006e0700000| Untracked 
|   8|0x00000006e0800000, 0x00000006e0900000, 0x00000006e0900000|100%| O|  |TAMS 0x00000006e0900000, 0x00000006e0800000| Untracked 
|   9|0x00000006e0900000, 0x00000006e0a00000, 0x00000006e0a00000|100%| O|  |TAMS 0x00000006e0a00000, 0x00000006e0900000| Untracked 
|  10|0x00000006e0a00000, 0x00000006e0b00000, 0x00000006e0b00000|100%| O|  |TAMS 0x00000006e0b00000, 0x00000006e0a00000| Untracked 
|  11|0x00000006e0b00000, 0x00000006e0c00000, 0x00000006e0c00000|100%| O|  |TAMS 0x00000006e0c00000, 0x00000006e0b00000| Untracked 
|  12|0x00000006e0c00000, 0x00000006e0d00000, 0x00000006e0d00000|100%| O|  |TAMS 0x00000006e0d00000, 0x00000006e0c00000| Untracked 
|  13|0x00000006e0d00000, 0x00000006e0e00000, 0x00000006e0e00000|100%| O|  |TAMS 0x00000006e0e00000, 0x00000006e0d00000| Untracked 
|  14|0x00000006e0e00000, 0x00000006e0f00000, 0x00000006e0f00000|100%| O|  |TAMS 0x00000006e0f00000, 0x00000006e0e00000| Untracked 
|  15|0x00000006e0f00000, 0x00000006e1000000, 0x00000006e1000000|100%| O|  |TAMS 0x00000006e1000000, 0x00000006e0f00000| Untracked 
|  16|0x00000006e1000000, 0x00000006e1100000, 0x00000006e1100000|100%| O|  |TAMS 0x00000006e1100000, 0x00000006e1000000| Untracked 
|  17|0x00000006e1100000, 0x00000006e1200000, 0x00000006e1200000|100%| O|  |TAMS 0x00000006e1200000, 0x00000006e1100000| Untracked 
|  18|0x00000006e1200000, 0x00000006e1300000, 0x00000006e1300000|100%| O|  |TAMS 0x00000006e1300000, 0x00000006e1200000| Untracked 
|  19|0x00000006e1300000, 0x00000006e1400000, 0x00000006e1400000|100%| O|  |TAMS 0x00000006e1400000, 0x00000006e1300000| Untracked 
|  20|0x00000006e1400000, 0x00000006e1500000, 0x00000006e1500000|100%| O|  |TAMS 0x00000006e1500000, 0x00000006e1400000| Untracked 
|  21|0x00000006e1500000, 0x00000006e1600000, 0x00000006e1600000|100%| O|  |TAMS 0x00000006e1600000, 0x00000006e1500000| Untracked 
|  22|0x00000006e1600000, 0x00000006e1700000, 0x00000006e1700000|100%| O|  |TAMS 0x00000006e1700000, 0x00000006e1600000| Untracked 
|  23|0x00000006e1700000, 0x00000006e1800000, 0x00000006e1800000|100%| O|  |TAMS 0x00000006e1800000, 0x00000006e1700000| Untracked 
|  24|0x00000006e1800000, 0x00000006e1900000, 0x00000006e1900000|100%| O|  |TAMS 0x00000006e1900000, 0x00000006e1800000| Untracked 
|  25|0x00000006e1900000, 0x00000006e1a00000, 0x00000006e1a00000|100%| O|  |TAMS 0x00000006e1a00000, 0x00000006e1900000| Untracked 
|  26|0x00000006e1a00000, 0x00000006e1b00000, 0x00000006e1b00000|100%|HS|  |TAMS 0x00000006e1b00000, 0x00000006e1a00000| Complete 
|  27|0x00000006e1b00000, 0x00000006e1c00000, 0x00000006e1c00000|100%|HS|  |TAMS 0x00000006e1c00000, 0x00000006e1b00000| Complete 
|  28|0x00000006e1c00000, 0x00000006e1d00000, 0x00000006e1d00000|100%|HS|  |TAMS 0x00000006e1d00000, 0x00000006e1c00000| Complete 
|  29|0x00000006e1d00000, 0x00000006e1e00000, 0x00000006e1e00000|100%|HS|  |TAMS 0x00000006e1e00000, 0x00000006e1d00000| Complete 
|  30|0x00000006e1e00000, 0x00000006e1f00000, 0x00000006e1f00000|100%|HC|  |TAMS 0x00000006e1f00000, 0x00000006e1e00000| Complete 
|  31|0x00000006e1f00000, 0x00000006e2000000, 0x00000006e2000000|100%|HC|  |TAMS 0x00000006e2000000, 0x00000006e1f00000| Complete 
|  32|0x00000006e2000000, 0x00000006e2100000, 0x00000006e2100000|100%|HC|  |TAMS 0x00000006e2100000, 0x00000006e2000000| Complete 
|  33|0x00000006e2100000, 0x00000006e2200000, 0x00000006e2200000|100%|HS|  |TAMS 0x00000006e2200000, 0x00000006e2100000| Complete 
|  34|0x00000006e2200000, 0x00000006e2300000, 0x00000006e2300000|100%|HC|  |TAMS 0x00000006e2300000, 0x00000006e2200000| Complete 
|  35|0x00000006e2300000, 0x00000006e2400000, 0x00000006e2400000|100%| O|  |TAMS 0x00000006e2400000, 0x00000006e2300000| Untracked 
|  36|0x00000006e2400000, 0x00000006e2500000, 0x00000006e2500000|100%| O|  |TAMS 0x00000006e2500000, 0x00000006e2400000| Untracked 
|  37|0x00000006e2500000, 0x00000006e2600000, 0x00000006e2600000|100%| O|  |TAMS 0x00000006e2600000, 0x00000006e2500000| Untracked 
|  38|0x00000006e2600000, 0x00000006e2700000, 0x00000006e2700000|100%| O|  |TAMS 0x00000006e2700000, 0x00000006e2600000| Untracked 
|  39|0x00000006e2700000, 0x00000006e2800000, 0x00000006e2800000|100%| O|  |TAMS 0x00000006e2800000, 0x00000006e2700000| Untracked 
|  40|0x00000006e2800000, 0x00000006e2900000, 0x00000006e2900000|100%| O|  |TAMS 0x00000006e2900000, 0x00000006e2800000| Untracked 
|  41|0x00000006e2900000, 0x00000006e2a00000, 0x00000006e2a00000|100%| O|  |TAMS 0x00000006e2a00000, 0x00000006e2900000| Untracked 
|  42|0x00000006e2a00000, 0x00000006e2b00000, 0x00000006e2b00000|100%| O|  |TAMS 0x00000006e2b00000, 0x00000006e2a00000| Untracked 
|  43|0x00000006e2b00000, 0x00000006e2c00000, 0x00000006e2c00000|100%| O|  |TAMS 0x00000006e2c00000, 0x00000006e2b00000| Untracked 
|  44|0x00000006e2c00000, 0x00000006e2d00000, 0x00000006e2d00000|100%| O|  |TAMS 0x00000006e2d00000, 0x00000006e2c00000| Untracked 
|  45|0x00000006e2d00000, 0x00000006e2e00000, 0x00000006e2e00000|100%| O|  |TAMS 0x00000006e2e00000, 0x00000006e2d00000| Untracked 
|  46|0x00000006e2e00000, 0x00000006e2f00000, 0x00000006e2f00000|100%| O|  |TAMS 0x00000006e2f00000, 0x00000006e2e00000| Untracked 
|  47|0x00000006e2f00000, 0x00000006e3000000, 0x00000006e3000000|100%| O|  |TAMS 0x00000006e3000000, 0x00000006e2f00000| Untracked 
|  48|0x00000006e3000000, 0x00000006e3100000, 0x00000006e3100000|100%| O|  |TAMS 0x00000006e3100000, 0x00000006e3000000| Untracked 
|  49|0x00000006e3100000, 0x00000006e3200000, 0x00000006e3200000|100%| O|  |TAMS 0x00000006e3200000, 0x00000006e3100000| Untracked 
|  50|0x00000006e3200000, 0x00000006e3300000, 0x00000006e3300000|100%| O|  |TAMS 0x00000006e3300000, 0x00000006e3200000| Untracked 
|  51|0x00000006e3300000, 0x00000006e3400000, 0x00000006e3400000|100%| O|  |TAMS 0x00000006e3400000, 0x00000006e3300000| Untracked 
|  52|0x00000006e3400000, 0x00000006e3500000, 0x00000006e3500000|100%| O|  |TAMS 0x00000006e3500000, 0x00000006e3400000| Untracked 
|  53|0x00000006e3500000, 0x00000006e3600000, 0x00000006e3600000|100%| O|  |TAMS 0x00000006e3600000, 0x00000006e3500000| Untracked 
|  54|0x00000006e3600000, 0x00000006e3700000, 0x00000006e3700000|100%| O|  |TAMS 0x00000006e3700000, 0x00000006e3600000| Untracked 
|  55|0x00000006e3700000, 0x00000006e3800000, 0x00000006e3800000|100%| O|  |TAMS 0x00000006e3800000, 0x00000006e3700000| Untracked 
|  56|0x00000006e3800000, 0x00000006e3900000, 0x00000006e3900000|100%| O|  |TAMS 0x00000006e3900000, 0x00000006e3800000| Untracked 
|  57|0x00000006e3900000, 0x00000006e3a00000, 0x00000006e3a00000|100%| O|  |TAMS 0x00000006e3a00000, 0x00000006e3900000| Untracked 
|  58|0x00000006e3a00000, 0x00000006e3b00000, 0x00000006e3b00000|100%| O|  |TAMS 0x00000006e3b00000, 0x00000006e3a00000| Untracked 
|  59|0x00000006e3b00000, 0x00000006e3c00000, 0x00000006e3c00000|100%| O|  |TAMS 0x00000006e3c00000, 0x00000006e3b00000| Untracked 
|  60|0x00000006e3c00000, 0x00000006e3d00000, 0x00000006e3d00000|100%| O|  |TAMS 0x00000006e3d00000, 0x00000006e3c00000| Untracked 
|  61|0x00000006e3d00000, 0x00000006e3e00000, 0x00000006e3e00000|100%| O|  |TAMS 0x00000006e3e00000, 0x00000006e3d00000| Untracked 
|  62|0x00000006e3e00000, 0x00000006e3f00000, 0x00000006e3f00000|100%| O|  |TAMS 0x00000006e3f00000, 0x00000006e3e00000| Untracked 
|  63|0x00000006e3f00000, 0x00000006e4000000, 0x00000006e4000000|100%| O|  |TAMS 0x00000006e4000000, 0x00000006e3f00000| Untracked 
|  64|0x00000006e4000000, 0x00000006e4100000, 0x00000006e4100000|100%| O|  |TAMS 0x00000006e4100000, 0x00000006e4000000| Untracked 
|  65|0x00000006e4100000, 0x00000006e4200000, 0x00000006e4200000|100%| O|  |TAMS 0x00000006e4200000, 0x00000006e4100000| Untracked 
|  66|0x00000006e4200000, 0x00000006e4300000, 0x00000006e4300000|100%| O|  |TAMS 0x00000006e4300000, 0x00000006e4200000| Untracked 
|  67|0x00000006e4300000, 0x00000006e4400000, 0x00000006e4400000|100%| O|  |TAMS 0x00000006e4400000, 0x00000006e4300000| Untracked 
|  68|0x00000006e4400000, 0x00000006e4500000, 0x00000006e4500000|100%| O|  |TAMS 0x00000006e4500000, 0x00000006e4400000| Untracked 
|  69|0x00000006e4500000, 0x00000006e4600000, 0x00000006e4600000|100%| O|  |TAMS 0x00000006e4600000, 0x00000006e4500000| Untracked 
|  70|0x00000006e4600000, 0x00000006e4700000, 0x00000006e4700000|100%| O|  |TAMS 0x00000006e4700000, 0x00000006e4600000| Untracked 
|  71|0x00000006e4700000, 0x00000006e4800000, 0x00000006e4800000|100%| O|  |TAMS 0x00000006e4800000, 0x00000006e4700000| Untracked 
|  72|0x00000006e4800000, 0x00000006e4900000, 0x00000006e4900000|100%| O|  |TAMS 0x00000006e4900000, 0x00000006e4800000| Untracked 
|  73|0x00000006e4900000, 0x00000006e4a00000, 0x00000006e4a00000|100%| O|  |TAMS 0x00000006e4a00000, 0x00000006e4900000| Untracked 
|  74|0x00000006e4a00000, 0x00000006e4b00000, 0x00000006e4b00000|100%| O|  |TAMS 0x00000006e4b00000, 0x00000006e4a00000| Untracked 
|  75|0x00000006e4b00000, 0x00000006e4c00000, 0x00000006e4c00000|100%| O|  |TAMS 0x00000006e4c00000, 0x00000006e4b00000| Untracked 
|  76|0x00000006e4c00000, 0x00000006e4d00000, 0x00000006e4d00000|100%| O|  |TAMS 0x00000006e4d00000, 0x00000006e4c00000| Untracked 
|  77|0x00000006e4d00000, 0x00000006e4e00000, 0x00000006e4e00000|100%| O|  |TAMS 0x00000006e4e00000, 0x00000006e4d00000| Untracked 
|  78|0x00000006e4e00000, 0x00000006e4f00000, 0x00000006e4f00000|100%| O|  |TAMS 0x00000006e4f00000, 0x00000006e4e00000| Untracked 
|  79|0x00000006e4f00000, 0x00000006e5000000, 0x00000006e5000000|100%| O|  |TAMS 0x00000006e5000000, 0x00000006e4f00000| Untracked 
|  80|0x00000006e5000000, 0x00000006e5100000, 0x00000006e5100000|100%| O|  |TAMS 0x00000006e5100000, 0x00000006e5000000| Untracked 
|  81|0x00000006e5100000, 0x00000006e5200000, 0x00000006e5200000|100%| O|  |TAMS 0x00000006e5200000, 0x00000006e5100000| Untracked 
|  82|0x00000006e5200000, 0x00000006e5300000, 0x00000006e5300000|100%| O|  |TAMS 0x00000006e5300000, 0x00000006e5200000| Untracked 
|  83|0x00000006e5300000, 0x00000006e5400000, 0x00000006e5400000|100%| O|  |TAMS 0x00000006e5400000, 0x00000006e5300000| Untracked 
|  84|0x00000006e5400000, 0x00000006e5500000, 0x00000006e5500000|100%| O|  |TAMS 0x00000006e5500000, 0x00000006e5400000| Untracked 
|  85|0x00000006e5500000, 0x00000006e5600000, 0x00000006e5600000|100%| O|  |TAMS 0x00000006e5600000, 0x00000006e5500000| Untracked 
|  86|0x00000006e5600000, 0x00000006e5700000, 0x00000006e5700000|100%| O|  |TAMS 0x00000006e5700000, 0x00000006e5600000| Untracked 
|  87|0x00000006e5700000, 0x00000006e5800000, 0x00000006e5800000|100%| O|  |TAMS 0x00000006e5800000, 0x00000006e5700000| Untracked 
|  88|0x00000006e5800000, 0x00000006e5900000, 0x00000006e5900000|100%| O|  |TAMS 0x00000006e5900000, 0x00000006e5800000| Untracked 
|  89|0x00000006e5900000, 0x00000006e5a00000, 0x00000006e5a00000|100%| O|  |TAMS 0x00000006e5a00000, 0x00000006e5900000| Untracked 
|  90|0x00000006e5a00000, 0x00000006e5b00000, 0x00000006e5b00000|100%| O|  |TAMS 0x00000006e5b00000, 0x00000006e5a00000| Untracked 
|  91|0x00000006e5b00000, 0x00000006e5c00000, 0x00000006e5c00000|100%| O|  |TAMS 0x00000006e5c00000, 0x00000006e5b00000| Untracked 
|  92|0x00000006e5c00000, 0x00000006e5d00000, 0x00000006e5d00000|100%| O|  |TAMS 0x00000006e5d00000, 0x00000006e5c00000| Untracked 
|  93|0x00000006e5d00000, 0x00000006e5e00000, 0x00000006e5e00000|100%| O|  |TAMS 0x00000006e5e00000, 0x00000006e5d00000| Untracked 
|  94|0x00000006e5e00000, 0x00000006e5f00000, 0x00000006e5f00000|100%| O|  |TAMS 0x00000006e5f00000, 0x00000006e5e00000| Untracked 
|  95|0x00000006e5f00000, 0x00000006e6000000, 0x00000006e6000000|100%| O|  |TAMS 0x00000006e6000000, 0x00000006e5f00000| Untracked 
|  96|0x00000006e6000000, 0x00000006e6100000, 0x00000006e6100000|100%| O|  |TAMS 0x00000006e6100000, 0x00000006e6000000| Untracked 
|  97|0x00000006e6100000, 0x00000006e6200000, 0x00000006e6200000|100%| O|  |TAMS 0x00000006e6200000, 0x00000006e6100000| Untracked 
|  98|0x00000006e6200000, 0x00000006e6300000, 0x00000006e6300000|100%| O|  |TAMS 0x00000006e6300000, 0x00000006e6200000| Untracked 
|  99|0x00000006e6300000, 0x00000006e6400000, 0x00000006e6400000|100%| O|  |TAMS 0x00000006e6400000, 0x00000006e6300000| Untracked 
| 100|0x00000006e6400000, 0x00000006e6500000, 0x00000006e6500000|100%| O|  |TAMS 0x00000006e6500000, 0x00000006e6400000| Untracked 
| 101|0x00000006e6500000, 0x00000006e6600000, 0x00000006e6600000|100%| O|  |TAMS 0x00000006e6600000, 0x00000006e6500000| Untracked 
| 102|0x00000006e6600000, 0x00000006e6700000, 0x00000006e6700000|100%| O|  |TAMS 0x00000006e6700000, 0x00000006e6600000| Untracked 
| 103|0x00000006e6700000, 0x00000006e6800000, 0x00000006e6800000|100%| O|  |TAMS 0x00000006e6800000, 0x00000006e6700000| Untracked 
| 104|0x00000006e6800000, 0x00000006e6900000, 0x00000006e6900000|100%| O|  |TAMS 0x00000006e6900000, 0x00000006e6800000| Untracked 
| 105|0x00000006e6900000, 0x00000006e6a00000, 0x00000006e6a00000|100%| O|  |TAMS 0x00000006e6a00000, 0x00000006e6900000| Untracked 
| 106|0x00000006e6a00000, 0x00000006e6b00000, 0x00000006e6b00000|100%| O|  |TAMS 0x00000006e6b00000, 0x00000006e6a00000| Untracked 
| 107|0x00000006e6b00000, 0x00000006e6b19600, 0x00000006e6c00000|  9%| O|  |TAMS 0x00000006e6b19600, 0x00000006e6b00000| Untracked 
| 108|0x00000006e6c00000, 0x00000006e6d00000, 0x00000006e6d00000|100%|HS|  |TAMS 0x00000006e6d00000, 0x00000006e6c00000| Complete 
| 109|0x00000006e6d00000, 0x00000006e6e00000, 0x00000006e6e00000|100%|HC|  |TAMS 0x00000006e6e00000, 0x00000006e6d00000| Complete 
| 110|0x00000006e6e00000, 0x00000006e6f00000, 0x00000006e6f00000|100%|HS|  |TAMS 0x00000006e6f00000, 0x00000006e6e00000| Complete 
| 111|0x00000006e6f00000, 0x00000006e7000000, 0x00000006e7000000|100%|HC|  |TAMS 0x00000006e7000000, 0x00000006e6f00000| Complete 
| 112|0x00000006e7000000, 0x00000006e7100000, 0x00000006e7100000|100%|HS|  |TAMS 0x00000006e7100000, 0x00000006e7000000| Complete 
| 113|0x00000006e7100000, 0x00000006e7200000, 0x00000006e7200000|100%|HC|  |TAMS 0x00000006e7200000, 0x00000006e7100000| Complete 
| 114|0x00000006e7200000, 0x00000006e7300000, 0x00000006e7300000|100%|HS|  |TAMS 0x00000006e7300000, 0x00000006e7200000| Complete 
| 115|0x00000006e7300000, 0x00000006e7400000, 0x00000006e7400000|100%|HC|  |TAMS 0x00000006e7400000, 0x00000006e7300000| Complete 
| 116|0x00000006e7400000, 0x00000006e7500000, 0x00000006e7500000|100%|HS|  |TAMS 0x00000006e7500000, 0x00000006e7400000| Complete 
| 117|0x00000006e7500000, 0x00000006e7600000, 0x00000006e7600000|100%|HC|  |TAMS 0x00000006e7600000, 0x00000006e7500000| Complete 
| 118|0x00000006e7600000, 0x00000006e7700000, 0x00000006e7700000|100%|HS|  |TAMS 0x00000006e7700000, 0x00000006e7600000| Complete 
| 119|0x00000006e7700000, 0x00000006e7800000, 0x00000006e7800000|100%|HC|  |TAMS 0x00000006e7800000, 0x00000006e7700000| Complete 
| 120|0x00000006e7800000, 0x00000006e7900000, 0x00000006e7900000|100%|HS|  |TAMS 0x00000006e7900000, 0x00000006e7800000| Complete 
| 121|0x00000006e7900000, 0x00000006e7a00000, 0x00000006e7a00000|100%|HC|  |TAMS 0x00000006e7a00000, 0x00000006e7900000| Complete 
| 122|0x00000006e7a00000, 0x00000006e7b00000, 0x00000006e7b00000|100%|HS|  |TAMS 0x00000006e7b00000, 0x00000006e7a00000| Complete 
| 123|0x00000006e7b00000, 0x00000006e7c00000, 0x00000006e7c00000|100%|HC|  |TAMS 0x00000006e7c00000, 0x00000006e7b00000| Complete 
| 124|0x00000006e7c00000, 0x00000006e7d00000, 0x00000006e7d00000|100%|HS|  |TAMS 0x00000006e7d00000, 0x00000006e7c00000| Complete 
| 125|0x00000006e7d00000, 0x00000006e7e00000, 0x00000006e7e00000|100%|HC|  |TAMS 0x00000006e7e00000, 0x00000006e7d00000| Complete 
| 126|0x00000006e7e00000, 0x00000006e7f00000, 0x00000006e7f00000|100%|HS|  |TAMS 0x00000006e7e00000, 0x00000006e7e00000| Complete 
| 127|0x00000006e7f00000, 0x00000006e8000000, 0x00000006e8000000|100%|HC|  |TAMS 0x00000006e7f00000, 0x00000006e7f00000| Complete 
| 128|0x00000006e8000000, 0x00000006e8100000, 0x00000006e8100000|100%|HS|  |TAMS 0x00000006e8000000, 0x00000006e8000000| Complete 
| 129|0x00000006e8100000, 0x00000006e8200000, 0x00000006e8200000|100%|HC|  |TAMS 0x00000006e8100000, 0x00000006e8100000| Complete 
| 130|0x00000006e8200000, 0x00000006e8300000, 0x00000006e8300000|100%|HS|  |TAMS 0x00000006e8200000, 0x00000006e8200000| Complete 
| 131|0x00000006e8300000, 0x00000006e8300000, 0x00000006e8400000|  0%| F|  |TAMS 0x00000006e8300000, 0x00000006e8300000| Untracked 
| 132|0x00000006e8400000, 0x00000006e8400000, 0x00000006e8500000|  0%| F|  |TAMS 0x00000006e8400000, 0x00000006e8400000| Untracked 
| 133|0x00000006e8500000, 0x00000006e8500000, 0x00000006e8600000|  0%| F|  |TAMS 0x00000006e8500000, 0x00000006e8500000| Untracked 
| 134|0x00000006e8600000, 0x00000006e8600000, 0x00000006e8700000|  0%| F|  |TAMS 0x00000006e8600000, 0x00000006e8600000| Untracked 
| 135|0x00000006e8700000, 0x00000006e8700000, 0x00000006e8800000|  0%| F|  |TAMS 0x00000006e8700000, 0x00000006e8700000| Untracked 
| 136|0x00000006e8800000, 0x00000006e8800000, 0x00000006e8900000|  0%| F|  |TAMS 0x00000006e8800000, 0x00000006e8800000| Untracked 
| 137|0x00000006e8900000, 0x00000006e8900000, 0x00000006e8a00000|  0%| F|  |TAMS 0x00000006e8900000, 0x00000006e8900000| Untracked 
| 138|0x00000006e8a00000, 0x00000006e8a00000, 0x00000006e8b00000|  0%| F|  |TAMS 0x00000006e8a00000, 0x00000006e8a00000| Untracked 
| 139|0x00000006e8b00000, 0x00000006e8b00000, 0x00000006e8c00000|  0%| F|  |TAMS 0x00000006e8b00000, 0x00000006e8b00000| Untracked 
| 140|0x00000006e8c00000, 0x00000006e8c00000, 0x00000006e8d00000|  0%| F|  |TAMS 0x00000006e8c00000, 0x00000006e8c00000| Untracked 
| 141|0x00000006e8d00000, 0x00000006e8d00000, 0x00000006e8e00000|  0%| F|  |TAMS 0x00000006e8d00000, 0x00000006e8d00000| Untracked 
| 142|0x00000006e8e00000, 0x00000006e8e00000, 0x00000006e8f00000|  0%| F|  |TAMS 0x00000006e8e00000, 0x00000006e8e00000| Untracked 
| 143|0x00000006e8f00000, 0x00000006e8f00000, 0x00000006e9000000|  0%| F|  |TAMS 0x00000006e8f00000, 0x00000006e8f00000| Untracked 
| 144|0x00000006e9000000, 0x00000006e9000000, 0x00000006e9100000|  0%| F|  |TAMS 0x00000006e9000000, 0x00000006e9000000| Untracked 
| 145|0x00000006e9100000, 0x00000006e9100000, 0x00000006e9200000|  0%| F|  |TAMS 0x00000006e9100000, 0x00000006e9100000| Untracked 
| 146|0x00000006e9200000, 0x00000006e9200000, 0x00000006e9300000|  0%| F|  |TAMS 0x00000006e9200000, 0x00000006e9200000| Untracked 
| 147|0x00000006e9300000, 0x00000006e9300000, 0x00000006e9400000|  0%| F|  |TAMS 0x00000006e9300000, 0x00000006e9300000| Untracked 
| 148|0x00000006e9400000, 0x00000006e9400000, 0x00000006e9500000|  0%| F|  |TAMS 0x00000006e9400000, 0x00000006e9400000| Untracked 
| 149|0x00000006e9500000, 0x00000006e9500000, 0x00000006e9600000|  0%| F|  |TAMS 0x00000006e9500000, 0x00000006e9500000| Untracked 
| 150|0x00000006e9600000, 0x00000006e9600000, 0x00000006e9700000|  0%| F|  |TAMS 0x00000006e9600000, 0x00000006e9600000| Untracked 
| 151|0x00000006e9700000, 0x00000006e9700000, 0x00000006e9800000|  0%| F|  |TAMS 0x00000006e9700000, 0x00000006e9700000| Untracked 
| 152|0x00000006e9800000, 0x00000006e9800000, 0x00000006e9900000|  0%| F|  |TAMS 0x00000006e9800000, 0x00000006e9800000| Untracked 
| 153|0x00000006e9900000, 0x00000006e9900000, 0x00000006e9a00000|  0%| F|  |TAMS 0x00000006e9900000, 0x00000006e9900000| Untracked 
| 154|0x00000006e9a00000, 0x00000006e9a00000, 0x00000006e9b00000|  0%| F|  |TAMS 0x00000006e9a00000, 0x00000006e9a00000| Untracked 
| 155|0x00000006e9b00000, 0x00000006e9b00000, 0x00000006e9c00000|  0%| F|  |TAMS 0x00000006e9b00000, 0x00000006e9b00000| Untracked 
| 156|0x00000006e9c00000, 0x00000006e9c00000, 0x00000006e9d00000|  0%| F|  |TAMS 0x00000006e9c00000, 0x00000006e9c00000| Untracked 
| 157|0x00000006e9d00000, 0x00000006e9d00000, 0x00000006e9e00000|  0%| F|  |TAMS 0x00000006e9d00000, 0x00000006e9d00000| Untracked 
| 158|0x00000006e9e00000, 0x00000006e9e00000, 0x00000006e9f00000|  0%| F|  |TAMS 0x00000006e9e00000, 0x00000006e9e00000| Untracked 
| 159|0x00000006e9f00000, 0x00000006e9f00000, 0x00000006ea000000|  0%| F|  |TAMS 0x00000006e9f00000, 0x00000006e9f00000| Untracked 
| 160|0x00000006ea000000, 0x00000006ea000000, 0x00000006ea100000|  0%| F|  |TAMS 0x00000006ea000000, 0x00000006ea000000| Untracked 
| 161|0x00000006ea100000, 0x00000006ea100000, 0x00000006ea200000|  0%| F|  |TAMS 0x00000006ea100000, 0x00000006ea100000| Untracked 
| 162|0x00000006ea200000, 0x00000006ea200000, 0x00000006ea300000|  0%| F|  |TAMS 0x00000006ea200000, 0x00000006ea200000| Untracked 
| 163|0x00000006ea300000, 0x00000006ea300000, 0x00000006ea400000|  0%| F|  |TAMS 0x00000006ea300000, 0x00000006ea300000| Untracked 
| 164|0x00000006ea400000, 0x00000006ea400000, 0x00000006ea500000|  0%| F|  |TAMS 0x00000006ea400000, 0x00000006ea400000| Untracked 
| 165|0x00000006ea500000, 0x00000006ea500000, 0x00000006ea600000|  0%| F|  |TAMS 0x00000006ea500000, 0x00000006ea500000| Untracked 
| 166|0x00000006ea600000, 0x00000006ea600000, 0x00000006ea700000|  0%| F|  |TAMS 0x00000006ea600000, 0x00000006ea600000| Untracked 
| 167|0x00000006ea700000, 0x00000006ea700000, 0x00000006ea800000|  0%| F|  |TAMS 0x00000006ea700000, 0x00000006ea700000| Untracked 
| 168|0x00000006ea800000, 0x00000006ea800000, 0x00000006ea900000|  0%| F|  |TAMS 0x00000006ea800000, 0x00000006ea800000| Untracked 
| 169|0x00000006ea900000, 0x00000006ea900000, 0x00000006eaa00000|  0%| F|  |TAMS 0x00000006ea900000, 0x00000006ea900000| Untracked 
| 170|0x00000006eaa00000, 0x00000006eaa00000, 0x00000006eab00000|  0%| F|  |TAMS 0x00000006eaa00000, 0x00000006eaa00000| Untracked 
| 171|0x00000006eab00000, 0x00000006eab00000, 0x00000006eac00000|  0%| F|  |TAMS 0x00000006eab00000, 0x00000006eab00000| Untracked 
| 172|0x00000006eac00000, 0x00000006eac00000, 0x00000006ead00000|  0%| F|  |TAMS 0x00000006eac00000, 0x00000006eac00000| Untracked 
| 173|0x00000006ead00000, 0x00000006ead00000, 0x00000006eae00000|  0%| F|  |TAMS 0x00000006ead00000, 0x00000006ead00000| Untracked 
| 174|0x00000006eae00000, 0x00000006eae00000, 0x00000006eaf00000|  0%| F|  |TAMS 0x00000006eae00000, 0x00000006eae00000| Untracked 
| 175|0x00000006eaf00000, 0x00000006eaf00000, 0x00000006eb000000|  0%| F|  |TAMS 0x00000006eaf00000, 0x00000006eaf00000| Untracked 
| 176|0x00000006eb000000, 0x00000006eb000000, 0x00000006eb100000|  0%| F|  |TAMS 0x00000006eb000000, 0x00000006eb000000| Untracked 
| 177|0x00000006eb100000, 0x00000006eb100000, 0x00000006eb200000|  0%| F|  |TAMS 0x00000006eb100000, 0x00000006eb100000| Untracked 
| 178|0x00000006eb200000, 0x00000006eb200000, 0x00000006eb300000|  0%| F|  |TAMS 0x00000006eb200000, 0x00000006eb200000| Untracked 
| 179|0x00000006eb300000, 0x00000006eb300000, 0x00000006eb400000|  0%| F|  |TAMS 0x00000006eb300000, 0x00000006eb300000| Untracked 
| 180|0x00000006eb400000, 0x00000006eb400000, 0x00000006eb500000|  0%| F|  |TAMS 0x00000006eb400000, 0x00000006eb400000| Untracked 
| 181|0x00000006eb500000, 0x00000006eb500000, 0x00000006eb600000|  0%| F|  |TAMS 0x00000006eb500000, 0x00000006eb500000| Untracked 
| 182|0x00000006eb600000, 0x00000006eb600000, 0x00000006eb700000|  0%| F|  |TAMS 0x00000006eb600000, 0x00000006eb600000| Untracked 
| 183|0x00000006eb700000, 0x00000006eb700000, 0x00000006eb800000|  0%| F|  |TAMS 0x00000006eb700000, 0x00000006eb700000| Untracked 
| 184|0x00000006eb800000, 0x00000006eb800000, 0x00000006eb900000|  0%| F|  |TAMS 0x00000006eb800000, 0x00000006eb800000| Untracked 
| 185|0x00000006eb900000, 0x00000006eb900000, 0x00000006eba00000|  0%| F|  |TAMS 0x00000006eb900000, 0x00000006eb900000| Untracked 
| 186|0x00000006eba00000, 0x00000006eba00000, 0x00000006ebb00000|  0%| F|  |TAMS 0x00000006eba00000, 0x00000006eba00000| Untracked 
| 187|0x00000006ebb00000, 0x00000006ebb00000, 0x00000006ebc00000|  0%| F|  |TAMS 0x00000006ebb00000, 0x00000006ebb00000| Untracked 
| 188|0x00000006ebc00000, 0x00000006ebc00000, 0x00000006ebd00000|  0%| F|  |TAMS 0x00000006ebc00000, 0x00000006ebc00000| Untracked 
| 189|0x00000006ebd00000, 0x00000006ebd00000, 0x00000006ebe00000|  0%| F|  |TAMS 0x00000006ebd00000, 0x00000006ebd00000| Untracked 
| 190|0x00000006ebe00000, 0x00000006ebe00000, 0x00000006ebf00000|  0%| F|  |TAMS 0x00000006ebe00000, 0x00000006ebe00000| Untracked 
| 191|0x00000006ebf00000, 0x00000006ebf00000, 0x00000006ec000000|  0%| F|  |TAMS 0x00000006ebf00000, 0x00000006ebf00000| Untracked 
| 192|0x00000006ec000000, 0x00000006ec000000, 0x00000006ec100000|  0%| F|  |TAMS 0x00000006ec000000, 0x00000006ec000000| Untracked 
| 193|0x00000006ec100000, 0x00000006ec100000, 0x00000006ec200000|  0%| F|  |TAMS 0x00000006ec100000, 0x00000006ec100000| Untracked 
| 194|0x00000006ec200000, 0x00000006ec200000, 0x00000006ec300000|  0%| F|  |TAMS 0x00000006ec200000, 0x00000006ec200000| Untracked 
| 195|0x00000006ec300000, 0x00000006ec300000, 0x00000006ec400000|  0%| F|  |TAMS 0x00000006ec300000, 0x00000006ec300000| Untracked 
| 196|0x00000006ec400000, 0x00000006ec400000, 0x00000006ec500000|  0%| F|  |TAMS 0x00000006ec400000, 0x00000006ec400000| Untracked 
| 197|0x00000006ec500000, 0x00000006ec500000, 0x00000006ec600000|  0%| F|  |TAMS 0x00000006ec500000, 0x00000006ec500000| Untracked 
| 198|0x00000006ec600000, 0x00000006ec600000, 0x00000006ec700000|  0%| F|  |TAMS 0x00000006ec600000, 0x00000006ec600000| Untracked 
| 199|0x00000006ec700000, 0x00000006ec700000, 0x00000006ec800000|  0%| F|  |TAMS 0x00000006ec700000, 0x00000006ec700000| Untracked 
| 200|0x00000006ec800000, 0x00000006ec800000, 0x00000006ec900000|  0%| F|  |TAMS 0x00000006ec800000, 0x00000006ec800000| Untracked 
| 201|0x00000006ec900000, 0x00000006ec900000, 0x00000006eca00000|  0%| F|  |TAMS 0x00000006ec900000, 0x00000006ec900000| Untracked 
| 202|0x00000006eca00000, 0x00000006eca00000, 0x00000006ecb00000|  0%| F|  |TAMS 0x00000006eca00000, 0x00000006eca00000| Untracked 
| 203|0x00000006ecb00000, 0x00000006ecb00000, 0x00000006ecc00000|  0%| F|  |TAMS 0x00000006ecb00000, 0x00000006ecb00000| Untracked 
| 204|0x00000006ecc00000, 0x00000006ecc00000, 0x00000006ecd00000|  0%| F|  |TAMS 0x00000006ecc00000, 0x00000006ecc00000| Untracked 
| 205|0x00000006ecd00000, 0x00000006ecd00000, 0x00000006ece00000|  0%| F|  |TAMS 0x00000006ecd00000, 0x00000006ecd00000| Untracked 
| 206|0x00000006ece00000, 0x00000006ece00000, 0x00000006ecf00000|  0%| F|  |TAMS 0x00000006ece00000, 0x00000006ece00000| Untracked 
| 207|0x00000006ecf00000, 0x00000006ecf00000, 0x00000006ed000000|  0%| F|  |TAMS 0x00000006ecf00000, 0x00000006ecf00000| Untracked 
| 208|0x00000006ed000000, 0x00000006ed000000, 0x00000006ed100000|  0%| F|  |TAMS 0x00000006ed000000, 0x00000006ed000000| Untracked 
| 209|0x00000006ed100000, 0x00000006ed100000, 0x00000006ed200000|  0%| F|  |TAMS 0x00000006ed100000, 0x00000006ed100000| Untracked 
| 210|0x00000006ed200000, 0x00000006ed200000, 0x00000006ed300000|  0%| F|  |TAMS 0x00000006ed200000, 0x00000006ed200000| Untracked 
| 211|0x00000006ed300000, 0x00000006ed300000, 0x00000006ed400000|  0%| F|  |TAMS 0x00000006ed300000, 0x00000006ed300000| Untracked 
| 212|0x00000006ed400000, 0x00000006ed400000, 0x00000006ed500000|  0%| F|  |TAMS 0x00000006ed400000, 0x00000006ed400000| Untracked 
| 213|0x00000006ed500000, 0x00000006ed5eb5d0, 0x00000006ed600000| 91%| S|CS|TAMS 0x00000006ed500000, 0x00000006ed500000| Complete 
| 214|0x00000006ed600000, 0x00000006ed700000, 0x00000006ed700000|100%| S|CS|TAMS 0x00000006ed600000, 0x00000006ed600000| Complete 
| 215|0x00000006ed700000, 0x00000006ed800000, 0x00000006ed800000|100%| S|CS|TAMS 0x00000006ed700000, 0x00000006ed700000| Complete 
| 216|0x00000006ed800000, 0x00000006ed900000, 0x00000006ed900000|100%| S|CS|TAMS 0x00000006ed800000, 0x00000006ed800000| Complete 
| 217|0x00000006ed900000, 0x00000006eda00000, 0x00000006eda00000|100%| S|CS|TAMS 0x00000006ed900000, 0x00000006ed900000| Complete 
| 218|0x00000006eda00000, 0x00000006edb00000, 0x00000006edb00000|100%| S|CS|TAMS 0x00000006eda00000, 0x00000006eda00000| Complete 
| 219|0x00000006edb00000, 0x00000006edc00000, 0x00000006edc00000|100%| S|CS|TAMS 0x00000006edb00000, 0x00000006edb00000| Complete 
| 220|0x00000006edc00000, 0x00000006edd00000, 0x00000006edd00000|100%| S|CS|TAMS 0x00000006edc00000, 0x00000006edc00000| Complete 
| 221|0x00000006edd00000, 0x00000006edd00000, 0x00000006ede00000|  0%| F|  |TAMS 0x00000006edd00000, 0x00000006edd00000| Untracked 
| 222|0x00000006ede00000, 0x00000006ede00000, 0x00000006edf00000|  0%| F|  |TAMS 0x00000006ede00000, 0x00000006ede00000| Untracked 
| 223|0x00000006edf00000, 0x00000006edf00000, 0x00000006ee000000|  0%| F|  |TAMS 0x00000006edf00000, 0x00000006edf00000| Untracked 
| 224|0x00000006ee000000, 0x00000006ee000000, 0x00000006ee100000|  0%| F|  |TAMS 0x00000006ee000000, 0x00000006ee000000| Untracked 
| 225|0x00000006ee100000, 0x00000006ee100000, 0x00000006ee200000|  0%| F|  |TAMS 0x00000006ee100000, 0x00000006ee100000| Untracked 
| 226|0x00000006ee200000, 0x00000006ee200000, 0x00000006ee300000|  0%| F|  |TAMS 0x00000006ee200000, 0x00000006ee200000| Untracked 
| 227|0x00000006ee300000, 0x00000006ee300000, 0x00000006ee400000|  0%| F|  |TAMS 0x00000006ee300000, 0x00000006ee300000| Untracked 
| 228|0x00000006ee400000, 0x00000006ee400000, 0x00000006ee500000|  0%| F|  |TAMS 0x00000006ee400000, 0x00000006ee400000| Untracked 
| 229|0x00000006ee500000, 0x00000006ee500000, 0x00000006ee600000|  0%| F|  |TAMS 0x00000006ee500000, 0x00000006ee500000| Untracked 
| 230|0x00000006ee600000, 0x00000006ee600000, 0x00000006ee700000|  0%| F|  |TAMS 0x00000006ee600000, 0x00000006ee600000| Untracked 
| 231|0x00000006ee700000, 0x00000006ee700000, 0x00000006ee800000|  0%| F|  |TAMS 0x00000006ee700000, 0x00000006ee700000| Untracked 
| 232|0x00000006ee800000, 0x00000006ee800000, 0x00000006ee900000|  0%| F|  |TAMS 0x00000006ee800000, 0x00000006ee800000| Untracked 
| 233|0x00000006ee900000, 0x00000006ee900000, 0x00000006eea00000|  0%| F|  |TAMS 0x00000006ee900000, 0x00000006ee900000| Untracked 
| 234|0x00000006eea00000, 0x00000006eea00000, 0x00000006eeb00000|  0%| F|  |TAMS 0x00000006eea00000, 0x00000006eea00000| Untracked 
| 235|0x00000006eeb00000, 0x00000006eeb00000, 0x00000006eec00000|  0%| F|  |TAMS 0x00000006eeb00000, 0x00000006eeb00000| Untracked 
| 236|0x00000006eec00000, 0x00000006eec00000, 0x00000006eed00000|  0%| F|  |TAMS 0x00000006eec00000, 0x00000006eec00000| Untracked 
| 237|0x00000006eed00000, 0x00000006eed00000, 0x00000006eee00000|  0%| F|  |TAMS 0x00000006eed00000, 0x00000006eed00000| Untracked 
| 238|0x00000006eee00000, 0x00000006eee00000, 0x00000006eef00000|  0%| F|  |TAMS 0x00000006eee00000, 0x00000006eee00000| Untracked 
| 239|0x00000006eef00000, 0x00000006eef00000, 0x00000006ef000000|  0%| F|  |TAMS 0x00000006eef00000, 0x00000006eef00000| Untracked 
| 240|0x00000006ef000000, 0x00000006ef000000, 0x00000006ef100000|  0%| F|  |TAMS 0x00000006ef000000, 0x00000006ef000000| Untracked 
| 241|0x00000006ef100000, 0x00000006ef100000, 0x00000006ef200000|  0%| F|  |TAMS 0x00000006ef100000, 0x00000006ef100000| Untracked 
| 242|0x00000006ef200000, 0x00000006ef200000, 0x00000006ef300000|  0%| F|  |TAMS 0x00000006ef200000, 0x00000006ef200000| Untracked 
| 243|0x00000006ef300000, 0x00000006ef300000, 0x00000006ef400000|  0%| F|  |TAMS 0x00000006ef300000, 0x00000006ef300000| Untracked 
| 244|0x00000006ef400000, 0x00000006ef400000, 0x00000006ef500000|  0%| F|  |TAMS 0x00000006ef400000, 0x00000006ef400000| Untracked 
| 245|0x00000006ef500000, 0x00000006ef500000, 0x00000006ef600000|  0%| F|  |TAMS 0x00000006ef500000, 0x00000006ef500000| Untracked 
| 246|0x00000006ef600000, 0x00000006ef600000, 0x00000006ef700000|  0%| F|  |TAMS 0x00000006ef600000, 0x00000006ef600000| Untracked 
| 247|0x00000006ef700000, 0x00000006ef700000, 0x00000006ef800000|  0%| F|  |TAMS 0x00000006ef700000, 0x00000006ef700000| Untracked 
| 248|0x00000006ef800000, 0x00000006ef800000, 0x00000006ef900000|  0%| F|  |TAMS 0x00000006ef800000, 0x00000006ef800000| Untracked 
| 249|0x00000006ef900000, 0x00000006ef900000, 0x00000006efa00000|  0%| F|  |TAMS 0x00000006ef900000, 0x00000006ef900000| Untracked 
| 250|0x00000006efa00000, 0x00000006efa00000, 0x00000006efb00000|  0%| F|  |TAMS 0x00000006efa00000, 0x00000006efa00000| Untracked 
| 251|0x00000006efb00000, 0x00000006efb00000, 0x00000006efc00000|  0%| F|  |TAMS 0x00000006efb00000, 0x00000006efb00000| Untracked 
| 252|0x00000006efc00000, 0x00000006efc00000, 0x00000006efd00000|  0%| F|  |TAMS 0x00000006efc00000, 0x00000006efc00000| Untracked 
| 253|0x00000006efd00000, 0x00000006efd00000, 0x00000006efe00000|  0%| F|  |TAMS 0x00000006efd00000, 0x00000006efd00000| Untracked 
| 254|0x00000006efe00000, 0x00000006efe00000, 0x00000006eff00000|  0%| F|  |TAMS 0x00000006efe00000, 0x00000006efe00000| Untracked 
| 255|0x00000006eff00000, 0x00000006eff00000, 0x00000006f0000000|  0%| F|  |TAMS 0x00000006eff00000, 0x00000006eff00000| Untracked 
| 256|0x00000006f0000000, 0x00000006f0000000, 0x00000006f0100000|  0%| F|  |TAMS 0x00000006f0000000, 0x00000006f0000000| Untracked 
| 257|0x00000006f0100000, 0x00000006f0100000, 0x00000006f0200000|  0%| F|  |TAMS 0x00000006f0100000, 0x00000006f0100000| Untracked 
| 258|0x00000006f0200000, 0x00000006f0200000, 0x00000006f0300000|  0%| F|  |TAMS 0x00000006f0200000, 0x00000006f0200000| Untracked 
| 259|0x00000006f0300000, 0x00000006f0300000, 0x00000006f0400000|  0%| F|  |TAMS 0x00000006f0300000, 0x00000006f0300000| Untracked 
| 260|0x00000006f0400000, 0x00000006f0400000, 0x00000006f0500000|  0%| F|  |TAMS 0x00000006f0400000, 0x00000006f0400000| Untracked 
| 261|0x00000006f0500000, 0x00000006f0500000, 0x00000006f0600000|  0%| F|  |TAMS 0x00000006f0500000, 0x00000006f0500000| Untracked 
| 262|0x00000006f0600000, 0x00000006f0600000, 0x00000006f0700000|  0%| F|  |TAMS 0x00000006f0600000, 0x00000006f0600000| Untracked 
| 263|0x00000006f0700000, 0x00000006f0700000, 0x00000006f0800000|  0%| F|  |TAMS 0x00000006f0700000, 0x00000006f0700000| Untracked 
| 264|0x00000006f0800000, 0x00000006f0800000, 0x00000006f0900000|  0%| F|  |TAMS 0x00000006f0800000, 0x00000006f0800000| Untracked 
| 265|0x00000006f0900000, 0x00000006f0900000, 0x00000006f0a00000|  0%| F|  |TAMS 0x00000006f0900000, 0x00000006f0900000| Untracked 
| 266|0x00000006f0a00000, 0x00000006f0a00000, 0x00000006f0b00000|  0%| F|  |TAMS 0x00000006f0a00000, 0x00000006f0a00000| Untracked 
| 267|0x00000006f0b00000, 0x00000006f0bb6828, 0x00000006f0c00000| 71%| E|  |TAMS 0x00000006f0b00000, 0x00000006f0b00000| Complete 
| 268|0x00000006f0c00000, 0x00000006f0d00000, 0x00000006f0d00000|100%| E|CS|TAMS 0x00000006f0c00000, 0x00000006f0c00000| Complete 
| 269|0x00000006f0d00000, 0x00000006f0e00000, 0x00000006f0e00000|100%| E|CS|TAMS 0x00000006f0d00000, 0x00000006f0d00000| Complete 
| 270|0x00000006f0e00000, 0x00000006f0f00000, 0x00000006f0f00000|100%| E|CS|TAMS 0x00000006f0e00000, 0x00000006f0e00000| Complete 
| 271|0x00000006f0f00000, 0x00000006f1000000, 0x00000006f1000000|100%| E|CS|TAMS 0x00000006f0f00000, 0x00000006f0f00000| Complete 
| 272|0x00000006f1000000, 0x00000006f1100000, 0x00000006f1100000|100%| E|CS|TAMS 0x00000006f1000000, 0x00000006f1000000| Complete 
| 273|0x00000006f1100000, 0x00000006f1200000, 0x00000006f1200000|100%| E|CS|TAMS 0x00000006f1100000, 0x00000006f1100000| Complete 
| 274|0x00000006f1200000, 0x00000006f1300000, 0x00000006f1300000|100%| E|CS|TAMS 0x00000006f1200000, 0x00000006f1200000| Complete 
| 275|0x00000006f1300000, 0x00000006f1400000, 0x00000006f1400000|100%| E|CS|TAMS 0x00000006f1300000, 0x00000006f1300000| Complete 
| 276|0x00000006f1400000, 0x00000006f1500000, 0x00000006f1500000|100%| E|CS|TAMS 0x00000006f1400000, 0x00000006f1400000| Complete 
| 277|0x00000006f1500000, 0x00000006f1600000, 0x00000006f1600000|100%| E|  |TAMS 0x00000006f1500000, 0x00000006f1500000| Complete 
| 278|0x00000006f1600000, 0x00000006f1700000, 0x00000006f1700000|100%| E|CS|TAMS 0x00000006f1600000, 0x00000006f1600000| Complete 
| 279|0x00000006f1700000, 0x00000006f1800000, 0x00000006f1800000|100%| E|CS|TAMS 0x00000006f1700000, 0x00000006f1700000| Complete 
| 280|0x00000006f1800000, 0x00000006f1900000, 0x00000006f1900000|100%| E|CS|TAMS 0x00000006f1800000, 0x00000006f1800000| Complete 

Card table byte_map: [0x0000015c72a50000,0x0000015c73350000] _byte_map_base: 0x0000015c6f350000

Marking Bits (Prev, Next): (CMBitMap*) 0x0000015c6c43fa20, (CMBitMap*) 0x0000015c6c43f9e8
 Prev Bits: [0x0000015c78450000, 0x0000015c7cc50000)
 Next Bits: [0x0000015c73c50000, 0x0000015c78450000)

Polling page: 0x0000015c6c4b0000

Metaspace:

Usage:
  Non-class:    102.37 MB capacity,   100.27 MB ( 98%) used,     1.68 MB (  2%) free+waste,   417.94 KB ( <1%) overhead. 
      Class:     16.09 MB capacity,    14.80 MB ( 92%) used,     1.11 MB (  7%) free+waste,   190.81 KB (  1%) overhead. 
       Both:    118.46 MB capacity,   115.07 MB ( 97%) used,     2.79 MB (  2%) free+waste,   608.75 KB ( <1%) overhead. 

Virtual space:
  Non-class space:      104.00 MB reserved,     102.50 MB ( 99%) committed 
      Class space:        1.00 GB reserved,      16.32 MB (  2%) committed 
             Both:        1.10 GB reserved,     118.82 MB ( 11%) committed 

Chunk freelists:
   Non-Class:  73.00 KB
       Class:  161.00 KB
        Both:  234.00 KB

MaxMetaspaceSize: 17179869184.00 GB
CompressedClassSpaceSize: 1.00 GB
Initial GC threshold: 20.80 MB
Current GC threshold: 195.33 MB
CDS: off

CodeHeap 'non-profiled nmethods': size=120000Kb used=10645Kb max_used=10645Kb free=109354Kb
 bounds [0x0000015c07ad0000, 0x0000015c08540000, 0x0000015c0f000000]
CodeHeap 'profiled nmethods': size=120000Kb used=38704Kb max_used=38704Kb free=81295Kb
 bounds [0x0000015c005a0000, 0x0000015c02b70000, 0x0000015c07ad0000]
CodeHeap 'non-nmethods': size=5760Kb used=2446Kb max_used=2523Kb free=3313Kb
 bounds [0x0000015c00000000, 0x0000015c00280000, 0x0000015c005a0000]
 total_blobs=17844 nmethods=16877 adapters=877
 compilation: enabled
              stopped_count=0, restarted_count=0
 full_count=0

Compilation events (20 events):
Event: 37.623 Thread 0x0000015c7f881000 17162       3       org.gradle.internal.snapshot.SingletonChildMap::access$100 (7 bytes)
Event: 37.624 Thread 0x0000015c7f881000 nmethod 17162 0x0000015c02b53590 code [0x0000015c02b53740, 0x0000015c02b53848]
Event: 37.630 Thread 0x0000015c7f881000 17163       3       org.gradle.api.internal.project.DefaultProject::getTasks (5 bytes)
Event: 37.631 Thread 0x0000015c7f881000 nmethod 17163 0x0000015c02b53910 code [0x0000015c02b53ac0, 0x0000015c02b53c58]
Event: 37.631 Thread 0x0000015c7f881000 17164       3       org.gradle.api.internal.DefaultNamedDomainObjectCollection::findDomainObject (26 bytes)
Event: 37.631 Thread 0x0000015c7f881000 nmethod 17164 0x0000015c02b53d10 code [0x0000015c02b53ee0, 0x0000015c02b54128]
Event: 37.631 Thread 0x0000015c7f881000 17165       3       org.gradle.api.internal.DefaultNamedDomainObjectCollection$AbstractNamedDomainObjectProvider::<init> (20 bytes)
Event: 37.631 Thread 0x0000015c7f881000 nmethod 17165 0x0000015c02b54210 code [0x0000015c02b543e0, 0x0000015c02b546d8]
Event: 37.632 Thread 0x0000015c7f881000 17166       3       org.gradle.api.internal.DefaultNamedDomainObjectCollection::named (24 bytes)
Event: 37.632 Thread 0x0000015c7f881000 nmethod 17166 0x0000015c02b54810 code [0x0000015c02b54a20, 0x0000015c02b54fd8]
Event: 37.632 Thread 0x0000015c7f881000 17167       3       org.gradle.api.internal.tasks.DefaultTaskCollection::named (9 bytes)
Event: 37.633 Thread 0x0000015c7f881000 nmethod 17167 0x0000015c02b55190 code [0x0000015c02b553c0, 0x0000015c02b55bb8]
Event: 37.633 Thread 0x0000015c7f881000 17169       3       org.gradle.api.internal.DefaultNamedDomainObjectCollection::searchForDomainObject (37 bytes)
Event: 37.634 Thread 0x0000015c7f881000 nmethod 17169 0x0000015c02b55e10 code [0x0000015c02b56020, 0x0000015c02b56788]
Event: 37.634 Thread 0x0000015c7f881000 17168       3       kotlin.text.StringsKt__StringsKt::contains (70 bytes)
Event: 37.635 Thread 0x0000015c7f881000 nmethod 17168 0x0000015c02b56990 code [0x0000015c02b56c80, 0x0000015c02b57c28]
Event: 37.635 Thread 0x0000015c7f881000 17170       3       kotlin.text.StringsKt__StringsKt::indexOf$default (26 bytes)
Event: 37.636 Thread 0x0000015c7f878000 17171       4       java.util.Objects::checkIndex (7 bytes)
Event: 37.636 Thread 0x0000015c7f881000 nmethod 17170 0x0000015c02b58110 code [0x0000015c02b582c0, 0x0000015c02b58448]
Event: 37.636 Thread 0x0000015c7f878000 nmethod 17171 0x0000015c08534910 code [0x0000015c08534aa0, 0x0000015c08534b18]

GC Heap History (20 events):
Event: 26.220 GC heap before
{Heap before GC invocations=29 (full 0):
 garbage-first heap   total 199680K, used 149696K [0x00000006e0000000, 0x0000000800000000)
  region size 1024K, 65 young (66560K), 7 survivors (7168K)
 Metaspace       used 96313K, capacity 98613K, committed 99148K, reserved 1134592K
  class space    used 12331K, capacity 13189K, committed 13388K, reserved 1048576K
}
Event: 26.229 GC heap after
{Heap after GC invocations=30 (full 0):
 garbage-first heap   total 199680K, used 93089K [0x00000006e0000000, 0x0000000800000000)
  region size 1024K, 6 young (6144K), 6 survivors (6144K)
 Metaspace       used 96313K, capacity 98613K, committed 99148K, reserved 1134592K
  class space    used 12331K, capacity 13189K, committed 13388K, reserved 1048576K
}
Event: 27.349 GC heap before
{Heap before GC invocations=30 (full 0):
 garbage-first heap   total 199680K, used 152481K [0x00000006e0000000, 0x0000000800000000)
  region size 1024K, 65 young (66560K), 6 survivors (6144K)
 Metaspace       used 97531K, capacity 99771K, committed 99916K, reserved 1136640K
  class space    used 12447K, capacity 13313K, committed 13388K, reserved 1048576K
}
Event: 27.362 GC heap after
{Heap after GC invocations=31 (full 0):
 garbage-first heap   total 199680K, used 97175K [0x00000006e0000000, 0x0000000800000000)
  region size 1024K, 7 young (7168K), 7 survivors (7168K)
 Metaspace       used 97531K, capacity 99771K, committed 99916K, reserved 1136640K
  class space    used 12447K, capacity 13313K, committed 13388K, reserved 1048576K
}
Event: 27.774 GC heap before
{Heap before GC invocations=31 (full 0):
 garbage-first heap   total 199680K, used 156567K [0x00000006e0000000, 0x0000000800000000)
  region size 1024K, 66 young (67584K), 7 survivors (7168K)
 Metaspace       used 97551K, capacity 99902K, committed 100172K, reserved 1136640K
  class space    used 12447K, capacity 13313K, committed 13388K, reserved 1048576K
}
Event: 27.791 GC heap after
{Heap after GC invocations=32 (full 0):
 garbage-first heap   total 199680K, used 99784K [0x00000006e0000000, 0x0000000800000000)
  region size 1024K, 7 young (7168K), 7 survivors (7168K)
 Metaspace       used 97551K, capacity 99902K, committed 100172K, reserved 1136640K
  class space    used 12447K, capacity 13313K, committed 13388K, reserved 1048576K
}
Event: 28.882 GC heap before
{Heap before GC invocations=33 (full 0):
 garbage-first heap   total 199680K, used 159176K [0x00000006e0000000, 0x0000000800000000)
  region size 1024K, 66 young (67584K), 7 survivors (7168K)
 Metaspace       used 98003K, capacity 100332K, committed 100556K, reserved 1136640K
  class space    used 12491K, capacity 13365K, committed 13516K, reserved 1048576K
}
Event: 28.896 GC heap after
{Heap after GC invocations=34 (full 0):
 garbage-first heap   total 199680K, used 103191K [0x00000006e0000000, 0x0000000800000000)
  region size 1024K, 6 young (6144K), 6 survivors (6144K)
 Metaspace       used 98003K, capacity 100332K, committed 100556K, reserved 1136640K
  class space    used 12491K, capacity 13365K, committed 13516K, reserved 1048576K
}
Event: 29.822 GC heap before
{Heap before GC invocations=34 (full 0):
 garbage-first heap   total 199680K, used 161559K [0x00000006e0000000, 0x0000000800000000)
  region size 1024K, 64 young (65536K), 6 survivors (6144K)
 Metaspace       used 104351K, capacity 107176K, committed 107468K, reserved 1142784K
  class space    used 13427K, capacity 14463K, committed 14540K, reserved 1048576K
}
Event: 29.847 GC heap after
{Heap after GC invocations=35 (full 0):
 garbage-first heap   total 239616K, used 110022K [0x00000006e0000000, 0x0000000800000000)
  region size 1024K, 8 young (8192K), 8 survivors (8192K)
 Metaspace       used 104351K, capacity 107176K, committed 107468K, reserved 1142784K
  class space    used 13427K, capacity 14463K, committed 14540K, reserved 1048576K
}
Event: 31.079 GC heap before
{Heap before GC invocations=36 (full 0):
 garbage-first heap   total 239616K, used 181702K [0x00000006e0000000, 0x0000000800000000)
  region size 1024K, 79 young (80896K), 8 survivors (8192K)
 Metaspace       used 111246K, capacity 114769K, committed 115020K, reserved 1148928K
  class space    used 14551K, capacity 15893K, committed 15948K, reserved 1048576K
}
Event: 31.094 GC heap after
{Heap after GC invocations=37 (full 0):
 garbage-first heap   total 239616K, used 113953K [0x00000006e0000000, 0x0000000800000000)
  region size 1024K, 5 young (5120K), 5 survivors (5120K)
 Metaspace       used 111246K, capacity 114769K, committed 115020K, reserved 1148928K
  class space    used 14551K, capacity 15893K, committed 15948K, reserved 1048576K
}
Event: 31.694 GC heap before
{Heap before GC invocations=37 (full 0):
 garbage-first heap   total 239616K, used 185633K [0x00000006e0000000, 0x0000000800000000)
  region size 1024K, 76 young (77824K), 5 survivors (5120K)
 Metaspace       used 112306K, capacity 115935K, committed 116172K, reserved 1148928K
  class space    used 14657K, capacity 16036K, committed 16076K, reserved 1048576K
}
Event: 31.704 GC heap after
{Heap after GC invocations=38 (full 0):
 garbage-first heap   total 239616K, used 114462K [0x00000006e0000000, 0x0000000800000000)
  region size 1024K, 5 young (5120K), 5 survivors (5120K)
 Metaspace       used 112306K, capacity 115935K, committed 116172K, reserved 1148928K
  class space    used 14657K, capacity 16036K, committed 16076K, reserved 1048576K
}
Event: 32.503 GC heap before
{Heap before GC invocations=39 (full 0):
 garbage-first heap   total 239616K, used 188190K [0x00000006e0000000, 0x0000000800000000)
  region size 1024K, 78 young (79872K), 5 survivors (5120K)
 Metaspace       used 112021K, capacity 115273K, committed 116172K, reserved 1148928K
  class space    used 14501K, capacity 15728K, committed 16076K, reserved 1048576K
}
Event: 32.514 GC heap after
{Heap after GC invocations=40 (full 0):
 garbage-first heap   total 239616K, used 115346K [0x00000006e0000000, 0x0000000800000000)
  region size 1024K, 6 young (6144K), 6 survivors (6144K)
 Metaspace       used 112021K, capacity 115273K, committed 116172K, reserved 1148928K
  class space    used 14501K, capacity 15728K, committed 16076K, reserved 1048576K
}
Event: 35.177 GC heap before
{Heap before GC invocations=40 (full 0):
 garbage-first heap   total 239616K, used 192146K [0x00000006e0000000, 0x0000000800000000)
  region size 1024K, 82 young (83968K), 6 survivors (6144K)
 Metaspace       used 112463K, capacity 115681K, committed 116684K, reserved 1150976K
  class space    used 14514K, capacity 15739K, committed 16076K, reserved 1048576K
}
Event: 35.187 GC heap after
{Heap after GC invocations=41 (full 0):
 garbage-first heap   total 287744K, used 114505K [0x00000006e0000000, 0x0000000800000000)
  region size 1024K, 5 young (5120K), 5 survivors (5120K)
 Metaspace       used 112463K, capacity 115681K, committed 116684K, reserved 1150976K
  class space    used 14514K, capacity 15739K, committed 16076K, reserved 1048576K
}
Event: 37.039 GC heap before
{Heap before GC invocations=42 (full 0):
 garbage-first heap   total 287744K, used 192329K [0x00000006e0000000, 0x0000000800000000)
  region size 1024K, 65 young (66560K), 5 survivors (5120K)
 Metaspace       used 115920K, capacity 119415K, committed 120012K, reserved 1153024K
  class space    used 14948K, capacity 16277K, committed 16588K, reserved 1048576K
}
Event: 37.056 GC heap after
{Heap after GC invocations=43 (full 0):
 garbage-first heap   total 287744K, used 136210K [0x00000006e0000000, 0x0000000800000000)
  region size 1024K, 8 young (8192K), 8 survivors (8192K)
 Metaspace       used 115920K, capacity 119415K, committed 120012K, reserved 1153024K
  class space    used 14948K, capacity 16277K, committed 16588K, reserved 1048576K
}

Deoptimization events (20 events):
Event: 37.591 Thread 0x0000015c11752000 Uncommon trap: trap_request=0xffffffde fr.pc=0x0000015c08087870 relative=0x0000000000000150
Event: 37.591 Thread 0x0000015c11752000 Uncommon trap: reason=class_check action=maybe_recompile pc=0x0000015c08087870 method=java.lang.reflect.Array.newInstance(Ljava/lang/Class;I)Ljava/lang/Object; @ 2 c2
Event: 37.591 Thread 0x0000015c11752000 DEOPT PACKING pc=0x0000015c08087870 sp=0x00000024d2afa3b0
Event: 37.591 Thread 0x0000015c11752000 DEOPT UNPACKING pc=0x0000015c0004a1af sp=0x00000024d2afa348 mode 2
Event: 37.591 Thread 0x0000015c11752000 Uncommon trap: trap_request=0xffffff4d fr.pc=0x0000015c07e0dc7c relative=0x000000000000027c
Event: 37.591 Thread 0x0000015c11752000 Uncommon trap: reason=unstable_if action=reinterpret pc=0x0000015c07e0dc7c method=java.lang.Class.getTypeName()Ljava/lang/String; @ 23 c2
Event: 37.591 Thread 0x0000015c11752000 DEOPT PACKING pc=0x0000015c07e0dc7c sp=0x00000024d2afa7a0
Event: 37.591 Thread 0x0000015c11752000 DEOPT UNPACKING pc=0x0000015c0004a1af sp=0x00000024d2afa768 mode 2
Event: 37.616 Thread 0x0000015c11752000 Uncommon trap: trap_request=0xffffff4d fr.pc=0x0000015c07bae5a0 relative=0x0000000000000440
Event: 37.616 Thread 0x0000015c11752000 Uncommon trap: reason=unstable_if action=reinterpret pc=0x0000015c07bae5a0 method=sun.nio.cs.UTF_8$Encoder.encodeArrayLoop(Ljava/nio/CharBuffer;Ljava/nio/ByteBuffer;)Ljava/nio/charset/CoderResult; @ 113 c2
Event: 37.616 Thread 0x0000015c11752000 DEOPT PACKING pc=0x0000015c07bae5a0 sp=0x00000024d2afb160
Event: 37.616 Thread 0x0000015c11752000 DEOPT UNPACKING pc=0x0000015c0004a1af sp=0x00000024d2afb0c8 mode 2
Event: 37.644 Thread 0x0000015c11752000 Uncommon trap: trap_request=0xffffffde fr.pc=0x0000015c0825a5f4 relative=0x0000000000001454
Event: 37.644 Thread 0x0000015c11752000 Uncommon trap: reason=class_check action=maybe_recompile pc=0x0000015c0825a5f4 method=org.gradle.internal.logging.sink.OutputEventTransformer.onOutput(Lorg/gradle/internal/logging/events/OutputEvent;)V @ 328 c2
Event: 37.644 Thread 0x0000015c11752000 DEOPT PACKING pc=0x0000015c0825a5f4 sp=0x00000024d2afcda0
Event: 37.644 Thread 0x0000015c11752000 DEOPT UNPACKING pc=0x0000015c0004a1af sp=0x00000024d2afcd78 mode 2
Event: 37.644 Thread 0x0000015c11752000 Uncommon trap: trap_request=0xffffffde fr.pc=0x0000015c084a61e8 relative=0x0000000000000468
Event: 37.644 Thread 0x0000015c11752000 Uncommon trap: reason=class_check action=maybe_recompile pc=0x0000015c084a61e8 method=org.gradle.internal.operations.logging.LoggingBuildOperationProgressBroadcaster.onOutput(Lorg/gradle/internal/logging/events/OutputEvent;)V @ 8 c2
Event: 37.644 Thread 0x0000015c11752000 DEOPT PACKING pc=0x0000015c084a61e8 sp=0x00000024d2afce30
Event: 37.644 Thread 0x0000015c11752000 DEOPT UNPACKING pc=0x0000015c0004a1af sp=0x00000024d2afcda0 mode 2

Classes redefined (0 events):
No events

Internal exceptions (20 events):
Event: 35.218 Thread 0x0000015c11f21000 Exception <a 'java/lang/NoSuchMethodError'{0x00000006f1798eb8}: <clinit>> (0x00000006f1798eb8) thrown at [./src/hotspot/share/prims/jni.cpp, line 1365]
Event: 35.302 Thread 0x0000015c16f40800 Exception <a 'java/lang/NoSuchMethodError'{0x00000006f15539c8}: <clinit>> (0x00000006f15539c8) thrown at [./src/hotspot/share/prims/jni.cpp, line 1365]
Event: 35.727 Thread 0x0000015c1a687800 Exception <a 'sun/nio/fs/WindowsException'{0x00000006f0092908}> (0x00000006f0092908) thrown at [./src/hotspot/share/prims/jni.cpp, line 615]
Event: 36.158 Thread 0x0000015c1a687800 Exception <a 'sun/nio/fs/WindowsException'{0x00000006ef545ae8}> (0x00000006ef545ae8) thrown at [./src/hotspot/share/prims/jni.cpp, line 615]
Event: 36.509 Thread 0x0000015c16f40800 Exception <a 'java/lang/NoSuchMethodError'{0x00000006eeb10890}: <clinit>> (0x00000006eeb10890) thrown at [./src/hotspot/share/prims/jni.cpp, line 1365]
Event: 36.511 Thread 0x0000015c16f40800 Exception <a 'java/lang/NoSuchMethodError'{0x00000006eeb23298}: <clinit>> (0x00000006eeb23298) thrown at [./src/hotspot/share/prims/jni.cpp, line 1365]
Event: 36.596 Thread 0x0000015c16f3e000 Implicit null exception at 0x0000015c083c83e2 to 0x0000015c083c8c9c
Event: 36.647 Thread 0x0000015c16f3e000 Exception <a 'sun/nio/fs/WindowsException'{0x00000006ee9891c8}> (0x00000006ee9891c8) thrown at [./src/hotspot/share/prims/jni.cpp, line 615]
Event: 36.659 Thread 0x0000015c16f3e000 Implicit null exception at 0x0000015c081eb044 to 0x0000015c081ee8bc
Event: 36.770 Thread 0x0000015c16f3e000 Exception <a 'java/lang/NoSuchMethodError'{0x00000006ee839bf8}: 'java.lang.Object java.lang.invoke.DirectMethodHandle$Holder.invokeStatic(java.lang.Object, java.lang.Object, java.lang.Object, java.lang.Object, java.lang.Object, int, java.lang.Object)'> (0x00000006ee839bf8) thrown at [./src/hotspot/share/interpreter/linkResolver.cpp, line 773]
Event: 36.771 Thread 0x0000015c16f3e000 Exception <a 'java/lang/NoSuchMethodError'{0x00000006ee840df8}: 'java.lang.Object java.lang.invoke.Invokers$Holder.linkToTargetMethod(java.lang.Object, java.lang.Object, java.lang.Object, java.lang.Object, int, java.lang.Object, java.lang.Object)'> (0x00000006ee840df8) thrown at [./src/hotspot/share/interpreter/linkResolver.cpp, line 773]
Event: 36.830 Thread 0x0000015c16f3e000 Exception <a 'java/lang/NoSuchMethodError'{0x00000006ee429df0}: 'java.lang.Object java.lang.invoke.DirectMethodHandle$Holder.invokeStatic(java.lang.Object, java.lang.Object, java.lang.Object, java.lang.Object, java.lang.Object, java.lang.Object, java.lang.Object, int)'> (0x00000006ee429df0) thrown at [./src/hotspot/share/interpreter/linkResolver.cpp, line 773]
Event: 36.830 Thread 0x0000015c16f3e000 Exception <a 'java/lang/NoSuchMethodError'{0x00000006ee42e228}: 'java.lang.Object java.lang.invoke.DirectMethodHandle$Holder.invokeSpecial(java.lang.Object, java.lang.Object, java.lang.Object, java.lang.Object, java.lang.Object, java.lang.Object, java.lang.Object, java.lang.Object, int)'> (0x00000006ee42e228) thrown at [./src/hotspot/share/interpreter/linkResolver.cpp, line 773]
Event: 36.830 Thread 0x0000015c16f3e000 Exception <a 'java/lang/NoSuchMethodError'{0x00000006ee431fe0}: 'java.lang.Object java.lang.invoke.Invokers$Holder.linkToTargetMethod(java.lang.Object, java.lang.Object, java.lang.Object, java.lang.Object, java.lang.Object, java.lang.Object, int, java.lang.Object)'> (0x00000006ee431fe0) thrown at [./src/hotspot/share/interpreter/linkResolver.cpp, line 773]
Event: 37.158 Thread 0x0000015c16f3e000 Exception <a 'java/lang/NoSuchMethodError'{0x00000006f17d8678}: 'java.lang.Object java.lang.invoke.DirectMethodHandle$Holder.invokeVirtual(java.lang.Object, java.lang.Object, int)'> (0x00000006f17d8678) thrown at [./src/hotspot/share/interpreter/linkResolver.cpp, line 773]
Event: 37.161 Thread 0x0000015c16f3e000 Implicit null exception at 0x0000015c07c8346e to 0x0000015c07c83490
Event: 37.514 Thread 0x0000015c1a690000 Exception <a 'sun/nio/fs/WindowsException'{0x00000006f15695e8}> (0x00000006f15695e8) thrown at [./src/hotspot/share/prims/jni.cpp, line 615]
Event: 37.543 Thread 0x0000015c11752000 Exception <a 'sun/nio/fs/WindowsException'{0x00000006f149fca0}> (0x00000006f149fca0) thrown at [./src/hotspot/share/prims/jni.cpp, line 615]
Event: 37.543 Thread 0x0000015c11752000 Exception <a 'sun/nio/fs/WindowsException'{0x00000006f149fd20}> (0x00000006f149fd20) thrown at [./src/hotspot/share/prims/jni.cpp, line 615]
Event: 37.543 Thread 0x0000015c11752000 Exception <a 'sun/nio/fs/WindowsException'{0x00000006f14a1708}> (0x00000006f14a1708) thrown at [./src/hotspot/share/prims/jni.cpp, line 615]

Events (20 events):
Event: 37.625 loading class com/google/wireless/android/sdk/stats/DynamicLayoutInspectorEventOrBuilder done
Event: 37.626 loading class com/google/wireless/android/sdk/stats/GradleVersionCatalogDetectorEventOrBuilder
Event: 37.626 loading class com/google/wireless/android/sdk/stats/GradleVersionCatalogDetectorEventOrBuilder done
Event: 37.626 loading class com/google/wireless/android/sdk/stats/UpgradeAssistantComponentEventOrBuilder
Event: 37.626 loading class com/google/wireless/android/sdk/stats/UpgradeAssistantComponentEventOrBuilder done
Event: 37.627 loading class org/jetbrains/kotlin/statistics/metrics/SumMetricContainer
Event: 37.627 loading class org/jetbrains/kotlin/statistics/metrics/SumMetricContainer done
Event: 37.637 loading class org/jetbrains/kotlin/gradle/plugin/internal/state/TaskLoggers
Event: 37.637 loading class org/jetbrains/kotlin/gradle/plugin/internal/state/TaskLoggers done
Event: 37.637 loading class org/jetbrains/kotlin/gradle/plugin/internal/state/TaskExecutionResults
Event: 37.637 loading class org/jetbrains/kotlin/gradle/plugin/internal/state/TaskExecutionResults done
Event: 37.641 loading class org/gradle/cache/internal/InMemoryCacheController
Event: 37.641 loading class org/gradle/cache/internal/InMemoryCacheController done
Event: 37.641 loading class org/gradle/cache/internal/InMemoryCacheController
Event: 37.641 loading class org/gradle/cache/internal/InMemoryCacheController done
Event: 37.643 loading class org/gradle/internal/buildtree/ProblemReportingBuildActionRunner
Event: 37.643 loading class org/gradle/internal/buildtree/ProblemReportingBuildActionRunner done
Event: 37.645 loading class org/gradle/internal/logging/text/AbstractStyledTextOutput$StyleOverrideTextOutput
Event: 37.645 loading class org/gradle/internal/logging/text/AbstractStyledTextOutput$StyleOverrideTextOutput done
Event: 37.645 Executing VM operation: Deoptimize


Dynamic libraries:
0x00007ff749890000 - 0x00007ff74989a000 	D:\AndroidStudio\jre\bin\java.exe
0x00007ff840ad0000 - 0x00007ff840cc8000 	C:\WINDOWS\SYSTEM32\ntdll.dll
0x00007ff83f240000 - 0x00007ff83f2fd000 	C:\WINDOWS\System32\KERNEL32.DLL
0x00007ff83e200000 - 0x00007ff83e4f6000 	C:\WINDOWS\System32\KERNELBASE.dll
0x00007ff83e7d0000 - 0x00007ff83e8d0000 	C:\WINDOWS\System32\ucrtbase.dll
0x00007ff8296a0000 - 0x00007ff8296b9000 	D:\AndroidStudio\jre\bin\jli.dll
0x00007ff829680000 - 0x00007ff829697000 	D:\AndroidStudio\jre\bin\VCRUNTIME140.dll
0x00007ff83eda0000 - 0x00007ff83ef3e000 	C:\WINDOWS\System32\USER32.dll
0x00007ff826c20000 - 0x00007ff826eba000 	C:\WINDOWS\WinSxS\amd64_microsoft.windows.common-controls_6595b64144ccf1df_6.0.19041.3636_none_60b6a03d71f818d5\COMCTL32.dll
0x00007ff83f6d0000 - 0x00007ff83f76e000 	C:\WINDOWS\System32\msvcrt.dll
0x00007ff83efc0000 - 0x00007ff83efec000 	C:\WINDOWS\System32\GDI32.dll
0x00007ff83e970000 - 0x00007ff83e992000 	C:\WINDOWS\System32\win32u.dll
0x00007ff83ea10000 - 0x00007ff83eb2a000 	C:\WINDOWS\System32\gdi32full.dll
0x00007ff83e8d0000 - 0x00007ff83e96d000 	C:\WINDOWS\System32\msvcp_win.dll
0x00007ff83eb30000 - 0x00007ff83eb60000 	C:\WINDOWS\System32\IMM32.DLL
0x00007ff81ece0000 - 0x00007ff81ed7d000 	D:\AndroidStudio\jre\bin\msvcp140.dll
0x00007fffd3ae0000 - 0x00007fffd45c5000 	D:\AndroidStudio\jre\bin\server\jvm.dll
0x00007ff83f7e0000 - 0x00007ff83f88f000 	C:\WINDOWS\System32\ADVAPI32.dll
0x00007ff83ed00000 - 0x00007ff83ed9c000 	C:\WINDOWS\System32\sechost.dll
0x00007ff83f4a0000 - 0x00007ff83f5c6000 	C:\WINDOWS\System32\RPCRT4.dll
0x00007ff83f900000 - 0x00007ff83f908000 	C:\WINDOWS\System32\PSAPI.DLL
0x00007ff8346f0000 - 0x00007ff834717000 	C:\WINDOWS\SYSTEM32\WINMM.dll
0x00007ff8397f0000 - 0x00007ff8397f9000 	C:\WINDOWS\SYSTEM32\WSOCK32.dll
0x00007ff837390000 - 0x00007ff83739a000 	C:\WINDOWS\SYSTEM32\VERSION.dll
0x00007ff83f770000 - 0x00007ff83f7db000 	C:\WINDOWS\System32\WS2_32.dll
0x00007ff83c9c0000 - 0x00007ff83c9d2000 	C:\WINDOWS\SYSTEM32\kernel.appcore.dll
0x00007ff80fb50000 - 0x00007ff80fb61000 	D:\AndroidStudio\jre\bin\verify.dll
0x00007ff83bcc0000 - 0x00007ff83bea4000 	C:\WINDOWS\SYSTEM32\DBGHELP.DLL
0x00007ff82da10000 - 0x00007ff82da44000 	C:\WINDOWS\SYSTEM32\dbgcore.DLL
0x00007ff83e500000 - 0x00007ff83e582000 	C:\WINDOWS\System32\bcryptPrimitives.dll
0x00007ff80d290000 - 0x00007ff80d2b9000 	D:\AndroidStudio\jre\bin\java.dll
0x00007ff837760000 - 0x00007ff83776b000 	D:\AndroidStudio\jre\bin\jimage.dll
0x00007ff80d270000 - 0x00007ff80d288000 	D:\AndroidStudio\jre\bin\zip.dll
0x00007ff83fd80000 - 0x00007ff8404c5000 	C:\WINDOWS\System32\SHELL32.dll
0x00007ff83beb0000 - 0x00007ff83c64b000 	C:\WINDOWS\SYSTEM32\windows.storage.dll
0x00007ff840730000 - 0x00007ff840a84000 	C:\WINDOWS\System32\combase.dll
0x00007ff83db20000 - 0x00007ff83db4d000 	C:\WINDOWS\SYSTEM32\Wldp.dll
0x00007ff83ebc0000 - 0x00007ff83ec6d000 	C:\WINDOWS\System32\SHCORE.dll
0x00007ff83f360000 - 0x00007ff83f3b5000 	C:\WINDOWS\System32\shlwapi.dll
0x00007ff83e0e0000 - 0x00007ff83e105000 	C:\WINDOWS\SYSTEM32\profapi.dll
0x00007ff80d250000 - 0x00007ff80d26a000 	D:\AndroidStudio\jre\bin\net.dll
0x00007ff8352f0000 - 0x00007ff8353fa000 	C:\WINDOWS\SYSTEM32\WINHTTP.dll
0x00007ff83d880000 - 0x00007ff83d8ea000 	C:\WINDOWS\system32\mswsock.dll
0x00007ff80d230000 - 0x00007ff80d244000 	D:\AndroidStudio\jre\bin\nio.dll
0x00007ff839570000 - 0x00007ff839597000 	C:\Users\1661322\.gradle\native\e1d6ef7f7dcc3fd88c89a11ec53ec762bb8ba0a96d01ffa2cd45eb1d1d8dd5c5\windows-amd64\native-platform.dll
0x00007ff81e800000 - 0x00007ff81e944000 	C:\Users\1661322\.gradle\native\5664cfc778a61ccfe75a443a1ab52a65af34e5dc3c78e0209fed803814484fcb\windows-amd64\native-platform-file-events.dll
0x00007ff80d220000 - 0x00007ff80d22a000 	D:\AndroidStudio\jre\bin\management.dll
0x00007ff80d210000 - 0x00007ff80d21d000 	D:\AndroidStudio\jre\bin\management_ext.dll
0x00007ff83da70000 - 0x00007ff83da88000 	C:\WINDOWS\SYSTEM32\CRYPTSP.dll
0x00007ff83d170000 - 0x00007ff83d1a4000 	C:\WINDOWS\system32\rsaenh.dll
0x00007ff83e6f0000 - 0x00007ff83e717000 	C:\WINDOWS\System32\bcrypt.dll
0x00007ff83e060000 - 0x00007ff83e08e000 	C:\WINDOWS\SYSTEM32\USERENV.dll
0x00007ff83da90000 - 0x00007ff83da9c000 	C:\WINDOWS\SYSTEM32\CRYPTBASE.dll
0x00007ff83d540000 - 0x00007ff83d57b000 	C:\WINDOWS\SYSTEM32\IPHLPAPI.DLL
0x00007ff83f490000 - 0x00007ff83f498000 	C:\WINDOWS\System32\NSI.dll
0x00007ff835e20000 - 0x00007ff835e37000 	C:\WINDOWS\SYSTEM32\dhcpcsvc6.DLL
0x00007ff836990000 - 0x00007ff8369ad000 	C:\WINDOWS\SYSTEM32\dhcpcsvc.DLL
0x00007ff83d590000 - 0x00007ff83d65a000 	C:\WINDOWS\SYSTEM32\DNSAPI.dll
0x00007fffd6310000 - 0x00007fffd6337000 	D:\AndroidStudio\jre\bin\sunec.dll

dbghelp: loaded successfully - version: 4.0.5 - missing functions: none
symbol engine: initialized successfully - sym options: 0x614 - pdb path: .;D:\AndroidStudio\jre\bin;C:\WINDOWS\SYSTEM32;C:\WINDOWS\WinSxS\amd64_microsoft.windows.common-controls_6595b64144ccf1df_6.0.19041.3636_none_60b6a03d71f818d5;D:\AndroidStudio\jre\bin\server;C:\Users\1661322\.gradle\native\e1d6ef7f7dcc3fd88c89a11ec53ec762bb8ba0a96d01ffa2cd45eb1d1d8dd5c5\windows-amd64;C:\Users\1661322\.gradle\native\5664cfc778a61ccfe75a443a1ab52a65af34e5dc3c78e0209fed803814484fcb\windows-amd64

VM Arguments:
jvm_args: --add-opens=java.base/java.util=ALL-UNNAMED --add-opens=java.base/java.lang=ALL-UNNAMED --add-opens=java.base/java.lang.invoke=ALL-UNNAMED --add-opens=java.base/java.util=ALL-UNNAMED --add-opens=java.prefs/java.util.prefs=ALL-UNNAMED --add-opens=java.prefs/java.util.prefs=ALL-UNNAMED --add-opens=java.base/java.nio.charset=ALL-UNNAMED --add-opens=java.base/java.net=ALL-UNNAMED --add-opens=java.base/java.util.concurrent.atomic=ALL-UNNAMED -Xmx4608m -Dfile.encoding=UTF-8 -Duser.country=RU -Duser.language=ru -Duser.variant 
java_command: org.gradle.launcher.daemon.bootstrap.GradleDaemon 7.3.3
java_class_path (initial): C:\Users\1661322\.gradle\wrapper\dists\gradle-7.3.3-bin\6a41zxkdtcxs8rphpq6y0069z\gradle-7.3.3\lib\gradle-launcher-7.3.3.jar
Launcher Type: SUN_STANDARD

[Global flags]
     intx CICompilerCount                          = 4                                         {product} {ergonomic}
     uint ConcGCThreads                            = 2                                         {product} {ergonomic}
     uint G1ConcRefinementThreads                  = 8                                         {product} {ergonomic}
   size_t G1HeapRegionSize                         = 1048576                                   {product} {ergonomic}
    uintx GCDrainStackTargetSize                   = 64                                        {product} {ergonomic}
   size_t InitialHeapSize                          = 117440512                                 {product} {ergonomic}
   size_t MarkStackSize                            = 4194304                                   {product} {ergonomic}
   size_t MaxHeapSize                              = 4831838208                                {product} {command line}
   size_t MaxNewSize                               = 2898264064                                {product} {ergonomic}
   size_t MinHeapDeltaBytes                        = 1048576                                   {product} {ergonomic}
    uintx NonNMethodCodeHeapSize                   = 5836300                                {pd product} {ergonomic}
    uintx NonProfiledCodeHeapSize                  = 122910970                              {pd product} {ergonomic}
    uintx ProfiledCodeHeapSize                     = 122910970                              {pd product} {ergonomic}
    uintx ReservedCodeCacheSize                    = 251658240                              {pd product} {ergonomic}
     bool SegmentedCodeCache                       = true                                      {product} {ergonomic}
     bool UseCompressedClassPointers               = true                                 {lp64_product} {ergonomic}
     bool UseCompressedOops                        = true                                 {lp64_product} {ergonomic}
     bool UseG1GC                                  = true                                      {product} {ergonomic}
     bool UseLargePagesIndividualAllocation        = false                                  {pd product} {ergonomic}

Logging:
Log output configuration:
 #0: stdout all=warning uptime,level,tags
 #1: stderr all=off uptime,level,tags

Environment Variables:
PATH=C:\ProgramData\Oracle\Java\javapath;D:\Python310\Scripts\;D:\Python310\;C:\Users\1661322\gcc\bin;C:\Users\1661322\gcc\libexec\gcc\x86_64-w64-mingw32\9.2.0;C:\Program Files\Common Files\Oracle\Java\javapath;C:\WINDOWS\system32;C:\WINDOWS;C:\WINDOWS\System32\Wbem;C:\WINDOWS\System32\WindowsPowerShell\v1.0\;C:\WINDOWS\System32\OpenSSH\;D:\bin;C:\Program Files\Microsoft SQL Server\130\Tools\Binn\;C:\Program Files\Git\cmd;C:\Program Files\MATLAB\R2021b\bin;D:\Downloads\php-8.1.4-nts-Win32-vs16-x64;D:\Apache;D:\Downloads\apache-maven-3.8.6-bin\apache-maven-3.8.6\bin;C:\Program Files\MySQL\MySQL Shell 8.0\bin\;C:\Users\1661322\AppData\Local\Microsoft\WindowsApps;C:\Users\1661322\.dotnet\tools;C:\Users\1661322\AppData\Local\GitHubDesktop\bin;C:\Users\1661322\AppData\Local\atom\bin;C:\Users\1661322\AppData\Roaming\Composer\vendor\bin;C:\Users\1661322\AppData\Local\Programs\Microsoft VS Code\bin;D:\Documents\latex\texlive\2023\bin\windows
USERNAME=Matttax
OS=Windows_NT
PROCESSOR_IDENTIFIER=AMD64 Family 23 Model 24 Stepping 1, AuthenticAMD



---------------  S Y S T E M  ---------------

OS: Windows 10 , 64 bit Build 19041 (10.0.19041.3636)
OS uptime: 0 days 20:36 hours
Hyper-V role detected

CPU:total 8 (initial active 8) (8 cores per cpu, 2 threads per core) family 23 model 24 stepping 1 microcode 0x0, cmov, cx8, fxsr, mmx, sse, sse2, sse3, ssse3, sse4.1, sse4.2, popcnt, avx, avx2, aes, clmul, mmxext, 3dnowpref, lzcnt, sse4a, ht, tsc, tscinvbit, tscinv, bmi1, bmi2, adx, sha, fma

Memory: 4k page, system-wide physical 7103M (925M free)
TotalPageFile size 9520M (AvailPageFile size 2M)
current process WorkingSet (physical memory assigned to process): 647M, peak: 647M
current process commit charge ("private bytes"): 686M, peak: 688M

vm_info: OpenJDK 64-Bit Server VM (11.0.12+7-b1504.28-7817840) for windows-amd64 JRE (11.0.12+7-b1504.28-7817840), built on Oct 13 2021 22:12:33 by "builder" with MS VC++ 14.0 (VS2015)

END.
